ARM GAS  C:\Users\User\AppData\Local\Temp\ccSEB1iV.s 			page 1


   1              		.cpu cortex-m4
   2              		.eabi_attribute 27, 1
   3              		.eabi_attribute 28, 1
   4              		.eabi_attribute 20, 1
   5              		.eabi_attribute 21, 1
   6              		.eabi_attribute 23, 3
   7              		.eabi_attribute 24, 1
   8              		.eabi_attribute 25, 1
   9              		.eabi_attribute 26, 1
  10              		.eabi_attribute 30, 1
  11              		.eabi_attribute 34, 1
  12              		.eabi_attribute 18, 4
  13              		.file	"lv_demo_printer.c"
  14              		.text
  15              	.Ltext0:
  16              		.cfi_sections	.debug_frame
  17              	.Letext0:
  18              		.file 1 "c:\\stm32\\gnu mcu eclipse\\arm embedded gcc\\8.2.1-1.4-20190214-0604\\arm-none-eabi\\inc
  19              		.file 2 "c:\\stm32\\gnu mcu eclipse\\arm embedded gcc\\8.2.1-1.4-20190214-0604\\arm-none-eabi\\inc
  20              		.file 3 "lvgl/lv_conf.h"
  21              		.file 4 "c:\\_project\\stm32\\f407ve\\HACK_RF_NEW\\lvgl\\src/lv_misc/lv_mem.h"
  22              		.file 5 "c:\\stm32\\gnu mcu eclipse\\arm embedded gcc\\8.2.1-1.4-20190214-0604\\arm-none-eabi\\inc
  23              		.file 6 "c:\\stm32\\gnu mcu eclipse\\arm embedded gcc\\8.2.1-1.4-20190214-0604\\arm-none-eabi\\inc
  24              		.file 7 "c:\\stm32\\gnu mcu eclipse\\arm embedded gcc\\8.2.1-1.4-20190214-0604\\lib\\gcc\\arm-none
  25              		.file 8 "c:\\stm32\\gnu mcu eclipse\\arm embedded gcc\\8.2.1-1.4-20190214-0604\\arm-none-eabi\\inc
  26              		.file 9 "c:\\_project\\stm32\\f407ve\\HACK_RF_NEW\\lvgl\\src\\lv_font\\lv_font.h"
  27              		.file 10 "c:\\_project\\stm32\\f407ve\\HACK_RF_NEW\\lvgl\\src\\lv_misc\\lv_anim.h"
  28              		.file 11 "c:\\_project\\stm32\\f407ve\\HACK_RF_NEW\\lvgl\\src\\lv_misc\\lv_txt.h"
  29              		.file 12 "c:\\_project\\stm32\\f407ve\\HACK_RF_NEW\\lvgl\\src\\lv_draw\\lv_draw_label.h"
ARM GAS  C:\Users\User\AppData\Local\Temp\ccSEB1iV.s 			page 2


DEFINED SYMBOLS
                            *ABS*:0000000000000000 lv_demo_printer.c

NO UNDEFINED SYMBOLS
