ARM GAS  D:\Temp\cc0h0ZCA.s 			page 1


   1              		.cpu cortex-m4
   2              		.eabi_attribute 27, 1
   3              		.eabi_attribute 28, 1
   4              		.eabi_attribute 20, 1
   5              		.eabi_attribute 21, 1
   6              		.eabi_attribute 23, 3
   7              		.eabi_attribute 24, 1
   8              		.eabi_attribute 25, 1
   9              		.eabi_attribute 26, 1
  10              		.eabi_attribute 30, 1
  11              		.eabi_attribute 34, 1
  12              		.eabi_attribute 18, 4
  13              		.file	"lv_font_montserrat_12_compr_az.c"
  14              		.text
  15              	.Ltext0:
  16              		.cfi_sections	.debug_frame
  17              		.global	lv_font_montserrat_12_compr_az
  18              		.section	.data.font_dsc,"aw"
  19              		.align	2
  22              	font_dsc:
  23 0000 00000000 		.word	gylph_bitmap
  24 0004 00000000 		.word	glyph_dsc
  25 0008 00000000 		.word	cmaps
  26 000c 00000000 		.word	kern_classes
  27 0010 1000     		.short	16
  28 0012 02       		.byte	2
  29 0013 50       		.byte	80
  30 0014 01       		.byte	1
  31 0015 00000000 		.space	11
  31      00000000 
  31      000000
  32              		.section	.data.lv_font_montserrat_12_compr_az,"aw"
  33              		.align	2
  36              	lv_font_montserrat_12_compr_az:
  37 0000 00000000 		.word	lv_font_get_glyph_dsc_fmt_txt
  38 0004 00000000 		.word	lv_font_get_bitmap_fmt_txt
  39 0008 0D00     		.short	13
  40 000a 0300     		.short	3
  41 000c 00       		.byte	0
  42 000d 000000   		.space	3
  43 0010 00000000 		.word	font_dsc
  44              		.section	.rodata.cmaps,"a"
  45              		.align	2
  48              	cmaps:
  49 0000 20000000 		.word	32
  50 0004 0100     		.short	1
  51 0006 0100     		.short	1
  52 0008 00000000 		.word	0
  53 000c 00000000 		.word	0
  54 0010 0000     		.short	0
  55 0012 00       		.byte	0
  56 0013 00       		.space	1
  57 0014 61000000 		.word	97
  58 0018 1A00     		.short	26
  59 001a 0200     		.short	2
  60 001c 00000000 		.word	0
  61 0020 00000000 		.word	0
ARM GAS  D:\Temp\cc0h0ZCA.s 			page 2


  62 0024 0000     		.short	0
  63 0026 00       		.byte	0
  64 0027 00       		.space	1
  65              		.section	.rodata.glyph_dsc,"a"
  66              		.align	2
  69              	glyph_dsc:
  70 0000 00       		.byte	0
  71 0001 00       		.byte	0
  72 0002 00       		.byte	0
  73 0003 00       		.byte	0
  74 0004 00       		.byte	0
  75 0005 00       		.byte	0
  76 0006 00       		.byte	0
  77 0007 00       		.byte	0
  78 0008 00       		.byte	0
  79 0009 00       		.byte	0
  80 000a 40       		.byte	64
  81 000b 03       		.byte	3
  82 000c 00       		.byte	0
  83 000d 00       		.byte	0
  84 000e 00       		.byte	0
  85 000f 00       		.byte	0
  86 0010 00       		.byte	0
  87 0011 00       		.byte	0
  88 0012 30       		.byte	48
  89 0013 07       		.byte	7
  90 0014 07       		.byte	7
  91 0015 07       		.byte	7
  92 0016 00       		.byte	0
  93 0017 00       		.byte	0
  94 0018 19       		.byte	25
  95 0019 00       		.byte	0
  96 001a 30       		.byte	48
  97 001b 08       		.byte	8
  98 001c 07       		.byte	7
  99 001d 0A       		.byte	10
 100 001e 01       		.byte	1
 101 001f 00       		.byte	0
 102 0020 35       		.byte	53
 103 0021 00       		.byte	0
 104 0022 E0       		.byte	224
 105 0023 06       		.byte	6
 106 0024 07       		.byte	7
 107 0025 07       		.byte	7
 108 0026 00       		.byte	0
 109 0027 00       		.byte	0
 110 0028 4C       		.byte	76
 111 0029 00       		.byte	0
 112 002a 30       		.byte	48
 113 002b 08       		.byte	8
 114 002c 08       		.byte	8
 115 002d 0A       		.byte	10
 116 002e 00       		.byte	0
 117 002f 00       		.byte	0
 118 0030 6E       		.byte	110
 119 0031 00       		.byte	0
 120 0032 60       		.byte	96
ARM GAS  D:\Temp\cc0h0ZCA.s 			page 3


 121 0033 07       		.byte	7
 122 0034 07       		.byte	7
 123 0035 07       		.byte	7
 124 0036 00       		.byte	0
 125 0037 00       		.byte	0
 126 0038 86       		.byte	134
 127 0039 00       		.byte	0
 128 003a 40       		.byte	64
 129 003b 04       		.byte	4
 130 003c 05       		.byte	5
 131 003d 0A       		.byte	10
 132 003e 00       		.byte	0
 133 003f 00       		.byte	0
 134 0040 96       		.byte	150
 135 0041 00       		.byte	0
 136 0042 40       		.byte	64
 137 0043 08       		.byte	8
 138 0044 08       		.byte	8
 139 0045 0A       		.byte	10
 140 0046 00       		.byte	0
 141 0047 FD       		.byte	-3
 142 0048 BE       		.byte	190
 143 0049 00       		.byte	0
 144 004a 30       		.byte	48
 145 004b 08       		.byte	8
 146 004c 07       		.byte	7
 147 004d 0A       		.byte	10
 148 004e 01       		.byte	1
 149 004f 00       		.byte	0
 150 0050 D6       		.byte	214
 151 0051 00       		.byte	0
 152 0052 60       		.byte	96
 153 0053 03       		.byte	3
 154 0054 03       		.byte	3
 155 0055 0A       		.byte	10
 156 0056 00       		.byte	0
 157 0057 00       		.byte	0
 158 0058 E0       		.byte	224
 159 0059 00       		.byte	0
 160 005a 70       		.byte	112
 161 005b 03       		.byte	3
 162 005c 05       		.byte	5
 163 005d 0D       		.byte	13
 164 005e FE       		.byte	-2
 165 005f FD       		.byte	-3
 166 0060 F1       		.byte	241
 167 0061 00       		.byte	0
 168 0062 60       		.byte	96
 169 0063 07       		.byte	7
 170 0064 07       		.byte	7
 171 0065 0A       		.byte	10
 172 0066 01       		.byte	1
 173 0067 00       		.byte	0
 174 0068 09       		.byte	9
 175 0069 01       		.byte	1
 176 006a 60       		.byte	96
 177 006b 03       		.byte	3
ARM GAS  D:\Temp\cc0h0ZCA.s 			page 4


 178 006c 02       		.byte	2
 179 006d 0A       		.byte	10
 180 006e 01       		.byte	1
 181 006f 00       		.byte	0
 182 0070 0E       		.byte	14
 183 0071 01       		.byte	1
 184 0072 B0       		.byte	176
 185 0073 0C       		.byte	12
 186 0074 0B       		.byte	11
 187 0075 07       		.byte	7
 188 0076 01       		.byte	1
 189 0077 00       		.byte	0
 190 0078 28       		.byte	40
 191 0079 01       		.byte	1
 192 007a 30       		.byte	48
 193 007b 08       		.byte	8
 194 007c 07       		.byte	7
 195 007d 07       		.byte	7
 196 007e 01       		.byte	1
 197 007f 00       		.byte	0
 198 0080 3C       		.byte	60
 199 0081 01       		.byte	1
 200 0082 A0       		.byte	160
 201 0083 07       		.byte	7
 202 0084 08       		.byte	8
 203 0085 07       		.byte	7
 204 0086 00       		.byte	0
 205 0087 00       		.byte	0
 206 0088 58       		.byte	88
 207 0089 01       		.byte	1
 208 008a 30       		.byte	48
 209 008b 08       		.byte	8
 210 008c 07       		.byte	7
 211 008d 0A       		.byte	10
 212 008e 01       		.byte	1
 213 008f FD       		.byte	-3
 214 0090 77       		.byte	119
 215 0091 01       		.byte	1
 216 0092 30       		.byte	48
 217 0093 08       		.byte	8
 218 0094 08       		.byte	8
 219 0095 0A       		.byte	10
 220 0096 00       		.byte	0
 221 0097 FD       		.byte	-3
 222 0098 99       		.byte	153
 223 0099 01       		.byte	1
 224 009a F0       		.byte	240
 225 009b 04       		.byte	4
 226 009c 04       		.byte	4
 227 009d 07       		.byte	7
 228 009e 01       		.byte	1
 229 009f 00       		.byte	0
 230 00a0 A4       		.byte	164
 231 00a1 01       		.byte	1
 232 00a2 00       		.byte	0
 233 00a3 06       		.byte	6
 234 00a4 06       		.byte	6
ARM GAS  D:\Temp\cc0h0ZCA.s 			page 5


 235 00a5 07       		.byte	7
 236 00a6 00       		.byte	0
 237 00a7 00       		.byte	0
 238 00a8 BA       		.byte	186
 239 00a9 01       		.byte	1
 240 00aa F0       		.byte	240
 241 00ab 04       		.byte	4
 242 00ac 05       		.byte	5
 243 00ad 09       		.byte	9
 244 00ae 00       		.byte	0
 245 00af 00       		.byte	0
 246 00b0 CC       		.byte	204
 247 00b1 01       		.byte	1
 248 00b2 20       		.byte	32
 249 00b3 08       		.byte	8
 250 00b4 07       		.byte	7
 251 00b5 07       		.byte	7
 252 00b6 01       		.byte	1
 253 00b7 00       		.byte	0
 254 00b8 DE       		.byte	222
 255 00b9 01       		.byte	1
 256 00ba B0       		.byte	176
 257 00bb 06       		.byte	6
 258 00bc 08       		.byte	8
 259 00bd 07       		.byte	7
 260 00be FF       		.byte	-1
 261 00bf 00       		.byte	0
 262 00c0 F9       		.byte	249
 263 00c1 01       		.byte	1
 264 00c2 D0       		.byte	208
 265 00c3 0A       		.byte	10
 266 00c4 0B       		.byte	11
 267 00c5 07       		.byte	7
 268 00c6 00       		.byte	0
 269 00c7 00       		.byte	0
 270 00c8 21       		.byte	33
 271 00c9 02       		.byte	2
 272 00ca A0       		.byte	160
 273 00cb 06       		.byte	6
 274 00cc 07       		.byte	7
 275 00cd 07       		.byte	7
 276 00ce 00       		.byte	0
 277 00cf 00       		.byte	0
 278 00d0 3A       		.byte	58
 279 00d1 02       		.byte	2
 280 00d2 B0       		.byte	176
 281 00d3 06       		.byte	6
 282 00d4 08       		.byte	8
 283 00d5 0A       		.byte	10
 284 00d6 FF       		.byte	-1
 285 00d7 FD       		.byte	-3
 286 00d8 5F       		.byte	95
 287 00d9 02       		.byte	2
 288 00da 40       		.byte	64
 289 00db 06       		.byte	6
 290 00dc 06       		.byte	6
 291 00dd 07       		.byte	7
ARM GAS  D:\Temp\cc0h0ZCA.s 			page 6


 292 00de 00       		.byte	0
 293 00df 00       		.byte	0
 294              		.section	.rodata.gylph_bitmap,"a"
 295              		.align	2
 298              	gylph_bitmap:
 299 0000 08       		.byte	8
 300 0001 DF       		.byte	-33
 301 0002 C3       		.byte	-61
 302 0003 00       		.byte	0
 303 0004 14       		.byte	20
 304 0005 EA       		.byte	-22
 305 0006 F0       		.byte	-16
 306 0007 02       		.byte	2
 307 0008 90       		.byte	-112
 308 0009 A0       		.byte	-96
 309 000a 84       		.byte	-124
 310 000b 23       		.byte	35
 311 000c 7B       		.byte	123
 312 000d C0       		.byte	-64
 313 000e D1       		.byte	-47
 314 000f B3       		.byte	-77
 315 0010 B8       		.byte	-72
 316 0011 01       		.byte	1
 317 0012 84       		.byte	-124
 318 0013 1C       		.byte	28
 319 0014 00       		.byte	0
 320 0015 8F       		.byte	-113
 321 0016 DB       		.byte	-37
 322 0017 E0       		.byte	-32
 323 0018 00       		.byte	0
 324 0019 E4       		.byte	-28
 325 001a 00       		.byte	0
 326 001b FF       		.byte	-1
 327 001c E4       		.byte	-28
 328 001d 1E       		.byte	30
 329 001e 7E       		.byte	126
 330 001f 20       		.byte	32
 331 0020 02       		.byte	2
 332 0021 27       		.byte	39
 333 0022 52       		.byte	82
 334 0023 C8       		.byte	-56
 335 0024 25       		.byte	37
 336 0025 4A       		.byte	74
 337 0026 12       		.byte	18
 338 0027 80       		.byte	-128
 339 0028 80       		.byte	-128
 340 0029 23       		.byte	35
 341 002a 20       		.byte	32
 342 002b 20       		.byte	32
 343 002c 08       		.byte	8
 344 002d C8       		.byte	-56
 345 002e 25       		.byte	37
 346 002f 4A       		.byte	74
 347 0030 12       		.byte	18
 348 0031 82       		.byte	-126
 349 0032 63       		.byte	99
 350 0033 52       		.byte	82
ARM GAS  D:\Temp\cc0h0ZCA.s 			page 7


 351 0034 C8       		.byte	-56
 352 0035 02       		.byte	2
 353 0036 BF       		.byte	-65
 354 0037 E8       		.byte	-24
 355 0038 00       		.byte	0
 356 0039 78       		.byte	120
 357 003a ED       		.byte	-19
 358 003b 21       		.byte	33
 359 003c A8       		.byte	-88
 360 003d 51       		.byte	81
 361 003e 26       		.byte	38
 362 003f 19       		.byte	25
 363 0040 30       		.byte	48
 364 0041 07       		.byte	7
 365 0042 13       		.byte	19
 366 0043 00       		.byte	0
 367 0044 72       		.byte	114
 368 0045 85       		.byte	-123
 369 0046 12       		.byte	18
 370 0047 69       		.byte	105
 371 0048 87       		.byte	-121
 372 0049 8E       		.byte	-114
 373 004a D2       		.byte	-46
 374 004b 98       		.byte	-104
 375 004c 00       		.byte	0
 376 004d E1       		.byte	-31
 377 004e F1       		.byte	-15
 378 004f 00       		.byte	0
 379 0050 FF       		.byte	-1
 380 0051 E2       		.byte	-30
 381 0052 95       		.byte	-107
 382 0053 FE       		.byte	-2
 383 0054 B8       		.byte	-72
 384 0055 05       		.byte	5
 385 0056 85       		.byte	-123
 386 0057 BD       		.byte	-67
 387 0058 60       		.byte	96
 388 0059 05       		.byte	5
 389 005a 39       		.byte	57
 390 005b 23       		.byte	35
 391 005c 90       		.byte	-112
 392 005d 01       		.byte	1
 393 005e 30       		.byte	48
 394 005f 04       		.byte	4
 395 0060 A0       		.byte	-96
 396 0061 02       		.byte	2
 397 0062 60       		.byte	96
 398 0063 08       		.byte	8
 399 0064 80       		.byte	-128
 400 0065 0A       		.byte	10
 401 0066 72       		.byte	114
 402 0067 25       		.byte	37
 403 0068 C0       		.byte	-64
 404 0069 16       		.byte	22
 405 006a 17       		.byte	23
 406 006b 65       		.byte	101
 407 006c 80       		.byte	-128
ARM GAS  D:\Temp\cc0h0ZCA.s 			page 8


 408 006d 00       		.byte	0
 409 006e 02       		.byte	2
 410 006f BF       		.byte	-65
 411 0070 D5       		.byte	-43
 412 0071 00       		.byte	0
 413 0072 61       		.byte	97
 414 0073 F4       		.byte	-12
 415 0074 DA       		.byte	-38
 416 0075 29       		.byte	41
 417 0076 40       		.byte	64
 418 0077 A4       		.byte	-92
 419 0078 79       		.byte	121
 420 0079 1F       		.byte	31
 421 007a 75       		.byte	117
 422 007b 0E       		.byte	14
 423 007c 44       		.byte	68
 424 007d EE       		.byte	-18
 425 007e D8       		.byte	-40
 426 007f A7       		.byte	-89
 427 0080 24       		.byte	36
 428 0081 74       		.byte	116
 429 0082 41       		.byte	65
 430 0083 85       		.byte	-123
 431 0084 BA       		.byte	-70
 432 0085 32       		.byte	50
 433 0086 01       		.byte	1
 434 0087 CF       		.byte	-49
 435 0088 60       		.byte	96
 436 0089 86       		.byte	-122
 437 008a E7       		.byte	-25
 438 008b 02       		.byte	2
 439 008c C1       		.byte	-63
 440 008d 16       		.byte	22
 441 008e A4       		.byte	-92
 442 008f F9       		.byte	-7
 443 0090 EA       		.byte	-22
 444 0091 4F       		.byte	79
 445 0092 98       		.byte	-104
 446 0093 07       		.byte	7
 447 0094 FF       		.byte	-1
 448 0095 34       		.byte	52
 449 0096 02       		.byte	2
 450 0097 BF       		.byte	-65
 451 0098 E6       		.byte	-26
 452 0099 E2       		.byte	-30
 453 009a 0C       		.byte	12
 454 009b 1D       		.byte	29
 455 009c D5       		.byte	-43
 456 009d 08       		.byte	8
 457 009e 29       		.byte	41
 458 009f D1       		.byte	-47
 459 00a0 1F       		.byte	31
 460 00a1 00       		.byte	0
 461 00a2 09       		.byte	9
 462 00a3 80       		.byte	-128
 463 00a4 22       		.byte	34
 464 00a5 00       		.byte	0
ARM GAS  D:\Temp\cc0h0ZCA.s 			page 9


 465 00a6 13       		.byte	19
 466 00a7 00       		.byte	0
 467 00a8 44       		.byte	68
 468 00a9 00       		.byte	0
 469 00aa 53       		.byte	83
 470 00ab A2       		.byte	-94
 471 00ac 3F       		.byte	63
 472 00ad 00       		.byte	0
 473 00ae B0       		.byte	-80
 474 00af 77       		.byte	119
 475 00b0 50       		.byte	80
 476 00b1 01       		.byte	1
 477 00b2 15       		.byte	21
 478 00b3 FF       		.byte	-1
 479 00b4 38       		.byte	56
 480 00b5 10       		.byte	16
 481 00b6 63       		.byte	99
 482 00b7 11       		.byte	17
 483 00b8 CA       		.byte	-54
 484 00b9 80       		.byte	-128
 485 00ba 2A       		.byte	42
 486 00bb F7       		.byte	-9
 487 00bc 43       		.byte	67
 488 00bd 60       		.byte	96
 489 00be E4       		.byte	-28
 490 00bf 00       		.byte	0
 491 00c0 FF       		.byte	-1
 492 00c1 E4       		.byte	-28
 493 00c2 1E       		.byte	30
 494 00c3 FE       		.byte	-2
 495 00c4 10       		.byte	16
 496 00c5 02       		.byte	2
 497 00c6 65       		.byte	101
 498 00c7 AD       		.byte	-83
 499 00c8 C0       		.byte	-64
 500 00c9 08       		.byte	8
 501 00ca 42       		.byte	66
 502 00cb 83       		.byte	-125
 503 00cc 00       		.byte	0
 504 00cd 10       		.byte	16
 505 00ce 00       		.byte	0
 506 00cf 80       		.byte	-128
 507 00d0 40       		.byte	64
 508 00d1 3C       		.byte	60
 509 00d2 60       		.byte	96
 510 00d3 1F       		.byte	31
 511 00d4 FC       		.byte	-4
 512 00d5 20       		.byte	32
 513 00d6 0D       		.byte	13
 514 00d7 40       		.byte	64
 515 00d8 56       		.byte	86
 516 00d9 08       		.byte	8
 517 00da 20       		.byte	32
 518 00db E4       		.byte	-28
 519 00dc 00       		.byte	0
 520 00dd FF       		.byte	-1
 521 00de E3       		.byte	-29
ARM GAS  D:\Temp\cc0h0ZCA.s 			page 10


 522 00df 00       		.byte	0
 523 00e0 00       		.byte	0
 524 00e1 B5       		.byte	-75
 525 00e2 40       		.byte	64
 526 00e3 2A       		.byte	42
 527 00e4 70       		.byte	112
 528 00e5 09       		.byte	9
 529 00e6 C8       		.byte	-56
 530 00e7 02       		.byte	2
 531 00e8 D4       		.byte	-44
 532 00e9 00       		.byte	0
 533 00ea FF       		.byte	-1
 534 00eb EC       		.byte	-20
 535 00ec 11       		.byte	17
 536 00ed 4C       		.byte	76
 537 00ee 1F       		.byte	31
 538 00ef AE       		.byte	-82
 539 00f0 40       		.byte	64
 540 00f1 E4       		.byte	-28
 541 00f2 00       		.byte	0
 542 00f3 FF       		.byte	-1
 543 00f4 E5       		.byte	-27
 544 00f5 DD       		.byte	-35
 545 00f6 00       		.byte	0
 546 00f7 6B       		.byte	107
 547 00f8 0A       		.byte	10
 548 00f9 00       		.byte	0
 549 00fa AD       		.byte	-83
 550 00fb EC       		.byte	-20
 551 00fc 02       		.byte	2
 552 00fd A4       		.byte	-92
 553 00fe 10       		.byte	16
 554 00ff 0C       		.byte	12
 555 0100 5C       		.byte	92
 556 0101 12       		.byte	18
 557 0102 01       		.byte	1
 558 0103 40       		.byte	64
 559 0104 FB       		.byte	-5
 560 0105 20       		.byte	32
 561 0106 06       		.byte	6
 562 0107 29       		.byte	41
 563 0108 A1       		.byte	-95
 564 0109 E4       		.byte	-28
 565 010a 00       		.byte	0
 566 010b FF       		.byte	-1
 567 010c E3       		.byte	-29
 568 010d 00       		.byte	0
 569 010e E7       		.byte	-25
 570 010f DF       		.byte	-33
 571 0110 B2       		.byte	-78
 572 0111 9E       		.byte	-98
 573 0112 E4       		.byte	-28
 574 0113 00       		.byte	0
 575 0114 2B       		.byte	43
 576 0115 B5       		.byte	-75
 577 0116 F4       		.byte	-12
 578 0117 B3       		.byte	-77
ARM GAS  D:\Temp\cc0h0ZCA.s 			page 11


 579 0118 59       		.byte	89
 580 0119 42       		.byte	66
 581 011a CC       		.byte	-52
 582 011b A0       		.byte	-96
 583 011c 28       		.byte	40
 584 011d 8D       		.byte	-115
 585 011e F0       		.byte	-16
 586 011f 08       		.byte	8
 587 0120 00       		.byte	0
 588 0121 E0       		.byte	-32
 589 0122 20       		.byte	32
 590 0123 01       		.byte	1
 591 0124 30       		.byte	48
 592 0125 0F       		.byte	15
 593 0126 FE       		.byte	-2
 594 0127 A8       		.byte	-88
 595 0128 E6       		.byte	-26
 596 0129 DF       		.byte	-33
 597 012a C2       		.byte	-62
 598 012b 00       		.byte	0
 599 012c 44       		.byte	68
 600 012d F3       		.byte	-13
 601 012e 70       		.byte	112
 602 012f 02       		.byte	2
 603 0130 10       		.byte	16
 604 0131 6C       		.byte	108
 605 0132 C0       		.byte	-64
 606 0133 04       		.byte	4
 607 0134 00       		.byte	0
 608 0135 10       		.byte	16
 609 0136 10       		.byte	16
 610 0137 0F       		.byte	15
 611 0138 18       		.byte	24
 612 0139 07       		.byte	7
 613 013a FF       		.byte	-1
 614 013b 08       		.byte	8
 615 013c 02       		.byte	2
 616 013d BF       		.byte	-65
 617 013e E8       		.byte	-24
 618 013f 00       		.byte	0
 619 0140 B0       		.byte	-80
 620 0141 77       		.byte	119
 621 0142 4D       		.byte	77
 622 0143 00       		.byte	0
 623 0144 A7       		.byte	-89
 624 0145 44       		.byte	68
 625 0146 74       		.byte	116
 626 0147 E0       		.byte	-32
 627 0148 4C       		.byte	76
 628 0149 01       		.byte	1
 629 014a 28       		.byte	40
 630 014b 09       		.byte	9
 631 014c 30       		.byte	48
 632 014d 04       		.byte	4
 633 014e A0       		.byte	-96
 634 014f 2A       		.byte	42
 635 0150 14       		.byte	20
ARM GAS  D:\Temp\cc0h0ZCA.s 			page 12


 636 0151 47       		.byte	71
 637 0152 4E       		.byte	78
 638 0153 00       		.byte	0
 639 0154 F1       		.byte	-15
 640 0155 DD       		.byte	-35
 641 0156 34       		.byte	52
 642 0157 00       		.byte	0
 643 0158 E7       		.byte	-25
 644 0159 DF       		.byte	-33
 645 015a C4       		.byte	-60
 646 015b 00       		.byte	0
 647 015c 44       		.byte	68
 648 015d F5       		.byte	-11
 649 015e 59       		.byte	89
 650 015f 04       		.byte	4
 651 0160 A0       		.byte	-96
 652 0161 B2       		.byte	-78
 653 0162 D0       		.byte	-48
 654 0163 10       		.byte	16
 655 0164 04       		.byte	4
 656 0165 44       		.byte	68
 657 0166 03       		.byte	3
 658 0167 00       		.byte	0
 659 0168 8C       		.byte	-116
 660 0169 82       		.byte	-126
 661 016a 14       		.byte	20
 662 016b A1       		.byte	-95
 663 016c 28       		.byte	40
 664 016d 26       		.byte	38
 665 016e 5A       		.byte	90
 666 016f 96       		.byte	-106
 667 0170 40       		.byte	64
 668 0171 59       		.byte	89
 669 0172 F8       		.byte	-8
 670 0173 80       		.byte	-128
 671 0174 1F       		.byte	31
 672 0175 FC       		.byte	-4
 673 0176 30       		.byte	48
 674 0177 02       		.byte	2
 675 0178 BF       		.byte	-65
 676 0179 D5       		.byte	-43
 677 017a F1       		.byte	-15
 678 017b 0C       		.byte	12
 679 017c 1D       		.byte	29
 680 017d EB       		.byte	-21
 681 017e 00       		.byte	0
 682 017f 29       		.byte	41
 683 0180 D1       		.byte	-47
 684 0181 1D       		.byte	29
 685 0182 00       		.byte	0
 686 0183 09       		.byte	9
 687 0184 80       		.byte	-128
 688 0185 25       		.byte	37
 689 0186 00       		.byte	0
 690 0187 13       		.byte	19
 691 0188 00       		.byte	0
 692 0189 4A       		.byte	74
ARM GAS  D:\Temp\cc0h0ZCA.s 			page 13


 693 018a 00       		.byte	0
 694 018b 53       		.byte	83
 695 018c A2       		.byte	-94
 696 018d 3A       		.byte	58
 697 018e 00       		.byte	0
 698 018f B0       		.byte	-80
 699 0190 77       		.byte	119
 700 0191 AC       		.byte	-84
 701 0192 02       		.byte	2
 702 0193 2B       		.byte	43
 703 0194 FD       		.byte	-3
 704 0195 40       		.byte	64
 705 0196 0F       		.byte	15
 706 0197 FE       		.byte	-2
 707 0198 30       		.byte	48
 708 0199 E6       		.byte	-26
 709 019a D8       		.byte	-40
 710 019b 08       		.byte	8
 711 019c B9       		.byte	-71
 712 019d 09       		.byte	9
 713 019e 61       		.byte	97
 714 019f 03       		.byte	3
 715 01a0 00       		.byte	0
 716 01a1 FF       		.byte	-1
 717 01a2 E1       		.byte	-31
 718 01a3 00       		.byte	0
 719 01a4 09       		.byte	9
 720 01a5 EF       		.byte	-17
 721 01a6 C2       		.byte	-62
 722 01a7 64       		.byte	100
 723 01a8 CD       		.byte	-51
 724 01a9 A3       		.byte	-93
 725 01aa 10       		.byte	16
 726 01ab 01       		.byte	1
 727 01ac 30       		.byte	48
 728 01ad BA       		.byte	-70
 729 01ae 6F       		.byte	111
 730 01af 48       		.byte	72
 731 01b0 84       		.byte	-124
 732 01b1 FE       		.byte	-2
 733 01b2 2C       		.byte	44
 734 01b3 2B       		.byte	43
 735 01b4 10       		.byte	16
 736 01b5 38       		.byte	56
 737 01b6 8A       		.byte	-118
 738 01b7 B7       		.byte	-73
 739 01b8 06       		.byte	6
 740 01b9 00       		.byte	0
 741 01ba 05       		.byte	5
 742 01bb 30       		.byte	48
 743 01bc 0B       		.byte	11
 744 01bd 94       		.byte	-108
 745 01be 01       		.byte	1
 746 01bf A9       		.byte	-87
 747 01c0 3E       		.byte	62
 748 01c1 7A       		.byte	122
 749 01c2 93       		.byte	-109
ARM GAS  D:\Temp\cc0h0ZCA.s 			page 14


 750 01c3 E6       		.byte	-26
 751 01c4 01       		.byte	1
 752 01c5 FF       		.byte	-1
 753 01c6 C4       		.byte	-60
 754 01c7 1C       		.byte	28
 755 01c8 11       		.byte	17
 756 01c9 04       		.byte	4
 757 01ca 3F       		.byte	63
 758 01cb 38       		.byte	56
 759 01cc F3       		.byte	-13
 760 01cd 00       		.byte	0
 761 01ce 17       		.byte	23
 762 01cf 80       		.byte	-128
 763 01d0 7F       		.byte	127
 764 01d1 F2       		.byte	-14
 765 01d2 85       		.byte	-123
 766 01d3 C0       		.byte	-64
 767 01d4 0C       		.byte	12
 768 01d5 00       		.byte	0
 769 01d6 4F       		.byte	79
 770 01d7 22       		.byte	34
 771 01d8 40       		.byte	64
 772 01d9 02       		.byte	2
 773 01da C3       		.byte	-61
 774 01db 72       		.byte	114
 775 01dc 80       		.byte	-128
 776 01dd 00       		.byte	0
 777 01de 0D       		.byte	13
 778 01df 50       		.byte	80
 779 01e0 0A       		.byte	10
 780 01e1 60       		.byte	96
 781 01e2 2E       		.byte	46
 782 01e3 40       		.byte	64
 783 01e4 26       		.byte	38
 784 01e5 A0       		.byte	-96
 785 01e6 73       		.byte	115
 786 01e7 20       		.byte	32
 787 01e8 64       		.byte	100
 788 01e9 20       		.byte	32
 789 01ea 15       		.byte	21
 790 01eb A0       		.byte	-96
 791 01ec AE       		.byte	-82
 792 01ed 00       		.byte	0
 793 01ee A5       		.byte	-91
 794 01ef 8C       		.byte	-116
 795 01f0 94       		.byte	-108
 796 01f1 02       		.byte	2
 797 01f2 33       		.byte	51
 798 01f3 73       		.byte	115
 799 01f4 00       		.byte	0
 800 01f5 75       		.byte	117
 801 01f6 95       		.byte	-107
 802 01f7 00       		.byte	0
 803 01f8 00       		.byte	0
 804 01f9 C5       		.byte	-59
 805 01fa 00       		.byte	0
 806 01fb 1F       		.byte	31
ARM GAS  D:\Temp\cc0h0ZCA.s 			page 15


 807 01fc 88       		.byte	-120
 808 01fd 01       		.byte	1
 809 01fe E2       		.byte	-30
 810 01ff BC       		.byte	-68
 811 0200 01       		.byte	1
 812 0201 40       		.byte	64
 813 0202 E0       		.byte	-32
 814 0203 0A       		.byte	10
 815 0204 B7       		.byte	-73
 816 0205 50       		.byte	80
 817 0206 03       		.byte	3
 818 0207 C6       		.byte	-58
 819 0208 81       		.byte	-127
 820 0209 01       		.byte	1
 821 020a 8A       		.byte	-118
 822 020b 2A       		.byte	42
 823 020c 13       		.byte	19
 824 020d A8       		.byte	-88
 825 020e D2       		.byte	-46
 826 020f 80       		.byte	-128
 827 0210 37       		.byte	55
 828 0211 F6       		.byte	-10
 829 0212 81       		.byte	-127
 830 0213 1D       		.byte	29
 831 0214 6C       		.byte	108
 832 0215 00       		.byte	0
 833 0216 EA       		.byte	-22
 834 0217 EE       		.byte	-18
 835 0218 0E       		.byte	14
 836 0219 80       		.byte	-128
 837 021a 30       		.byte	48
 838 021b 00       		.byte	0
 839 021c A2       		.byte	-94
 840 021d 88       		.byte	-120
 841 021e 20       		.byte	32
 842 021f 28       		.byte	40
 843 0220 00       		.byte	0
 844 0221 5D       		.byte	93
 845 0222 00       		.byte	0
 846 0223 27       		.byte	39
 847 0224 0A       		.byte	10
 848 0225 BC       		.byte	-68
 849 0226 8D       		.byte	-115
 850 0227 50       		.byte	80
 851 0228 42       		.byte	66
 852 0229 DF       		.byte	-33
 853 022a 1D       		.byte	29
 854 022b 00       		.byte	0
 855 022c 02       		.byte	2
 856 022d C5       		.byte	-59
 857 022e 00       		.byte	0
 858 022f 11       		.byte	17
 859 0230 32       		.byte	50
 860 0231 58       		.byte	88
 861 0232 05       		.byte	5
 862 0233 D3       		.byte	-45
 863 0234 6E       		.byte	110
ARM GAS  D:\Temp\cc0h0ZCA.s 			page 16


 864 0235 C0       		.byte	-64
 865 0236 E0       		.byte	-32
 866 0237 E1       		.byte	-31
 867 0238 D2       		.byte	-46
 868 0239 40       		.byte	64
 869 023a 0D       		.byte	13
 870 023b 50       		.byte	80
 871 023c 0A       		.byte	10
 872 023d 60       		.byte	96
 873 023e 2B       		.byte	43
 874 023f 80       		.byte	-128
 875 0240 27       		.byte	39
 876 0241 A0       		.byte	-96
 877 0242 64       		.byte	100
 878 0243 20       		.byte	32
 879 0244 52       		.byte	82
 880 0245 20       		.byte	32
 881 0246 0A       		.byte	10
 882 0247 A8       		.byte	-88
 883 0248 3A       		.byte	58
 884 0249 40       		.byte	64
 885 024a 2E       		.byte	46
 886 024b A1       		.byte	-95
 887 024c 55       		.byte	85
 888 024d 00       		.byte	0
 889 024e 48       		.byte	72
 890 024f 74       		.byte	116
 891 0250 E0       		.byte	-32
 892 0251 1C       		.byte	28
 893 0252 C9       		.byte	-55
 894 0253 40       		.byte	64
 895 0254 1D       		.byte	29
 896 0255 A4       		.byte	-92
 897 0256 60       		.byte	96
 898 0257 12       		.byte	18
 899 0258 94       		.byte	-108
 900 0259 D8       		.byte	-40
 901 025a 04       		.byte	4
 902 025b 33       		.byte	51
 903 025c AA       		.byte	-86
 904 025d C0       		.byte	-64
 905 025e 10       		.byte	16
 906 025f 7F       		.byte	127
 907 0260 FD       		.byte	-3
 908 0261 6F       		.byte	111
 909 0262 FE       		.byte	-2
 910 0263 D0       		.byte	-48
 911 0264 80       		.byte	-128
 912 0265 0B       		.byte	11
 913 0266 A0       		.byte	-96
 914 0267 C0       		.byte	-64
 915 0268 12       		.byte	18
 916 0269 EE       		.byte	-18
 917 026a 00       		.byte	0
 918 026b 23       		.byte	35
 919 026c D0       		.byte	-48
 920 026d 00       		.byte	0
ARM GAS  D:\Temp\cc0h0ZCA.s 			page 17


 921 026e 6A       		.byte	106
 922 026f C4       		.byte	-60
 923 0270 01       		.byte	1
 924 0271 23       		.byte	35
 925 0272 5F       		.byte	95
 926 0273 ED       		.byte	-19
 927              		.section	.rodata.kern_class_values,"a"
 928              		.align	2
 931              	kern_class_values:
 932 0000 00       		.byte	0
 933 0001 00       		.byte	0
 934 0002 01       		.byte	1
 935 0003 00       		.byte	0
 936 0004 00       		.byte	0
 937 0005 00       		.byte	0
 938 0006 00       		.byte	0
 939 0007 00       		.byte	0
 940 0008 FE       		.byte	-2
 941 0009 00       		.byte	0
 942 000a 00       		.byte	0
 943 000b FF       		.byte	-1
 944 000c 00       		.byte	0
 945 000d 00       		.byte	0
 946 000e 00       		.byte	0
 947 000f 00       		.byte	0
 948 0010 00       		.byte	0
 949 0011 00       		.byte	0
 950 0012 00       		.byte	0
 951 0013 FD       		.byte	-3
 952 0014 FD       		.byte	-3
 953 0015 FE       		.byte	-2
 954 0016 00       		.byte	0
 955 0017 FF       		.byte	-1
 956 0018 FE       		.byte	-2
 957 0019 00       		.byte	0
 958 001a 00       		.byte	0
 959 001b 00       		.byte	0
 960 001c 01       		.byte	1
 961 001d 00       		.byte	0
 962 001e FF       		.byte	-1
 963 001f FD       		.byte	-3
 964 0020 FF       		.byte	-1
 965 0021 00       		.byte	0
 966 0022 00       		.byte	0
 967 0023 00       		.byte	0
 968 0024 00       		.byte	0
 969 0025 00       		.byte	0
 970 0026 00       		.byte	0
 971 0027 02       		.byte	2
 972 0028 00       		.byte	0
 973 0029 00       		.byte	0
 974 002a 00       		.byte	0
 975 002b 00       		.byte	0
 976 002c FD       		.byte	-3
 977 002d 00       		.byte	0
 978 002e 00       		.byte	0
 979 002f 00       		.byte	0
ARM GAS  D:\Temp\cc0h0ZCA.s 			page 18


 980 0030 00       		.byte	0
 981 0031 00       		.byte	0
 982 0032 00       		.byte	0
 983 0033 00       		.byte	0
 984 0034 FE       		.byte	-2
 985 0035 FD       		.byte	-3
 986 0036 FF       		.byte	-1
 987 0037 FE       		.byte	-2
 988 0038 00       		.byte	0
 989 0039 FE       		.byte	-2
 990 003a 0F       		.byte	15
 991 003b 08       		.byte	8
 992 003c 00       		.byte	0
 993 003d 00       		.byte	0
 994 003e 00       		.byte	0
 995 003f 02       		.byte	2
 996 0040 00       		.byte	0
 997 0041 00       		.byte	0
 998 0042 FE       		.byte	-2
 999 0043 00       		.byte	0
 1000 0044 FC       		.byte	-4
 1001 0045 FF       		.byte	-1
 1002 0046 00       		.byte	0
 1003 0047 FD       		.byte	-3
 1004 0048 00       		.byte	0
 1005 0049 FE       		.byte	-2
 1006 004a FB       		.byte	-5
 1007 004b FC       		.byte	-4
 1008 004c FE       		.byte	-2
 1009 004d 00       		.byte	0
 1010 004e 00       		.byte	0
 1011 004f 00       		.byte	0
 1012 0050 00       		.byte	0
 1013 0051 0A       		.byte	10
 1014 0052 00       		.byte	0
 1015 0053 00       		.byte	0
 1016 0054 00       		.byte	0
 1017 0055 00       		.byte	0
 1018 0056 00       		.byte	0
 1019 0057 00       		.byte	0
 1020 0058 FE       		.byte	-2
 1021 0059 FF       		.byte	-1
 1022 005a FE       		.byte	-2
 1023 005b FF       		.byte	-1
 1024 005c 00       		.byte	0
 1025 005d FF       		.byte	-1
 1026 005e 03       		.byte	3
 1027 005f 00       		.byte	0
 1028 0060 03       		.byte	3
 1029 0061 FF       		.byte	-1
 1030 0062 00       		.byte	0
 1031 0063 00       		.byte	0
 1032 0064 00       		.byte	0
 1033 0065 00       		.byte	0
 1034 0066 00       		.byte	0
 1035 0067 00       		.byte	0
 1036 0068 00       		.byte	0
ARM GAS  D:\Temp\cc0h0ZCA.s 			page 19


 1037 0069 00       		.byte	0
 1038 006a 00       		.byte	0
 1039 006b FE       		.byte	-2
 1040 006c FE       		.byte	-2
 1041 006d 00       		.byte	0
 1042 006e 00       		.byte	0
 1043 006f 00       		.byte	0
 1044 0070 FD       		.byte	-3
 1045 0071 00       		.byte	0
 1046 0072 00       		.byte	0
 1047 0073 00       		.byte	0
 1048 0074 FE       		.byte	-2
 1049 0075 00       		.byte	0
 1050 0076 FE       		.byte	-2
 1051 0077 00       		.byte	0
 1052 0078 00       		.byte	0
 1053 0079 FD       		.byte	-3
 1054 007a 00       		.byte	0
 1055 007b FD       		.byte	-3
 1056 007c 00       		.byte	0
 1057 007d FD       		.byte	-3
 1058 007e FF       		.byte	-1
 1059 007f 03       		.byte	3
 1060 0080 00       		.byte	0
 1061 0081 FE       		.byte	-2
 1062 0082 FA       		.byte	-6
 1063 0083 FE       		.byte	-2
 1064 0084 FE       		.byte	-2
 1065 0085 00       		.byte	0
 1066 0086 FD       		.byte	-3
 1067 0087 00       		.byte	0
 1068 0088 01       		.byte	1
 1069 0089 FE       		.byte	-2
 1070 008a 00       		.byte	0
 1071 008b FE       		.byte	-2
 1072 008c FA       		.byte	-6
 1073 008d 00       		.byte	0
 1074 008e FE       		.byte	-2
 1075 008f 00       		.byte	0
 1076 0090 00       		.byte	0
 1077 0091 FE       		.byte	-2
 1078 0092 00       		.byte	0
 1079 0093 00       		.byte	0
 1080 0094 00       		.byte	0
 1081 0095 00       		.byte	0
 1082 0096 00       		.byte	0
 1083 0097 FE       		.byte	-2
 1084 0098 FE       		.byte	-2
 1085 0099 00       		.byte	0
 1086              		.section	.rodata.kern_classes,"a"
 1087              		.align	2
 1090              	kern_classes:
 1091 0000 00000000 		.word	kern_class_values
 1092 0004 00000000 		.word	kern_left_class_mapping
 1093 0008 00000000 		.word	kern_right_class_mapping
 1094 000c 0E       		.byte	14
 1095 000d 0B       		.byte	11
ARM GAS  D:\Temp\cc0h0ZCA.s 			page 20


 1096 000e 0000     		.space	2
 1097              		.section	.rodata.kern_left_class_mapping,"a"
 1098              		.align	2
 1101              	kern_left_class_mapping:
 1102 0000 00       		.byte	0
 1103 0001 00       		.byte	0
 1104 0002 01       		.byte	1
 1105 0003 02       		.byte	2
 1106 0004 03       		.byte	3
 1107 0005 04       		.byte	4
 1108 0006 05       		.byte	5
 1109 0007 06       		.byte	6
 1110 0008 00       		.byte	0
 1111 0009 01       		.byte	1
 1112 000a 00       		.byte	0
 1113 000b 00       		.byte	0
 1114 000c 07       		.byte	7
 1115 000d 04       		.byte	4
 1116 000e 01       		.byte	1
 1117 000f 01       		.byte	1
 1118 0010 02       		.byte	2
 1119 0011 02       		.byte	2
 1120 0012 08       		.byte	8
 1121 0013 09       		.byte	9
 1122 0014 0A       		.byte	10
 1123 0015 0B       		.byte	11
 1124 0016 00       		.byte	0
 1125 0017 0C       		.byte	12
 1126 0018 0C       		.byte	12
 1127 0019 0D       		.byte	13
 1128 001a 0C       		.byte	12
 1129 001b 0E       		.byte	14
 1130              		.section	.rodata.kern_right_class_mapping,"a"
 1131              		.align	2
 1134              	kern_right_class_mapping:
 1135 0000 00       		.byte	0
 1136 0001 00       		.byte	0
 1137 0002 01       		.byte	1
 1138 0003 02       		.byte	2
 1139 0004 03       		.byte	3
 1140 0005 03       		.byte	3
 1141 0006 03       		.byte	3
 1142 0007 00       		.byte	0
 1143 0008 03       		.byte	3
 1144 0009 02       		.byte	2
 1145 000a 04       		.byte	4
 1146 000b 05       		.byte	5
 1147 000c 02       		.byte	2
 1148 000d 02       		.byte	2
 1149 000e 04       		.byte	4
 1150 000f 04       		.byte	4
 1151 0010 03       		.byte	3
 1152 0011 04       		.byte	4
 1153 0012 03       		.byte	3
 1154 0013 04       		.byte	4
 1155 0014 06       		.byte	6
 1156 0015 07       		.byte	7
ARM GAS  D:\Temp\cc0h0ZCA.s 			page 21


 1157 0016 08       		.byte	8
 1158 0017 09       		.byte	9
 1159 0018 09       		.byte	9
 1160 0019 0A       		.byte	10
 1161 001a 09       		.byte	9
 1162 001b 0B       		.byte	11
 1163              		.text
 1164              	.Letext0:
 1165              		.file 1 "c:\\stm32\\gnu mcu eclipse\\arm embedded gcc\\8.2.1-1.4-20190214-0604\\arm-none-eabi\\inc
 1166              		.file 2 "c:\\stm32\\gnu mcu eclipse\\arm embedded gcc\\8.2.1-1.4-20190214-0604\\arm-none-eabi\\inc
 1167              		.file 3 "Drivers/CMSIS/Include/core_cm4.h"
 1168              		.file 4 "Drivers/CMSIS/Device/ST/STM32F4xx/Include/system_stm32f4xx.h"
 1169              		.file 5 "Drivers/STM32F4xx_HAL_Driver/Inc/stm32f4xx_hal.h"
 1170              		.file 6 "lvgl/lv_conf.h"
 1171              		.file 7 "lv_examples/assets/../../lvgl/src/lv_misc/lv_mem.h"
 1172              		.file 8 "c:\\stm32\\gnu mcu eclipse\\arm embedded gcc\\8.2.1-1.4-20190214-0604\\arm-none-eabi\\inc
 1173              		.file 9 "c:\\stm32\\gnu mcu eclipse\\arm embedded gcc\\8.2.1-1.4-20190214-0604\\arm-none-eabi\\inc
 1174              		.file 10 "c:\\stm32\\gnu mcu eclipse\\arm embedded gcc\\8.2.1-1.4-20190214-0604\\lib\\gcc\\arm-non
 1175              		.file 11 "c:\\stm32\\gnu mcu eclipse\\arm embedded gcc\\8.2.1-1.4-20190214-0604\\arm-none-eabi\\in
 1176              		.file 12 "d:\\_project\\stm32\\f407\\hack_rf_new\\lvgl\\src\\lv_font\\lv_font.h"
 1177              		.file 13 "d:\\_project\\stm32\\f407\\hack_rf_new\\lvgl\\src\\lv_misc\\lv_anim.h"
 1178              		.file 14 "d:\\_project\\stm32\\f407\\hack_rf_new\\lvgl\\src\\lv_misc\\lv_txt.h"
 1179              		.file 15 "d:\\_project\\stm32\\f407\\hack_rf_new\\lvgl\\src\\lv_draw\\lv_draw_label.h"
 1180              		.file 16 "lv_examples/assets/../../lvgl/src/lv_core/lv_obj.h"
 1181              		.file 17 "lv_examples/assets/../../lvgl/src/lv_font/lv_font_fmt_txt.h"
 1182              		.file 18 "lv_examples/assets/../../lvgl/src/lv_widgets/lv_cont.h"
 1183              		.file 19 "lv_examples/assets/../../lvgl/src/lv_widgets/lv_btn.h"
 1184              		.file 20 "lv_examples/assets/../../lvgl/src/lv_widgets/lv_page.h"
 1185              		.file 21 "lv_examples/assets/../../lvgl/src/lv_widgets/lv_chart.h"
 1186              		.file 22 "lv_examples/assets/../../lvgl/src/lv_widgets/lv_bar.h"
 1187              		.file 23 "lv_examples/assets/../../lvgl/src/lv_widgets/lv_textarea.h"
 1188              		.file 24 "lv_examples/assets/../../lvgl/src/lv_widgets/lv_linemeter.h"
 1189              		.file 25 "lv_examples/assets/../../lvgl/src/lv_widgets/lv_arc.h"
 1190              		.file 26 "lv_examples/assets/lv_font_montserrat_12_compr_az.c"
ARM GAS  D:\Temp\cc0h0ZCA.s 			page 22


DEFINED SYMBOLS
                            *ABS*:0000000000000000 lv_font_montserrat_12_compr_az.c
  D:\Temp\cc0h0ZCA.s:36     .data.lv_font_montserrat_12_compr_az:0000000000000000 lv_font_montserrat_12_compr_az
  D:\Temp\cc0h0ZCA.s:19     .data.font_dsc:0000000000000000 $d
  D:\Temp\cc0h0ZCA.s:22     .data.font_dsc:0000000000000000 font_dsc
  D:\Temp\cc0h0ZCA.s:298    .rodata.gylph_bitmap:0000000000000000 gylph_bitmap
  D:\Temp\cc0h0ZCA.s:69     .rodata.glyph_dsc:0000000000000000 glyph_dsc
  D:\Temp\cc0h0ZCA.s:48     .rodata.cmaps:0000000000000000 cmaps
  D:\Temp\cc0h0ZCA.s:1090   .rodata.kern_classes:0000000000000000 kern_classes
  D:\Temp\cc0h0ZCA.s:33     .data.lv_font_montserrat_12_compr_az:0000000000000000 $d
  D:\Temp\cc0h0ZCA.s:45     .rodata.cmaps:0000000000000000 $d
  D:\Temp\cc0h0ZCA.s:66     .rodata.glyph_dsc:0000000000000000 $d
  D:\Temp\cc0h0ZCA.s:295    .rodata.gylph_bitmap:0000000000000000 $d
  D:\Temp\cc0h0ZCA.s:928    .rodata.kern_class_values:0000000000000000 $d
  D:\Temp\cc0h0ZCA.s:931    .rodata.kern_class_values:0000000000000000 kern_class_values
  D:\Temp\cc0h0ZCA.s:1087   .rodata.kern_classes:0000000000000000 $d
  D:\Temp\cc0h0ZCA.s:1101   .rodata.kern_left_class_mapping:0000000000000000 kern_left_class_mapping
  D:\Temp\cc0h0ZCA.s:1134   .rodata.kern_right_class_mapping:0000000000000000 kern_right_class_mapping
  D:\Temp\cc0h0ZCA.s:1098   .rodata.kern_left_class_mapping:0000000000000000 $d
  D:\Temp\cc0h0ZCA.s:1131   .rodata.kern_right_class_mapping:0000000000000000 $d

UNDEFINED SYMBOLS
lv_font_get_glyph_dsc_fmt_txt
lv_font_get_bitmap_fmt_txt
