ARM GAS  D:\Temp\ccni1jj7.s 			page 1


   1              		.cpu cortex-m4
   2              		.eabi_attribute 27, 1
   3              		.eabi_attribute 28, 1
   4              		.eabi_attribute 20, 1
   5              		.eabi_attribute 21, 1
   6              		.eabi_attribute 23, 3
   7              		.eabi_attribute 24, 1
   8              		.eabi_attribute 25, 1
   9              		.eabi_attribute 26, 1
  10              		.eabi_attribute 30, 1
  11              		.eabi_attribute 34, 1
  12              		.eabi_attribute 18, 4
  13              		.file	"lv_font_montserrat_28_compr_az.c"
  14              		.text
  15              	.Ltext0:
  16              		.cfi_sections	.debug_frame
  17              		.global	lv_font_montserrat_28_compr_az
  18              		.section	.data.font_dsc,"aw"
  19              		.align	2
  22              	font_dsc:
  23 0000 00000000 		.word	gylph_bitmap
  24 0004 00000000 		.word	glyph_dsc
  25 0008 00000000 		.word	cmaps
  26 000c 00000000 		.word	kern_classes
  27 0010 1000     		.short	16
  28 0012 02       		.byte	2
  29 0013 50       		.byte	80
  30 0014 01       		.byte	1
  31 0015 00000000 		.space	11
  31      00000000 
  31      000000
  32              		.section	.data.lv_font_montserrat_28_compr_az,"aw"
  33              		.align	2
  36              	lv_font_montserrat_28_compr_az:
  37 0000 00000000 		.word	lv_font_get_glyph_dsc_fmt_txt
  38 0004 00000000 		.word	lv_font_get_bitmap_fmt_txt
  39 0008 1A00     		.short	26
  40 000a 0500     		.short	5
  41 000c 00       		.byte	0
  42 000d 000000   		.space	3
  43 0010 00000000 		.word	font_dsc
  44              		.section	.rodata.cmaps,"a"
  45              		.align	2
  48              	cmaps:
  49 0000 20000000 		.word	32
  50 0004 0100     		.short	1
  51 0006 0100     		.short	1
  52 0008 00000000 		.word	0
  53 000c 00000000 		.word	0
  54 0010 0000     		.short	0
  55 0012 00       		.byte	0
  56 0013 00       		.space	1
  57 0014 61000000 		.word	97
  58 0018 1A00     		.short	26
  59 001a 0200     		.short	2
  60 001c 00000000 		.word	0
  61 0020 00000000 		.word	0
ARM GAS  D:\Temp\ccni1jj7.s 			page 2


  62 0024 0000     		.short	0
  63 0026 00       		.byte	0
  64 0027 00       		.space	1
  65              		.section	.rodata.glyph_dsc,"a"
  66              		.align	2
  69              	glyph_dsc:
  70 0000 00       		.byte	0
  71 0001 00       		.byte	0
  72 0002 00       		.byte	0
  73 0003 00       		.byte	0
  74 0004 00       		.byte	0
  75 0005 00       		.byte	0
  76 0006 00       		.byte	0
  77 0007 00       		.byte	0
  78 0008 00       		.byte	0
  79 0009 00       		.byte	0
  80 000a 90       		.byte	144
  81 000b 07       		.byte	7
  82 000c 00       		.byte	0
  83 000d 00       		.byte	0
  84 000e 00       		.byte	0
  85 000f 00       		.byte	0
  86 0010 00       		.byte	0
  87 0011 00       		.byte	0
  88 0012 C0       		.byte	192
  89 0013 10       		.byte	16
  90 0014 0E       		.byte	14
  91 0015 0F       		.byte	15
  92 0016 01       		.byte	1
  93 0017 00       		.byte	0
  94 0018 5D       		.byte	93
  95 0019 00       		.byte	0
  96 001a 20       		.byte	32
  97 001b 13       		.byte	19
  98 001c 10       		.byte	16
  99 001d 15       		.byte	21
 100 001e 02       		.byte	2
 101 001f 00       		.byte	0
 102 0020 C5       		.byte	197
 103 0021 00       		.byte	0
 104 0022 00       		.byte	0
 105 0023 10       		.byte	16
 106 0024 0F       		.byte	15
 107 0025 0F       		.byte	15
 108 0026 01       		.byte	1
 109 0027 00       		.byte	0
 110 0028 24       		.byte	36
 111 0029 01       		.byte	1
 112 002a 20       		.byte	32
 113 002b 13       		.byte	19
 114 002c 10       		.byte	16
 115 002d 15       		.byte	21
 116 002e 01       		.byte	1
 117 002f 00       		.byte	0
 118 0030 8F       		.byte	143
 119 0031 01       		.byte	1
 120 0032 20       		.byte	32
ARM GAS  D:\Temp\ccni1jj7.s 			page 3


 121 0033 11       		.byte	17
 122 0034 0F       		.byte	15
 123 0035 0F       		.byte	15
 124 0036 01       		.byte	1
 125 0037 00       		.byte	0
 126 0038 ED       		.byte	237
 127 0039 01       		.byte	1
 128 003a E0       		.byte	224
 129 003b 09       		.byte	9
 130 003c 0B       		.byte	11
 131 003d 15       		.byte	21
 132 003e 00       		.byte	0
 133 003f 00       		.byte	0
 134 0040 21       		.byte	33
 135 0041 02       		.byte	2
 136 0042 50       		.byte	80
 137 0043 13       		.byte	19
 138 0044 10       		.byte	16
 139 0045 14       		.byte	20
 140 0046 01       		.byte	1
 141 0047 FB       		.byte	-5
 142 0048 AD       		.byte	173
 143 0049 02       		.byte	2
 144 004a 10       		.byte	16
 145 004b 13       		.byte	19
 146 004c 0F       		.byte	15
 147 004d 15       		.byte	21
 148 004e 02       		.byte	2
 149 004f 00       		.byte	0
 150 0050 EB       		.byte	235
 151 0051 02       		.byte	2
 152 0052 D0       		.byte	208
 153 0053 07       		.byte	7
 154 0054 04       		.byte	4
 155 0055 15       		.byte	21
 156 0056 02       		.byte	2
 157 0057 00       		.byte	0
 158 0058 FC       		.byte	252
 159 0059 02       		.byte	2
 160 005a F0       		.byte	240
 161 005b 07       		.byte	7
 162 005c 09       		.byte	9
 163 005d 1A       		.byte	26
 164 005e FD       		.byte	-3
 165 005f FB       		.byte	-5
 166 0060 2A       		.byte	42
 167 0061 03       		.byte	3
 168 0062 40       		.byte	64
 169 0063 11       		.byte	17
 170 0064 10       		.byte	16
 171 0065 15       		.byte	21
 172 0066 02       		.byte	2
 173 0067 00       		.byte	0
 174 0068 82       		.byte	130
 175 0069 03       		.byte	3
 176 006a D0       		.byte	208
 177 006b 07       		.byte	7
ARM GAS  D:\Temp\ccni1jj7.s 			page 4


 178 006c 04       		.byte	4
 179 006d 15       		.byte	21
 180 006e 02       		.byte	2
 181 006f 00       		.byte	0
 182 0070 89       		.byte	137
 183 0071 03       		.byte	3
 184 0072 A0       		.byte	160
 185 0073 1D       		.byte	29
 186 0074 1A       		.byte	26
 187 0075 0F       		.byte	15
 188 0076 02       		.byte	2
 189 0077 00       		.byte	0
 190 0078 E8       		.byte	232
 191 0079 03       		.byte	3
 192 007a 10       		.byte	16
 193 007b 13       		.byte	19
 194 007c 0F       		.byte	15
 195 007d 0F       		.byte	15
 196 007e 02       		.byte	2
 197 007f 00       		.byte	0
 198 0080 20       		.byte	32
 199 0081 04       		.byte	4
 200 0082 C0       		.byte	192
 201 0083 11       		.byte	17
 202 0084 10       		.byte	16
 203 0085 0F       		.byte	15
 204 0086 01       		.byte	1
 205 0087 00       		.byte	0
 206 0088 88       		.byte	136
 207 0089 04       		.byte	4
 208 008a 20       		.byte	32
 209 008b 13       		.byte	19
 210 008c 10       		.byte	16
 211 008d 14       		.byte	20
 212 008e 02       		.byte	2
 213 008f FB       		.byte	-5
 214 0090 F2       		.byte	242
 215 0091 04       		.byte	4
 216 0092 20       		.byte	32
 217 0093 13       		.byte	19
 218 0094 10       		.byte	16
 219 0095 14       		.byte	20
 220 0096 01       		.byte	1
 221 0097 FB       		.byte	-5
 222 0098 5E       		.byte	94
 223 0099 05       		.byte	5
 224 009a 80       		.byte	128
 225 009b 0B       		.byte	11
 226 009c 09       		.byte	9
 227 009d 0F       		.byte	15
 228 009e 02       		.byte	2
 229 009f 00       		.byte	0
 230 00a0 7C       		.byte	124
 231 00a1 05       		.byte	5
 232 00a2 00       		.byte	0
 233 00a3 0E       		.byte	14
 234 00a4 0E       		.byte	14
ARM GAS  D:\Temp\ccni1jj7.s 			page 5


 235 00a5 0F       		.byte	15
 236 00a6 00       		.byte	0
 237 00a7 00       		.byte	0
 238 00a8 DB       		.byte	219
 239 00a9 05       		.byte	5
 240 00aa 90       		.byte	144
 241 00ab 0B       		.byte	11
 242 00ac 0B       		.byte	11
 243 00ad 13       		.byte	19
 244 00ae 00       		.byte	0
 245 00af 00       		.byte	0
 246 00b0 0F       		.byte	15
 247 00b1 06       		.byte	6
 248 00b2 F0       		.byte	240
 249 00b3 12       		.byte	18
 250 00b4 0F       		.byte	15
 251 00b5 0F       		.byte	15
 252 00b6 02       		.byte	2
 253 00b7 00       		.byte	0
 254 00b8 42       		.byte	66
 255 00b9 06       		.byte	6
 256 00ba A0       		.byte	160
 257 00bb 0F       		.byte	15
 258 00bc 11       		.byte	17
 259 00bd 0F       		.byte	15
 260 00be FF       		.byte	-1
 261 00bf 00       		.byte	0
 262 00c0 A4       		.byte	164
 263 00c1 06       		.byte	6
 264 00c2 30       		.byte	48
 265 00c3 19       		.byte	25
 266 00c4 19       		.byte	25
 267 00c5 0F       		.byte	15
 268 00c6 00       		.byte	0
 269 00c7 00       		.byte	0
 270 00c8 3F       		.byte	63
 271 00c9 07       		.byte	7
 272 00ca 70       		.byte	112
 273 00cb 0F       		.byte	15
 274 00cc 10       		.byte	16
 275 00cd 0F       		.byte	15
 276 00ce 00       		.byte	0
 277 00cf 00       		.byte	0
 278 00d0 A1       		.byte	161
 279 00d1 07       		.byte	7
 280 00d2 A0       		.byte	160
 281 00d3 0F       		.byte	15
 282 00d4 11       		.byte	17
 283 00d5 14       		.byte	20
 284 00d6 FF       		.byte	-1
 285 00d7 FB       		.byte	-5
 286 00d8 21       		.byte	33
 287 00d9 08       		.byte	8
 288 00da 90       		.byte	144
 289 00db 0E       		.byte	14
 290 00dc 0D       		.byte	13
 291 00dd 0F       		.byte	15
ARM GAS  D:\Temp\ccni1jj7.s 			page 6


 292 00de 01       		.byte	1
 293 00df 00       		.byte	0
 294              		.section	.rodata.gylph_bitmap,"a"
 295              		.align	2
 298              	gylph_bitmap:
 299 0000 00       		.byte	0
 300 0001 0B       		.byte	11
 301 0002 DF       		.byte	-33
 302 0003 7F       		.byte	127
 303 0004 B6       		.byte	-74
 304 0005 90       		.byte	-112
 305 0006 03       		.byte	3
 306 0007 47       		.byte	71
 307 0008 42       		.byte	66
 308 0009 08       		.byte	8
 309 000a 00       		.byte	0
 310 000b 96       		.byte	-106
 311 000c E4       		.byte	-28
 312 000d 02       		.byte	2
 313 000e 50       		.byte	80
 314 000f 15       		.byte	21
 315 0010 9A       		.byte	-102
 316 0011 95       		.byte	-107
 317 0012 00       		.byte	0
 318 0013 33       		.byte	51
 319 0014 00       		.byte	0
 320 0015 1D       		.byte	29
 321 0016 1D       		.byte	29
 322 0017 4C       		.byte	76
 323 0018 AD       		.byte	-83
 324 0019 5A       		.byte	90
 325 001a 00       		.byte	0
 326 001b 80       		.byte	-128
 327 001c 01       		.byte	1
 328 001d B8       		.byte	-72
 329 001e 07       		.byte	7
 330 001f 89       		.byte	-119
 331 0020 C0       		.byte	-64
 332 0021 48       		.byte	72
 333 0022 03       		.byte	3
 334 0023 FD       		.byte	-3
 335 0024 C0       		.byte	-64
 336 0025 06       		.byte	6
 337 0026 00       		.byte	0
 338 0027 14       		.byte	20
 339 0028 67       		.byte	103
 340 0029 73       		.byte	115
 341 002a FE       		.byte	-2
 342 002b 90       		.byte	-112
 343 002c 0C       		.byte	12
 344 002d DA       		.byte	-38
 345 002e E6       		.byte	-26
 346 002f 22       		.byte	34
 347 0030 00       		.byte	0
 348 0031 F0       		.byte	-16
 349 0032 94       		.byte	-108
 350 0033 80       		.byte	-128
ARM GAS  D:\Temp\ccni1jj7.s 			page 7


 351 0034 D7       		.byte	-41
 352 0035 7F       		.byte	127
 353 0036 E9       		.byte	-23
 354 0037 00       		.byte	0
 355 0038 94       		.byte	-108
 356 0039 01       		.byte	1
 357 003a 4A       		.byte	74
 358 003b 20       		.byte	32
 359 003c 1F       		.byte	31
 360 003d B8       		.byte	-72
 361 003e 00       		.byte	0
 362 003f A0       		.byte	-96
 363 0040 1E       		.byte	30
 364 0041 E0       		.byte	-32
 365 0042 0B       		.byte	11
 366 0043 80       		.byte	-128
 367 0044 08       		.byte	8
 368 0045 01       		.byte	1
 369 0046 C4       		.byte	-60
 370 0047 E0       		.byte	-32
 371 0048 12       		.byte	18
 372 0049 80       		.byte	-128
 373 004a 2D       		.byte	45
 374 004b 40       		.byte	64
 375 004c 02       		.byte	2
 376 004d D8       		.byte	-40
 377 004e 01       		.byte	1
 378 004f 8A       		.byte	-118
 379 0050 80       		.byte	-128
 380 0051 6B       		.byte	107
 381 0052 FD       		.byte	-3
 382 0053 D2       		.byte	-46
 383 0054 2C       		.byte	44
 384 0055 01       		.byte	1
 385 0056 97       		.byte	-105
 386 0057 58       		.byte	88
 387 0058 40       		.byte	64
 388 0059 04       		.byte	4
 389 005a DB       		.byte	-37
 390 005b 40       		.byte	64
 391 005c 10       		.byte	16
 392 005d 7F       		.byte	127
 393 005e F1       		.byte	-15
 394 005f 80       		.byte	-128
 395 0060 7F       		.byte	127
 396 0061 FF       		.byte	-1
 397 0062 C0       		.byte	-64
 398 0063 3F       		.byte	63
 399 0064 F9       		.byte	-7
 400 0065 4B       		.byte	75
 401 0066 7D       		.byte	125
 402 0067 FB       		.byte	-5
 403 0068 6A       		.byte	106
 404 0069 01       		.byte	1
 405 006a F3       		.byte	-13
 406 006b 65       		.byte	101
 407 006c 20       		.byte	32
ARM GAS  D:\Temp\ccni1jj7.s 			page 8


 408 006d 81       		.byte	-127
 409 006e 25       		.byte	37
 410 006f 69       		.byte	105
 411 0070 00       		.byte	0
 412 0071 75       		.byte	117
 413 0072 98       		.byte	-104
 414 0073 2C       		.byte	44
 415 0074 4B       		.byte	75
 416 0075 88       		.byte	-120
 417 0076 16       		.byte	22
 418 0077 90       		.byte	-112
 419 0078 06       		.byte	6
 420 0079 12       		.byte	18
 421 007a DA       		.byte	-38
 422 007b 76       		.byte	118
 423 007c 8E       		.byte	-114
 424 007d 60       		.byte	96
 425 007e 07       		.byte	7
 426 007f 80       		.byte	-128
 427 0080 77       		.byte	119
 428 0081 90       		.byte	-112
 429 0082 07       		.byte	7
 430 0083 4A       		.byte	74
 431 0084 81       		.byte	-127
 432 0085 28       		.byte	40
 433 0086 04       		.byte	4
 434 0087 C4       		.byte	-60
 435 0088 01       		.byte	1
 436 0089 F4       		.byte	-12
 437 008a 00       		.byte	0
 438 008b 3C       		.byte	60
 439 008c 02       		.byte	2
 440 008d C0       		.byte	-64
 441 008e 0F       		.byte	15
 442 008f C4       		.byte	-60
 443 0090 20       		.byte	32
 444 0091 C0       		.byte	-64
 445 0092 13       		.byte	19
 446 0093 00       		.byte	0
 447 0094 7F       		.byte	127
 448 0095 18       		.byte	24
 449 0096 10       		.byte	16
 450 0097 04       		.byte	4
 451 0098 C0       		.byte	-64
 452 0099 1F       		.byte	31
 453 009a C6       		.byte	-58
 454 009b 04       		.byte	4
 455 009c 01       		.byte	1
 456 009d 60       		.byte	96
 457 009e 07       		.byte	7
 458 009f E3       		.byte	-29
 459 00a0 10       		.byte	16
 460 00a1 60       		.byte	96
 461 00a2 09       		.byte	9
 462 00a3 88       		.byte	-120
 463 00a4 03       		.byte	3
 464 00a5 E8       		.byte	-24
ARM GAS  D:\Temp\ccni1jj7.s 			page 9


 465 00a6 00       		.byte	0
 466 00a7 78       		.byte	120
 467 00a8 06       		.byte	6
 468 00a9 F2       		.byte	-14
 469 00aa 00       		.byte	0
 470 00ab E9       		.byte	-23
 471 00ac 40       		.byte	64
 472 00ad 25       		.byte	37
 473 00ae 00       		.byte	0
 474 00af 88       		.byte	-120
 475 00b0 9B       		.byte	-101
 476 00b1 4E       		.byte	78
 477 00b2 D1       		.byte	-47
 478 00b3 CC       		.byte	-52
 479 00b4 00       		.byte	0
 480 00b5 F0       		.byte	-16
 481 00b6 0D       		.byte	13
 482 00b7 C6       		.byte	-58
 483 00b8 0B       		.byte	11
 484 00b9 12       		.byte	18
 485 00ba E2       		.byte	-30
 486 00bb 05       		.byte	5
 487 00bc A4       		.byte	-92
 488 00bd 01       		.byte	1
 489 00be 87       		.byte	-121
 490 00bf 29       		.byte	41
 491 00c0 04       		.byte	4
 492 00c1 05       		.byte	5
 493 00c2 2B       		.byte	43
 494 00c3 48       		.byte	72
 495 00c4 00       		.byte	0
 496 00c5 00       		.byte	0
 497 00c6 C7       		.byte	-57
 498 00c7 3B       		.byte	59
 499 00c8 FE       		.byte	-2
 500 00c9 D9       		.byte	-39
 501 00ca 30       		.byte	48
 502 00cb 0E       		.byte	14
 503 00cc 1B       		.byte	27
 504 00cd C6       		.byte	-58
 505 00ce 20       		.byte	32
 506 00cf 01       		.byte	1
 507 00d0 36       		.byte	54
 508 00d1 48       		.byte	72
 509 00d2 04       		.byte	4
 510 00d3 38       		.byte	56
 511 00d4 80       		.byte	-128
 512 00d5 2D       		.byte	45
 513 00d6 32       		.byte	50
 514 00d7 60       		.byte	96
 515 00d8 03       		.byte	3
 516 00d9 40       		.byte	64
 517 00da 02       		.byte	2
 518 00db 88       		.byte	-120
 519 00dc 17       		.byte	23
 520 00dd A5       		.byte	-91
 521 00de 99       		.byte	-103
ARM GAS  D:\Temp\ccni1jj7.s 			page 10


 522 00df 3C       		.byte	60
 523 00e0 60       		.byte	96
 524 00e1 11       		.byte	17
 525 00e2 A0       		.byte	-96
 526 00e3 1D       		.byte	29
 527 00e4 00       		.byte	0
 528 00e5 70       		.byte	112
 529 00e6 EE       		.byte	-18
 530 00e7 A0       		.byte	-96
 531 00e8 2C       		.byte	44
 532 00e9 01       		.byte	1
 533 00ea 00       		.byte	0
 534 00eb 1F       		.byte	31
 535 00ec 09       		.byte	9
 536 00ed 00       		.byte	0
 537 00ee 0C       		.byte	12
 538 00ef 00       		.byte	0
 539 00f0 80       		.byte	-128
 540 00f1 1F       		.byte	31
 541 00f2 F3       		.byte	-13
 542 00f3 80       		.byte	-128
 543 00f4 80       		.byte	-128
 544 00f5 7F       		.byte	127
 545 00f6 F0       		.byte	-16
 546 00f7 1C       		.byte	28
 547 00f8 04       		.byte	4
 548 00f9 03       		.byte	3
 549 00fa FF       		.byte	-1
 550 00fb 80       		.byte	-128
 551 00fc 60       		.byte	96
 552 00fd 04       		.byte	4
 553 00fe 00       		.byte	0
 554 00ff FF       		.byte	-1
 555 0100 A8       		.byte	-88
 556 0101 01       		.byte	1
 557 0102 00       		.byte	0
 558 0103 1F       		.byte	31
 559 0104 09       		.byte	9
 560 0105 00       		.byte	0
 561 0106 09       		.byte	9
 562 0107 00       		.byte	0
 563 0108 E8       		.byte	-24
 564 0109 03       		.byte	3
 565 010a 87       		.byte	-121
 566 010b 75       		.byte	117
 567 010c 00       		.byte	0
 568 010d 0A       		.byte	10
 569 010e 20       		.byte	32
 570 010f 5E       		.byte	94
 571 0110 96       		.byte	-106
 572 0111 64       		.byte	100
 573 0112 F1       		.byte	-15
 574 0113 80       		.byte	-128
 575 0114 61       		.byte	97
 576 0115 C4       		.byte	-60
 577 0116 01       		.byte	1
 578 0117 69       		.byte	105
ARM GAS  D:\Temp\ccni1jj7.s 			page 11


 579 0118 93       		.byte	-109
 580 0119 00       		.byte	0
 581 011a 1E       		.byte	30
 582 011b 00       		.byte	0
 583 011c 21       		.byte	33
 584 011d BC       		.byte	-68
 585 011e 62       		.byte	98
 586 011f 00       		.byte	0
 587 0120 13       		.byte	19
 588 0121 64       		.byte	100
 589 0122 00       		.byte	0
 590 0123 00       		.byte	0
 591 0124 00       		.byte	0
 592 0125 FF       		.byte	-1
 593 0126 E0       		.byte	-32
 594 0127 17       		.byte	23
 595 0128 FA       		.byte	-6
 596 0129 00       		.byte	0
 597 012a 3F       		.byte	63
 598 012b FF       		.byte	-1
 599 012c E0       		.byte	-32
 600 012d 1F       		.byte	31
 601 012e CB       		.byte	-53
 602 012f 5B       		.byte	91
 603 0130 FD       		.byte	-3
 604 0131 8C       		.byte	-116
 605 0132 01       		.byte	1
 606 0133 F1       		.byte	-15
 607 0134 65       		.byte	101
 608 0135 29       		.byte	41
 609 0136 00       		.byte	0
 610 0137 9C       		.byte	-100
 611 0138 EB       		.byte	-21
 612 0139 00       		.byte	0
 613 013a 61       		.byte	97
 614 013b C3       		.byte	-61
 615 013c 01       		.byte	1
 616 013d 69       		.byte	105
 617 013e 92       		.byte	-110
 618 013f 81       		.byte	-127
 619 0140 50       		.byte	80
 620 0141 06       		.byte	6
 621 0142 D1       		.byte	-47
 622 0143 05       		.byte	5
 623 0144 E9       		.byte	-23
 624 0145 66       		.byte	102
 625 0146 57       		.byte	87
 626 0147 18       		.byte	24
 627 0148 80       		.byte	-128
 628 0149 46       		.byte	70
 629 014a 60       		.byte	96
 630 014b 3A       		.byte	58
 631 014c 00       		.byte	0
 632 014d E1       		.byte	-31
 633 014e D1       		.byte	-47
 634 014f 00       		.byte	0
 635 0150 A8       		.byte	-88
ARM GAS  D:\Temp\ccni1jj7.s 			page 12


 636 0151 01       		.byte	1
 637 0152 00       		.byte	0
 638 0153 1F       		.byte	31
 639 0154 0B       		.byte	11
 640 0155 00       		.byte	0
 641 0156 44       		.byte	68
 642 0157 00       		.byte	0
 643 0158 40       		.byte	64
 644 0159 0F       		.byte	15
 645 015a D6       		.byte	-42
 646 015b 01       		.byte	1
 647 015c 38       		.byte	56
 648 015d 08       		.byte	8
 649 015e 07       		.byte	7
 650 015f F0       		.byte	-16
 651 0160 80       		.byte	-128
 652 0161 4E       		.byte	78
 653 0162 02       		.byte	2
 654 0163 01       		.byte	1
 655 0164 FC       		.byte	-4
 656 0165 20       		.byte	32
 657 0166 11       		.byte	17
 658 0167 00       		.byte	0
 659 0168 0C       		.byte	12
 660 0169 03       		.byte	3
 661 016a F2       		.byte	-14
 662 016b 00       		.byte	0
 663 016c 54       		.byte	84
 664 016d 00       		.byte	0
 665 016e 80       		.byte	-128
 666 016f 0F       		.byte	15
 667 0170 D4       		.byte	-44
 668 0171 01       		.byte	1
 669 0172 19       		.byte	25
 670 0173 81       		.byte	-127
 671 0174 20       		.byte	32
 672 0175 03       		.byte	3
 673 0176 D6       		.byte	-42
 674 0177 40       		.byte	64
 675 0178 1B       		.byte	27
 676 0179 44       		.byte	68
 677 017a 1F       		.byte	31
 678 017b 18       		.byte	24
 679 017c D1       		.byte	-47
 680 017d F9       		.byte	-7
 681 017e 04       		.byte	4
 682 017f 03       		.byte	3
 683 0180 0E       		.byte	14
 684 0181 18       		.byte	24
 685 0182 1C       		.byte	28
 686 0183 E5       		.byte	-27
 687 0184 C0       		.byte	-64
 688 0185 8B       		.byte	-117
 689 0186 40       		.byte	64
 690 0187 38       		.byte	56
 691 0188 B2       		.byte	-78
 692 0189 90       		.byte	-112
ARM GAS  D:\Temp\ccni1jj7.s 			page 13


 693 018a 80       		.byte	-128
 694 018b 4E       		.byte	78
 695 018c 38       		.byte	56
 696 018d C0       		.byte	-64
 697 018e 20       		.byte	32
 698 018f 00       		.byte	0
 699 0190 C9       		.byte	-55
 700 0191 7B       		.byte	123
 701 0192 FD       		.byte	-3
 702 0193 8C       		.byte	-116
 703 0194 20       		.byte	32
 704 0195 1C       		.byte	28
 705 0196 39       		.byte	57
 706 0197 68       		.byte	104
 707 0198 40       		.byte	64
 708 0199 27       		.byte	39
 709 019a 3E       		.byte	62
 710 019b 80       		.byte	-128
 711 019c 10       		.byte	16
 712 019d F9       		.byte	-7
 713 019e 82       		.byte	-126
 714 019f 4D       		.byte	77
 715 01a0 D3       		.byte	-45
 716 01a1 00       		.byte	0
 717 01a2 DA       		.byte	-38
 718 01a3 00       		.byte	0
 719 01a4 28       		.byte	40
 720 01a5 42       		.byte	66
 721 01a6 EC       		.byte	-20
 722 01a7 C8       		.byte	-56
 723 01a8 B3       		.byte	-77
 724 01a9 A4       		.byte	-92
 725 01aa 14       		.byte	20
 726 01ab 26       		.byte	38
 727 01ac 81       		.byte	-127
 728 01ad 28       		.byte	40
 729 01ae 01       		.byte	1
 730 01af C5       		.byte	-59
 731 01b0 E0       		.byte	-32
 732 01b1 2F       		.byte	47
 733 01b2 40       		.byte	64
 734 01b3 06       		.byte	6
 735 01b4 00       		.byte	0
 736 01b5 F8       		.byte	-8
 737 01b6 90       		.byte	-112
 738 01b7 34       		.byte	52
 739 01b8 80       		.byte	-128
 740 01b9 1F       		.byte	31
 741 01ba FF       		.byte	-1
 742 01bb C8       		.byte	-56
 743 01bc 0C       		.byte	12
 744 01bd E0       		.byte	-32
 745 01be 1F       		.byte	31
 746 01bf FC       		.byte	-4
 747 01c0 13       		.byte	19
 748 01c1 70       		.byte	112
 749 01c2 07       		.byte	7
ARM GAS  D:\Temp\ccni1jj7.s 			page 14


 750 01c3 FF       		.byte	-1
 751 01c4 FD       		.byte	-3
 752 01c5 C6       		.byte	-58
 753 01c6 00       		.byte	0
 754 01c7 40       		.byte	64
 755 01c8 0F       		.byte	15
 756 01c9 FA       		.byte	-6
 757 01ca C0       		.byte	-64
 758 01cb 10       		.byte	16
 759 01cc 01       		.byte	1
 760 01cd F8       		.byte	-8
 761 01ce 40       		.byte	64
 762 01cf 06       		.byte	6
 763 01d0 80       		.byte	-128
 764 01d1 76       		.byte	118
 765 01d2 20       		.byte	32
 766 01d3 1C       		.byte	28
 767 01d4 BE       		.byte	-66
 768 01d5 60       		.byte	96
 769 01d6 0A       		.byte	10
 770 01d7 20       		.byte	32
 771 01d8 4E       		.byte	78
 772 01d9 96       		.byte	-106
 773 01da 64       		.byte	100
 774 01db 65       		.byte	101
 775 01dc 0F       		.byte	15
 776 01dd 80       		.byte	-128
 777 01de 07       		.byte	7
 778 01df 10       		.byte	16
 779 01e0 00       		.byte	0
 780 01e1 D3       		.byte	-45
 781 01e2 27       		.byte	39
 782 01e3 30       		.byte	48
 783 01e4 2E       		.byte	46
 784 01e5 00       		.byte	0
 785 01e6 86       		.byte	-122
 786 01e7 F1       		.byte	-15
 787 01e8 88       		.byte	-120
 788 01e9 40       		.byte	64
 789 01ea 56       		.byte	86
 790 01eb B4       		.byte	-76
 791 01ec 80       		.byte	-128
 792 01ed 00       		.byte	0
 793 01ee C3       		.byte	-61
 794 01ef 1B       		.byte	27
 795 01f0 FD       		.byte	-3
 796 01f1 68       		.byte	104
 797 01f2 01       		.byte	1
 798 01f3 0E       		.byte	14
 799 01f4 39       		.byte	57
 800 01f5 00       		.byte	0
 801 01f6 A6       		.byte	-90
 802 01f7 80       		.byte	-128
 803 01f8 50       		.byte	80
 804 01f9 40       		.byte	64
 805 01fa B7       		.byte	-73
 806 01fb 66       		.byte	102
ARM GAS  D:\Temp\ccni1jj7.s 			page 15


 807 01fc A0       		.byte	-96
 808 01fd 09       		.byte	9
 809 01fe C0       		.byte	-64
 810 01ff A9       		.byte	-87
 811 0200 11       		.byte	17
 812 0201 26       		.byte	38
 813 0202 01       		.byte	1
 814 0203 08       		.byte	8
 815 0204 20       		.byte	32
 816 0205 07       		.byte	7
 817 0206 C2       		.byte	-62
 818 0207 01       		.byte	1
 819 0208 FA       		.byte	-6
 820 0209 7F       		.byte	127
 821 020a 80       		.byte	-128
 822 020b 0D       		.byte	13
 823 020c FF       		.byte	-1
 824 020d 70       		.byte	112
 825 020e 07       		.byte	7
 826 020f FF       		.byte	-1
 827 0210 02       		.byte	2
 828 0211 F2       		.byte	-14
 829 0212 C0       		.byte	-64
 830 0213 09       		.byte	9
 831 0214 99       		.byte	-103
 832 0215 68       		.byte	104
 833 0216 11       		.byte	17
 834 0217 A8       		.byte	-88
 835 0218 00       		.byte	0
 836 0219 4C       		.byte	76
 837 021a F0       		.byte	-16
 838 021b 07       		.byte	7
 839 021c FF       		.byte	-1
 840 021d FC       		.byte	-4
 841 021e 03       		.byte	3
 842 021f FF       		.byte	-1
 843 0220 C6       		.byte	-58
 844 0221 00       		.byte	0
 845 0222 CB       		.byte	-53
 846 0223 7B       		.byte	123
 847 0224 FD       		.byte	-3
 848 0225 8E       		.byte	-114
 849 0226 21       		.byte	33
 850 0227 9F       		.byte	-97
 851 0228 80       		.byte	-128
 852 0229 03       		.byte	3
 853 022a DA       		.byte	-38
 854 022b 42       		.byte	66
 855 022c 01       		.byte	1
 856 022d 38       		.byte	56
 857 022e F4       		.byte	-12
 858 022f 00       		.byte	0
 859 0230 C7       		.byte	-57
 860 0231 84       		.byte	-124
 861 0232 04       		.byte	4
 862 0233 F3       		.byte	-13
 863 0234 27       		.byte	39
ARM GAS  D:\Temp\ccni1jj7.s 			page 16


 864 0235 11       		.byte	17
 865 0236 59       		.byte	89
 866 0237 00       		.byte	0
 867 0238 5C       		.byte	92
 868 0239 00       		.byte	0
 869 023a 7D       		.byte	125
 870 023b 86       		.byte	-122
 871 023c 64       		.byte	100
 872 023d 73       		.byte	115
 873 023e 80       		.byte	-128
 874 023f 80       		.byte	-128
 875 0240 14       		.byte	20
 876 0241 81       		.byte	-127
 877 0242 A0       		.byte	-96
 878 0243 03       		.byte	3
 879 0244 D0       		.byte	-48
 880 0245 C0       		.byte	-64
 881 0246 17       		.byte	23
 882 0247 80       		.byte	-128
 883 0248 2C       		.byte	44
 884 0249 03       		.byte	3
 885 024a F5       		.byte	-11
 886 024b 80       		.byte	-128
 887 024c 4C       		.byte	76
 888 024d 02       		.byte	2
 889 024e 40       		.byte	64
 890 024f 1F       		.byte	31
 891 0250 88       		.byte	-120
 892 0251 40       		.byte	64
 893 0252 30       		.byte	48
 894 0253 80       		.byte	-128
 895 0254 7F       		.byte	127
 896 0255 84       		.byte	-124
 897 0256 00       		.byte	0
 898 0257 C0       		.byte	-64
 899 0258 02       		.byte	2
 900 0259 00       		.byte	0
 901 025a FC       		.byte	-4
 902 025b 40       		.byte	64
 903 025c 17       		.byte	23
 904 025d 80       		.byte	-128
 905 025e 20       		.byte	32
 906 025f 03       		.byte	3
 907 0260 F4       		.byte	-12
 908 0261 00       		.byte	0
 909 0262 4A       		.byte	74
 910 0263 40       		.byte	64
 911 0264 B2       		.byte	-78
 912 0265 01       		.byte	1
 913 0266 E9       		.byte	-23
 914 0267 50       		.byte	80
 915 0268 0D       		.byte	13
 916 0269 E0       		.byte	-32
 917 026a 06       		.byte	6
 918 026b E9       		.byte	-23
 919 026c 66       		.byte	102
 920 026d 4F       		.byte	79
ARM GAS  D:\Temp\ccni1jj7.s 			page 17


 921 026e 30       		.byte	48
 922 026f 07       		.byte	7
 923 0270 16       		.byte	22
 924 0271 10       		.byte	16
 925 0272 0B       		.byte	11
 926 0273 4C       		.byte	76
 927 0274 98       		.byte	-104
 928 0275 45       		.byte	69
 929 0276 60       		.byte	96
 930 0277 07       		.byte	7
 931 0278 00       		.byte	0
 932 0279 1E       		.byte	30
 933 027a D2       		.byte	-46
 934 027b 10       		.byte	16
 935 027c 09       		.byte	9
 936 027d C7       		.byte	-57
 937 027e A0       		.byte	-96
 938 027f 00       		.byte	0
 939 0280 40       		.byte	64
 940 0281 32       		.byte	50
 941 0282 DE       		.byte	-34
 942 0283 FF       		.byte	-1
 943 0284 63       		.byte	99
 944 0285 89       		.byte	-119
 945 0286 00       		.byte	0
 946 0287 0C       		.byte	12
 947 0288 03       		.byte	3
 948 0289 FF       		.byte	-1
 949 028a 81       		.byte	-127
 950 028b 40       		.byte	64
 951 028c 0C       		.byte	12
 952 028d 03       		.byte	3
 953 028e E6       		.byte	-26
 954 028f 00       		.byte	0
 955 0290 F9       		.byte	-7
 956 0291 5C       		.byte	92
 957 0292 05       		.byte	5
 958 0293 43       		.byte	67
 959 0294 C6       		.byte	-58
 960 0295 7A       		.byte	122
 961 0296 9D       		.byte	-99
 962 0297 99       		.byte	-103
 963 0298 19       		.byte	25
 964 0299 40       		.byte	64
 965 029a 0B       		.byte	11
 966 029b 00       		.byte	0
 967 029c 71       		.byte	113
 968 029d 80       		.byte	-128
 969 029e AC       		.byte	-84
 970 029f 4C       		.byte	76
 971 02a0 9C       		.byte	-100
 972 02a1 C0       		.byte	-64
 973 02a2 12       		.byte	18
 974 02a3 A0       		.byte	-96
 975 02a4 02       		.byte	2
 976 02a5 CC       		.byte	-52
 977 02a6 3A       		.byte	58
ARM GAS  D:\Temp\ccni1jj7.s 			page 18


 978 02a7 08       		.byte	8
 979 02a8 00       		.byte	0
 980 02a9 52       		.byte	82
 981 02aa 39       		.byte	57
 982 02ab 80       		.byte	-128
 983 02ac 00       		.byte	0
 984 02ad 7F       		.byte	127
 985 02ae F1       		.byte	-15
 986 02af 80       		.byte	-128
 987 02b0 7F       		.byte	127
 988 02b1 FF       		.byte	-1
 989 02b2 C0       		.byte	-64
 990 02b3 3F       		.byte	63
 991 02b4 F8       		.byte	-8
 992 02b5 8D       		.byte	-115
 993 02b6 7D       		.byte	125
 994 02b7 FD       		.byte	-3
 995 02b8 6A       		.byte	106
 996 02b9 01       		.byte	1
 997 02ba E6       		.byte	-26
 998 02bb D9       		.byte	-39
 999 02bc 41       		.byte	65
 1000 02bd 01       		.byte	1
 1001 02be 4A       		.byte	74
 1002 02bf B0       		.byte	-80
 1003 02c0 0E       		.byte	14
 1004 02c1 A2       		.byte	-94
 1005 02c2 16       		.byte	22
 1006 02c3 88       		.byte	-120
 1007 02c4 28       		.byte	40
 1008 02c5 01       		.byte	1
 1009 02c6 24       		.byte	36
 1010 02c7 03       		.byte	3
 1011 02c8 93       		.byte	-109
 1012 02c9 A5       		.byte	-91
 1013 02ca DD       		.byte	-35
 1014 02cb 58       		.byte	88
 1015 02cc 00       		.byte	0
 1016 02cd 62       		.byte	98
 1017 02ce 00       		.byte	0
 1018 02cf 86       		.byte	-122
 1019 02d0 C0       		.byte	-64
 1020 02d1 38       		.byte	56
 1021 02d2 E0       		.byte	-32
 1022 02d3 00       		.byte	0
 1023 02d4 80       		.byte	-128
 1024 02d5 14       		.byte	20
 1025 02d6 80       		.byte	-128
 1026 02d7 7C       		.byte	124
 1027 02d8 80       		.byte	-128
 1028 02d9 0E       		.byte	14
 1029 02da 00       		.byte	0
 1030 02db 8C       		.byte	-116
 1031 02dc 03       		.byte	3
 1032 02dd E2       		.byte	-30
 1033 02de 00       		.byte	0
 1034 02df 08       		.byte	8
ARM GAS  D:\Temp\ccni1jj7.s 			page 19


 1035 02e0 04       		.byte	4
 1036 02e1 E0       		.byte	-32
 1037 02e2 1F       		.byte	31
 1038 02e3 E3       		.byte	-29
 1039 02e4 00       		.byte	0
 1040 02e5 FF       		.byte	-1
 1041 02e6 FF       		.byte	-1
 1042 02e7 80       		.byte	-128
 1043 02e8 7F       		.byte	127
 1044 02e9 F4       		.byte	-12
 1045 02ea 80       		.byte	-128
 1046 02eb 5E       		.byte	94
 1047 02ec D3       		.byte	-45
 1048 02ed 81       		.byte	-127
 1049 02ee 29       		.byte	41
 1050 02ef 60       		.byte	96
 1051 02f0 06       		.byte	6
 1052 02f1 DC       		.byte	-36
 1053 02f2 D3       		.byte	-45
 1054 02f3 83       		.byte	-125
 1055 02f4 28       		.byte	40
 1056 02f5 07       		.byte	7
 1057 02f6 3F       		.byte	63
 1058 02f7 F8       		.byte	-8
 1059 02f8 C0       		.byte	-64
 1060 02f9 3F       		.byte	63
 1061 02fa FD       		.byte	-3
 1062 02fb 80       		.byte	-128
 1063 02fc 00       		.byte	0
 1064 02fd E3       		.byte	-29
 1065 02fe EE       		.byte	-18
 1066 02ff 20       		.byte	32
 1067 0300 07       		.byte	7
 1068 0301 40       		.byte	64
 1069 0302 8A       		.byte	-118
 1070 0303 00       		.byte	0
 1071 0304 38       		.byte	56
 1072 0305 80       		.byte	-128
 1073 0306 0A       		.byte	10
 1074 0307 01       		.byte	1
 1075 0308 D3       		.byte	-45
 1076 0309 38       		.byte	56
 1077 030a 03       		.byte	3
 1078 030b CC       		.byte	-52
 1079 030c C0       		.byte	-64
 1080 030d 0F       		.byte	15
 1081 030e FE       		.byte	-2
 1082 030f 1A       		.byte	26
 1083 0310 FF       		.byte	-1
 1084 0311 98       		.byte	-104
 1085 0312 03       		.byte	3
 1086 0313 FF       		.byte	-1
 1087 0314 FE       		.byte	-2
 1088 0315 01       		.byte	1
 1089 0316 FF       		.byte	-1
 1090 0317 EF       		.byte	-17
 1091 0318 30       		.byte	48
ARM GAS  D:\Temp\ccni1jj7.s 			page 20


 1092 0319 0E       		.byte	14
 1093 031a C0       		.byte	-64
 1094 031b 03       		.byte	3
 1095 031c 05       		.byte	5
 1096 031d B2       		.byte	-78
 1097 031e C3       		.byte	-61
 1098 031f 00       		.byte	0
 1099 0320 9A       		.byte	-102
 1100 0321 A4       		.byte	-92
 1101 0322 D3       		.byte	-45
 1102 0323 80       		.byte	-128
 1103 0324 28       		.byte	40
 1104 0325 1D       		.byte	29
 1105 0326 48       		.byte	72
 1106 0327 05       		.byte	5
 1107 0328 31       		.byte	49
 1108 0329 00       		.byte	0
 1109 032a 7F       		.byte	127
 1110 032b F1       		.byte	-15
 1111 032c 80       		.byte	-128
 1112 032d 7F       		.byte	127
 1113 032e FF       		.byte	-1
 1114 032f C0       		.byte	-64
 1115 0330 3F       		.byte	63
 1116 0331 F9       		.byte	-7
 1117 0332 E9       		.byte	-23
 1118 0333 FE       		.byte	-2
 1119 0334 E2       		.byte	-30
 1120 0335 00       		.byte	0
 1121 0336 FF       		.byte	-1
 1122 0337 2D       		.byte	45
 1123 0338 80       		.byte	-128
 1124 0339 E1       		.byte	-31
 1125 033a 00       		.byte	0
 1126 033b 7F       		.byte	127
 1127 033c 35       		.byte	53
 1128 033d 00       		.byte	0
 1129 033e E1       		.byte	-31
 1130 033f 00       		.byte	0
 1131 0340 7F       		.byte	127
 1132 0341 3C       		.byte	60
 1133 0342 80       		.byte	-128
 1134 0343 E1       		.byte	-31
 1135 0344 00       		.byte	0
 1136 0345 7F       		.byte	127
 1137 0346 44       		.byte	68
 1138 0347 00       		.byte	0
 1139 0348 70       		.byte	112
 1140 0349 80       		.byte	-128
 1141 034a 3F       		.byte	63
 1142 034b A5       		.byte	-91
 1143 034c C0       		.byte	-64
 1144 034d 70       		.byte	112
 1145 034e 80       		.byte	-128
 1146 034f 3F       		.byte	63
 1147 0350 3D       		.byte	61
 1148 0351 30       		.byte	48
ARM GAS  D:\Temp\ccni1jj7.s 			page 21


 1149 0352 01       		.byte	1
 1150 0353 C8       		.byte	-56
 1151 0354 03       		.byte	3
 1152 0355 FA       		.byte	-6
 1153 0356 94       		.byte	-108
 1154 0357 02       		.byte	2
 1155 0358 65       		.byte	101
 1156 0359 00       		.byte	0
 1157 035a FE       		.byte	-2
 1158 035b 10       		.byte	16
 1159 035c 3A       		.byte	58
 1160 035d 00       		.byte	0
 1161 035e 51       		.byte	81
 1162 035f 00       		.byte	0
 1163 0360 7F       		.byte	127
 1164 0361 26       		.byte	38
 1165 0362 2B       		.byte	43
 1166 0363 80       		.byte	-128
 1167 0364 3C       		.byte	60
 1168 0365 03       		.byte	3
 1169 0366 F2       		.byte	-14
 1170 0367 D8       		.byte	-40
 1171 0368 02       		.byte	2
 1172 0369 10       		.byte	16
 1173 036a 0A       		.byte	10
 1174 036b 80       		.byte	-128
 1175 036c 3E       		.byte	62
 1176 036d 90       		.byte	-112
 1177 036e 0D       		.byte	13
 1178 036f 64       		.byte	100
 1179 0370 0A       		.byte	10
 1180 0371 E0       		.byte	-32
 1181 0372 1F       		.byte	31
 1182 0373 FC       		.byte	-4
 1183 0374 0F       		.byte	15
 1184 0375 00       		.byte	0
 1185 0376 42       		.byte	66
 1186 0377 00       		.byte	0
 1187 0378 7F       		.byte	127
 1188 0379 C5       		.byte	-59
 1189 037a 40       		.byte	64
 1190 037b 0A       		.byte	10
 1191 037c 10       		.byte	16
 1192 037d 0F       		.byte	15
 1193 037e F9       		.byte	-7
 1194 037f 5C       		.byte	92
 1195 0380 07       		.byte	7
 1196 0381 40       		.byte	64
 1197 0382 7F       		.byte	127
 1198 0383 F1       		.byte	-15
 1199 0384 80       		.byte	-128
 1200 0385 7F       		.byte	127
 1201 0386 FF       		.byte	-1
 1202 0387 C0       		.byte	-64
 1203 0388 38       		.byte	56
 1204 0389 7F       		.byte	127
 1205 038a F1       		.byte	-15
ARM GAS  D:\Temp\ccni1jj7.s 			page 22


 1206 038b 0C       		.byte	12
 1207 038c 67       		.byte	103
 1208 038d 7E       		.byte	126
 1209 038e C9       		.byte	-55
 1210 038f 80       		.byte	-128
 1211 0390 45       		.byte	69
 1212 0391 1B       		.byte	27
 1213 0392 FE       		.byte	-2
 1214 0393 D9       		.byte	-39
 1215 0394 20       		.byte	32
 1216 0395 0F       		.byte	15
 1217 0396 3F       		.byte	63
 1218 0397 B9       		.byte	-71
 1219 0398 88       		.byte	-120
 1220 0399 13       		.byte	19
 1221 039a 63       		.byte	99
 1222 039b 83       		.byte	-125
 1223 039c EB       		.byte	-21
 1224 039d 90       		.byte	-112
 1225 039e 00       		.byte	0
 1226 039f 9B       		.byte	-101
 1227 03a0 58       		.byte	88
 1228 03a1 03       		.byte	3
 1229 03a2 A8       		.byte	-88
 1230 03a3 4E       		.byte	78
 1231 03a4 6E       		.byte	110
 1232 03a5 94       		.byte	-108
 1233 03a6 01       		.byte	1
 1234 03a7 15       		.byte	21
 1235 03a8 00       		.byte	0
 1236 03a9 73       		.byte	115
 1237 03aa 74       		.byte	116
 1238 03ab A0       		.byte	-96
 1239 03ac 09       		.byte	9
 1240 03ad 30       		.byte	48
 1241 03ae 0E       		.byte	14
 1242 03af 7C       		.byte	124
 1243 03b0 64       		.byte	100
 1244 03b1 5A       		.byte	90
 1245 03b2 90       		.byte	-112
 1246 03b3 02       		.byte	2
 1247 03b4 83       		.byte	-125
 1248 03b5 E3       		.byte	-29
 1249 03b6 22       		.byte	34
 1250 03b7 D4       		.byte	-44
 1251 03b8 00       		.byte	0
 1252 03b9 20       		.byte	32
 1253 03ba 03       		.byte	3
 1254 03bb 14       		.byte	20
 1255 03bc 00       		.byte	0
 1256 03bd 73       		.byte	115
 1257 03be 10       		.byte	16
 1258 03bf 00       		.byte	0
 1259 03c0 E0       		.byte	-32
 1260 03c1 03       		.byte	3
 1261 03c2 9C       		.byte	-100
 1262 03c3 81       		.byte	-127
ARM GAS  D:\Temp\ccni1jj7.s 			page 23


 1263 03c4 00       		.byte	0
 1264 03c5 35       		.byte	53
 1265 03c6 00       		.byte	0
 1266 03c7 7C       		.byte	124
 1267 03c8 80       		.byte	-128
 1268 03c9 0B       		.byte	11
 1269 03ca 00       		.byte	0
 1270 03cb F9       		.byte	-7
 1271 03cc 00       		.byte	0
 1272 03cd 02       		.byte	2
 1273 03ce 01       		.byte	1
 1274 03cf 18       		.byte	24
 1275 03d0 07       		.byte	7
 1276 03d1 DC       		.byte	-36
 1277 03d2 00       		.byte	0
 1278 03d3 30       		.byte	48
 1279 03d4 0F       		.byte	15
 1280 03d5 84       		.byte	-124
 1281 03d6 00       		.byte	0
 1282 03d7 60       		.byte	96
 1283 03d8 13       		.byte	19
 1284 03d9 80       		.byte	-128
 1285 03da 7F       		.byte	127
 1286 03db 9C       		.byte	-100
 1287 03dc 03       		.byte	3
 1288 03dd FC       		.byte	-4
 1289 03de 20       		.byte	32
 1290 03df 1F       		.byte	31
 1291 03e0 FF       		.byte	-1
 1292 03e1 F0       		.byte	-16
 1293 03e2 0F       		.byte	15
 1294 03e3 FF       		.byte	-1
 1295 03e4 F8       		.byte	-8
 1296 03e5 07       		.byte	7
 1297 03e6 FF       		.byte	-1
 1298 03e7 50       		.byte	80
 1299 03e8 7F       		.byte	127
 1300 03e9 F1       		.byte	-15
 1301 03ea 03       		.byte	3
 1302 03eb E7       		.byte	-25
 1303 03ec 7F       		.byte	127
 1304 03ed 5A       		.byte	90
 1305 03ee 80       		.byte	-128
 1306 03ef 79       		.byte	121
 1307 03f0 FA       		.byte	-6
 1308 03f1 0C       		.byte	12
 1309 03f2 40       		.byte	64
 1310 03f3 52       		.byte	82
 1311 03f4 AC       		.byte	-84
 1312 03f5 03       		.byte	3
 1313 03f6 A8       		.byte	-88
 1314 03f7 4A       		.byte	74
 1315 03f8 2A       		.byte	42
 1316 03f9 8E       		.byte	-114
 1317 03fa 20       		.byte	32
 1318 03fb 92       		.byte	-110
 1319 03fc 01       		.byte	1
ARM GAS  D:\Temp\ccni1jj7.s 			page 24


 1320 03fd CD       		.byte	-51
 1321 03fe AE       		.byte	-82
 1322 03ff AA       		.byte	-86
 1323 0400 8C       		.byte	-116
 1324 0401 10       		.byte	16
 1325 0402 62       		.byte	98
 1326 0403 00       		.byte	0
 1327 0404 8A       		.byte	-118
 1328 0405 40       		.byte	64
 1329 0406 38       		.byte	56
 1330 0407 A4       		.byte	-92
 1331 0408 00       		.byte	0
 1332 0409 80       		.byte	-128
 1333 040a 15       		.byte	21
 1334 040b 00       		.byte	0
 1335 040c 7C       		.byte	124
 1336 040d A0       		.byte	-96
 1337 040e 0E       		.byte	14
 1338 040f 00       		.byte	0
 1339 0410 8C       		.byte	-116
 1340 0411 03       		.byte	3
 1341 0412 E3       		.byte	-29
 1342 0413 00       		.byte	0
 1343 0414 08       		.byte	8
 1344 0415 04       		.byte	4
 1345 0416 E0       		.byte	-32
 1346 0417 1F       		.byte	31
 1347 0418 E3       		.byte	-29
 1348 0419 00       		.byte	0
 1349 041a FF       		.byte	-1
 1350 041b FF       		.byte	-1
 1351 041c 80       		.byte	-128
 1352 041d 7F       		.byte	127
 1353 041e F4       		.byte	-12
 1354 041f 80       		.byte	-128
 1355 0420 00       		.byte	0
 1356 0421 C9       		.byte	-55
 1357 0422 5B       		.byte	91
 1358 0423 FD       		.byte	-3
 1359 0424 B0       		.byte	-80
 1360 0425 40       		.byte	64
 1361 0426 1E       		.byte	30
 1362 0427 1B       		.byte	27
 1363 0428 B2       		.byte	-78
 1364 0429 90       		.byte	-112
 1365 042a 09       		.byte	9
 1366 042b 3E       		.byte	62
 1367 042c C0       		.byte	-64
 1368 042d 06       		.byte	6
 1369 042e 1F       		.byte	31
 1370 042f 40       		.byte	64
 1371 0430 16       		.byte	22
 1372 0431 99       		.byte	-103
 1373 0432 28       		.byte	40
 1374 0433 01       		.byte	1
 1375 0434 EC       		.byte	-20
 1376 0435 02       		.byte	2
ARM GAS  D:\Temp\ccni1jj7.s 			page 25


 1377 0436 A1       		.byte	-95
 1378 0437 05       		.byte	5
 1379 0438 E9       		.byte	-23
 1380 0439 66       		.byte	102
 1381 043a 57       		.byte	87
 1382 043b 18       		.byte	24
 1383 043c 23       		.byte	35
 1384 043d 81       		.byte	-127
 1385 043e A0       		.byte	-96
 1386 043f 1D       		.byte	29
 1387 0440 00       		.byte	0
 1388 0441 70       		.byte	112
 1389 0442 E8       		.byte	-24
 1390 0443 84       		.byte	-124
 1391 0444 85       		.byte	-123
 1392 0445 80       		.byte	-128
 1393 0446 20       		.byte	32
 1394 0447 03       		.byte	3
 1395 0448 E1       		.byte	-31
 1396 0449 90       		.byte	-112
 1397 044a 15       		.byte	21
 1398 044b 30       		.byte	48
 1399 044c 02       		.byte	2
 1400 044d 00       		.byte	0
 1401 044e 7E       		.byte	126
 1402 044f 40       		.byte	64
 1403 0450 01       		.byte	1
 1404 0451 38       		.byte	56
 1405 0452 08       		.byte	8
 1406 0453 07       		.byte	7
 1407 0454 F0       		.byte	-16
 1408 0455 80       		.byte	-128
 1409 0456 39       		.byte	57
 1410 0457 C0       		.byte	-64
 1411 0458 40       		.byte	64
 1412 0459 3F       		.byte	63
 1413 045a 84       		.byte	-124
 1414 045b 01       		.byte	1
 1415 045c C6       		.byte	-58
 1416 045d 00       		.byte	0
 1417 045e 40       		.byte	64
 1418 045f 0F       		.byte	15
 1419 0460 D6       		.byte	-42
 1420 0461 00       		.byte	0
 1421 0462 2B       		.byte	43
 1422 0463 00       		.byte	0
 1423 0464 40       		.byte	64
 1424 0465 07       		.byte	7
 1425 0466 C2       		.byte	-62
 1426 0467 C0       		.byte	-64
 1427 0468 2A       		.byte	42
 1428 0469 68       		.byte	104
 1429 046a 07       		.byte	7
 1430 046b 40       		.byte	64
 1431 046c 1C       		.byte	28
 1432 046d 3A       		.byte	58
 1433 046e 21       		.byte	33
ARM GAS  D:\Temp\ccni1jj7.s 			page 26


 1434 046f 20       		.byte	32
 1435 0470 0A       		.byte	10
 1436 0471 20       		.byte	32
 1437 0472 5E       		.byte	94
 1438 0473 96       		.byte	-106
 1439 0474 65       		.byte	101
 1440 0475 71       		.byte	113
 1441 0476 82       		.byte	-126
 1442 0477 38       		.byte	56
 1443 0478 00       		.byte	0
 1444 0479 71       		.byte	113
 1445 047a 00       		.byte	0
 1446 047b 5A       		.byte	90
 1447 047c 64       		.byte	100
 1448 047d A0       		.byte	-96
 1449 047e 07       		.byte	7
 1450 047f B0       		.byte	-80
 1451 0480 0C       		.byte	12
 1452 0481 37       		.byte	55
 1453 0482 65       		.byte	101
 1454 0483 20       		.byte	32
 1455 0484 12       		.byte	18
 1456 0485 6D       		.byte	109
 1457 0486 80       		.byte	-128
 1458 0487 08       		.byte	8
 1459 0488 7F       		.byte	127
 1460 0489 F1       		.byte	-15
 1461 048a 03       		.byte	3
 1462 048b 5F       		.byte	95
 1463 048c 7E       		.byte	126
 1464 048d DA       		.byte	-38
 1465 048e 80       		.byte	-128
 1466 048f 7C       		.byte	124
 1467 0490 DB       		.byte	-37
 1468 0491 28       		.byte	40
 1469 0492 20       		.byte	32
 1470 0493 49       		.byte	73
 1471 0494 5A       		.byte	90
 1472 0495 40       		.byte	64
 1473 0496 1D       		.byte	29
 1474 0497 44       		.byte	68
 1475 0498 2F       		.byte	47
 1476 0499 76       		.byte	118
 1477 049a 93       		.byte	-109
 1478 049b 02       		.byte	2
 1479 049c D2       		.byte	-46
 1480 049d 00       		.byte	0
 1481 049e C2       		.byte	-62
 1482 049f 7F       		.byte	127
 1483 04a0 08       		.byte	8
 1484 04a1 86       		.byte	-122
 1485 04a2 C8       		.byte	-56
 1486 04a3 00       		.byte	0
 1487 04a4 78       		.byte	120
 1488 04a5 06       		.byte	6
 1489 04a6 1D       		.byte	29
 1490 04a7 10       		.byte	16
ARM GAS  D:\Temp\ccni1jj7.s 			page 27


 1491 04a8 0E       		.byte	14
 1492 04a9 76       		.byte	118
 1493 04aa 02       		.byte	2
 1494 04ab 50       		.byte	80
 1495 04ac 09       		.byte	9
 1496 04ad 84       		.byte	-124
 1497 04ae 03       		.byte	3
 1498 04af EB       		.byte	-21
 1499 04b0 00       		.byte	0
 1500 04b1 78       		.byte	120
 1501 04b2 05       		.byte	5
 1502 04b3 80       		.byte	-128
 1503 04b4 1F       		.byte	31
 1504 04b5 88       		.byte	-120
 1505 04b6 41       		.byte	65
 1506 04b7 80       		.byte	-128
 1507 04b8 27       		.byte	39
 1508 04b9 00       		.byte	0
 1509 04ba FE       		.byte	-2
 1510 04bb 30       		.byte	48
 1511 04bc 20       		.byte	32
 1512 04bd 09       		.byte	9
 1513 04be 80       		.byte	-128
 1514 04bf 3F       		.byte	63
 1515 04c0 8C       		.byte	-116
 1516 04c1 08       		.byte	8
 1517 04c2 02       		.byte	2
 1518 04c3 C0       		.byte	-64
 1519 04c4 0F       		.byte	15
 1520 04c5 C6       		.byte	-58
 1521 04c6 20       		.byte	32
 1522 04c7 C0       		.byte	-64
 1523 04c8 13       		.byte	19
 1524 04c9 10       		.byte	16
 1525 04ca 07       		.byte	7
 1526 04cb D0       		.byte	-48
 1527 04cc 00       		.byte	0
 1528 04cd F0       		.byte	-16
 1529 04ce 0D       		.byte	13
 1530 04cf E4       		.byte	-28
 1531 04d0 01       		.byte	1
 1532 04d1 D2       		.byte	-46
 1533 04d2 80       		.byte	-128
 1534 04d3 4A       		.byte	74
 1535 04d4 01       		.byte	1
 1536 04d5 09       		.byte	9
 1537 04d6 6D       		.byte	109
 1538 04d7 3B       		.byte	59
 1539 04d8 47       		.byte	71
 1540 04d9 30       		.byte	48
 1541 04da 03       		.byte	3
 1542 04db C0       		.byte	-64
 1543 04dc 35       		.byte	53
 1544 04dd 18       		.byte	24
 1545 04de 2C       		.byte	44
 1546 04df 4B       		.byte	75
 1547 04e0 88       		.byte	-120
ARM GAS  D:\Temp\ccni1jj7.s 			page 28


 1548 04e1 16       		.byte	22
 1549 04e2 90       		.byte	-112
 1550 04e3 06       		.byte	6
 1551 04e4 7C       		.byte	124
 1552 04e5 A4       		.byte	-92
 1553 04e6 10       		.byte	16
 1554 04e7 14       		.byte	20
 1555 04e8 AD       		.byte	-83
 1556 04e9 20       		.byte	32
 1557 04ea 0F       		.byte	15
 1558 04eb 96       		.byte	-106
 1559 04ec FB       		.byte	-5
 1560 04ed FA       		.byte	-6
 1561 04ee D4       		.byte	-44
 1562 04ef 03       		.byte	3
 1563 04f0 FF       		.byte	-1
 1564 04f1 F0       		.byte	-16
 1565 04f2 00       		.byte	0
 1566 04f3 CB       		.byte	-53
 1567 04f4 5B       		.byte	91
 1568 04f5 FD       		.byte	-3
 1569 04f6 8C       		.byte	-116
 1570 04f7 00       		.byte	0
 1571 04f8 FF       		.byte	-1
 1572 04f9 40       		.byte	64
 1573 04fa 00       		.byte	0
 1574 04fb B2       		.byte	-78
 1575 04fc 94       		.byte	-108
 1576 04fd 80       		.byte	-128
 1577 04fe 4E       		.byte	78
 1578 04ff 74       		.byte	116
 1579 0500 80       		.byte	-128
 1580 0501 30       		.byte	48
 1581 0502 E1       		.byte	-31
 1582 0503 80       		.byte	-128
 1583 0504 B4       		.byte	-76
 1584 0505 C9       		.byte	-55
 1585 0506 40       		.byte	64
 1586 0507 B0       		.byte	-80
 1587 0508 03       		.byte	3
 1588 0509 68       		.byte	104
 1589 050a 82       		.byte	-126
 1590 050b F4       		.byte	-12
 1591 050c B3       		.byte	-77
 1592 050d 2B       		.byte	43
 1593 050e 4C       		.byte	76
 1594 050f 40       		.byte	64
 1595 0510 23       		.byte	35
 1596 0511 30       		.byte	48
 1597 0512 1D       		.byte	29
 1598 0513 00       		.byte	0
 1599 0514 71       		.byte	113
 1600 0515 68       		.byte	104
 1601 0516 80       		.byte	-128
 1602 0517 54       		.byte	84
 1603 0518 00       		.byte	0
 1604 0519 80       		.byte	-128
ARM GAS  D:\Temp\ccni1jj7.s 			page 29


 1605 051a 0F       		.byte	15
 1606 051b 86       		.byte	-122
 1607 051c 40       		.byte	64
 1608 051d 22       		.byte	34
 1609 051e 00       		.byte	0
 1610 051f 20       		.byte	32
 1611 0520 07       		.byte	7
 1612 0521 E4       		.byte	-28
 1613 0522 00       		.byte	0
 1614 0523 9C       		.byte	-100
 1615 0524 04       		.byte	4
 1616 0525 03       		.byte	3
 1617 0526 F8       		.byte	-8
 1618 0527 40       		.byte	64
 1619 0528 27       		.byte	39
 1620 0529 01       		.byte	1
 1621 052a 00       		.byte	0
 1622 052b FE       		.byte	-2
 1623 052c 10       		.byte	16
 1624 052d 08       		.byte	8
 1625 052e 80       		.byte	-128
 1626 052f 08       		.byte	8
 1627 0530 01       		.byte	1
 1628 0531 FA       		.byte	-6
 1629 0532 C0       		.byte	-64
 1630 0533 2A       		.byte	42
 1631 0534 00       		.byte	0
 1632 0535 40       		.byte	64
 1633 0536 07       		.byte	7
 1634 0537 C2       		.byte	-62
 1635 0538 C0       		.byte	-64
 1636 0539 11       		.byte	17
 1637 053a 98       		.byte	-104
 1638 053b 0E       		.byte	14
 1639 053c 80       		.byte	-128
 1640 053d 38       		.byte	56
 1641 053e 74       		.byte	116
 1642 053f 40       		.byte	64
 1643 0540 36       		.byte	54
 1644 0541 88       		.byte	-120
 1645 0542 2F       		.byte	47
 1646 0543 4B       		.byte	75
 1647 0544 32       		.byte	50
 1648 0545 B8       		.byte	-72
 1649 0546 C4       		.byte	-60
 1650 0547 03       		.byte	3
 1651 0548 0E       		.byte	14
 1652 0549 18       		.byte	24
 1653 054a 0B       		.byte	11
 1654 054b 4C       		.byte	76
 1655 054c 94       		.byte	-108
 1656 054d 0F       		.byte	15
 1657 054e 40       		.byte	64
 1658 054f 38       		.byte	56
 1659 0550 B2       		.byte	-78
 1660 0551 90       		.byte	-112
 1661 0552 80       		.byte	-128
ARM GAS  D:\Temp\ccni1jj7.s 			page 30


 1662 0553 4E       		.byte	78
 1663 0554 70       		.byte	112
 1664 0555 40       		.byte	64
 1665 0556 3E       		.byte	62
 1666 0557 5B       		.byte	91
 1667 0558 DF       		.byte	-33
 1668 0559 EC       		.byte	-20
 1669 055a 60       		.byte	96
 1670 055b 0F       		.byte	15
 1671 055c FF       		.byte	-1
 1672 055d C8       		.byte	-56
 1673 055e 7F       		.byte	127
 1674 055f F1       		.byte	-15
 1675 0560 03       		.byte	3
 1676 0561 67       		.byte	103
 1677 0562 40       		.byte	64
 1678 0563 04       		.byte	4
 1679 0564 3B       		.byte	59
 1680 0565 26       		.byte	38
 1681 0566 20       		.byte	32
 1682 0567 1B       		.byte	27
 1683 0568 88       		.byte	-120
 1684 0569 0D       		.byte	13
 1685 056a B4       		.byte	-76
 1686 056b 02       		.byte	2
 1687 056c 22       		.byte	34
 1688 056d 6E       		.byte	110
 1689 056e 4A       		.byte	74
 1690 056f 80       		.byte	-128
 1691 0570 6C       		.byte	108
 1692 0571 20       		.byte	32
 1693 0572 0F       		.byte	15
 1694 0573 38       		.byte	56
 1695 0574 80       		.byte	-128
 1696 0575 7D       		.byte	125
 1697 0576 A0       		.byte	-96
 1698 0577 1F       		.byte	31
 1699 0578 98       		.byte	-104
 1700 0579 03       		.byte	3
 1701 057a FF       		.byte	-1
 1702 057b F0       		.byte	-16
 1703 057c 00       		.byte	0
 1704 057d 8A       		.byte	-118
 1705 057e 77       		.byte	119
 1706 057f FD       		.byte	-3
 1707 0580 D9       		.byte	-39
 1708 0581 06       		.byte	6
 1709 0582 01       		.byte	1
 1710 0583 A3       		.byte	-93
 1711 0584 58       		.byte	88
 1712 0585 80       		.byte	-128
 1713 0586 02       		.byte	2
 1714 0587 6F       		.byte	111
 1715 0588 90       		.byte	-112
 1716 0589 00       		.byte	0
 1717 058a 57       		.byte	87
 1718 058b 01       		.byte	1
ARM GAS  D:\Temp\ccni1jj7.s 			page 31


 1719 058c 79       		.byte	121
 1720 058d A9       		.byte	-87
 1721 058e 61       		.byte	97
 1722 058f 0A       		.byte	10
 1723 0590 00       		.byte	0
 1724 0591 70       		.byte	112
 1725 0592 03       		.byte	3
 1726 0593 21       		.byte	33
 1727 0594 95       		.byte	-107
 1728 0595 A7       		.byte	-89
 1729 0596 B0       		.byte	-80
 1730 0597 80       		.byte	-128
 1731 0598 0C       		.byte	12
 1732 0599 04       		.byte	4
 1733 059a 40       		.byte	64
 1734 059b 0F       		.byte	15
 1735 059c 18       		.byte	24
 1736 059d 04       		.byte	4
 1737 059e C0       		.byte	-64
 1738 059f 4E       		.byte	78
 1739 05a0 01       		.byte	1
 1740 05a1 FE       		.byte	-2
 1741 05a2 80       		.byte	-128
 1742 05a3 04       		.byte	4
 1743 05a4 75       		.byte	117
 1744 05a5 C2       		.byte	-62
 1745 05a6 88       		.byte	-120
 1746 05a7 07       		.byte	7
 1747 05a8 1D       		.byte	29
 1748 05a9 90       		.byte	-112
 1749 05aa 0A       		.byte	10
 1750 05ab 3D       		.byte	61
 1751 05ac 76       		.byte	118
 1752 05ad A8       		.byte	-88
 1753 05ae 06       		.byte	6
 1754 05af 4D       		.byte	77
 1755 05b0 C9       		.byte	-55
 1756 05b1 63       		.byte	99
 1757 05b2 00       		.byte	0
 1758 05b3 15       		.byte	21
 1759 05b4 38       		.byte	56
 1760 05b5 07       		.byte	7
 1761 05b6 1B       		.byte	27
 1762 05b7 4E       		.byte	78
 1763 05b8 7D       		.byte	125
 1764 05b9 08       		.byte	8
 1765 05ba 40       		.byte	64
 1766 05bb 07       		.byte	7
 1767 05bc F9       		.byte	-7
 1768 05bd 58       		.byte	88
 1769 05be 00       		.byte	0
 1770 05bf 40       		.byte	64
 1771 05c0 AE       		.byte	-82
 1772 05c1 01       		.byte	1
 1773 05c2 F1       		.byte	-15
 1774 05c3 80       		.byte	-128
 1775 05c4 0C       		.byte	12
ARM GAS  D:\Temp\ccni1jj7.s 			page 32


 1776 05c5 2E       		.byte	46
 1777 05c6 3E       		.byte	62
 1778 05c7 9D       		.byte	-99
 1779 05c8 54       		.byte	84
 1780 05c9 F8       		.byte	-8
 1781 05ca 80       		.byte	-128
 1782 05cb 82       		.byte	-126
 1783 05cc 22       		.byte	34
 1784 05cd 00       		.byte	0
 1785 05ce 2C       		.byte	44
 1786 05cf 55       		.byte	85
 1787 05d0 20       		.byte	32
 1788 05d1 C0       		.byte	-64
 1789 05d2 E8       		.byte	-24
 1790 05d3 07       		.byte	7
 1791 05d4 30       		.byte	48
 1792 05d5 E6       		.byte	-26
 1793 05d6 20       		.byte	32
 1794 05d7 02       		.byte	2
 1795 05d8 5A       		.byte	90
 1796 05d9 C1       		.byte	-63
 1797 05da 00       		.byte	0
 1798 05db 00       		.byte	0
 1799 05dc A2       		.byte	-94
 1800 05dd 0A       		.byte	10
 1801 05de 01       		.byte	1
 1802 05df F0       		.byte	-16
 1803 05e0 BB       		.byte	-69
 1804 05e1 BC       		.byte	-68
 1805 05e2 03       		.byte	3
 1806 05e3 FF       		.byte	-1
 1807 05e4 9F       		.byte	-97
 1808 05e5 3F       		.byte	63
 1809 05e6 C0       		.byte	-64
 1810 05e7 05       		.byte	5
 1811 05e8 FF       		.byte	-1
 1812 05e9 B8       		.byte	-72
 1813 05ea 03       		.byte	3
 1814 05eb FF       		.byte	-1
 1815 05ec 81       		.byte	-127
 1816 05ed 79       		.byte	121
 1817 05ee 60       		.byte	96
 1818 05ef 04       		.byte	4
 1819 05f0 CC       		.byte	-52
 1820 05f1 B4       		.byte	-76
 1821 05f2 08       		.byte	8
 1822 05f3 D4       		.byte	-44
 1823 05f4 00       		.byte	0
 1824 05f5 26       		.byte	38
 1825 05f6 78       		.byte	120
 1826 05f7 03       		.byte	3
 1827 05f8 FF       		.byte	-1
 1828 05f9 F2       		.byte	-14
 1829 05fa 20       		.byte	32
 1830 05fb 1F       		.byte	31
 1831 05fc FC       		.byte	-4
 1832 05fd 14       		.byte	20
ARM GAS  D:\Temp\ccni1jj7.s 			page 33


 1833 05fe 00       		.byte	0
 1834 05ff FC       		.byte	-4
 1835 0600 A0       		.byte	-96
 1836 0601 36       		.byte	54
 1837 0602 AA       		.byte	-86
 1838 0603 A4       		.byte	-92
 1839 0604 00       		.byte	0
 1840 0605 A0       		.byte	-96
 1841 0606 41       		.byte	65
 1842 0607 2A       		.byte	42
 1843 0608 8B       		.byte	-117
 1844 0609 E0       		.byte	-32
 1845 060a 11       		.byte	17
 1846 060b 7B       		.byte	123
 1847 060c 08       		.byte	8
 1848 060d 0A       		.byte	10
 1849 060e C0       		.byte	-64
 1850 060f 9F       		.byte	-97
 1851 0610 F0       		.byte	-16
 1852 0611 80       		.byte	-128
 1853 0612 7C       		.byte	124
 1854 0613 BF       		.byte	-65
 1855 0614 E6       		.byte	-26
 1856 0615 00       		.byte	0
 1857 0616 FF       		.byte	-1
 1858 0617 FF       		.byte	-1
 1859 0618 80       		.byte	-128
 1860 0619 7F       		.byte	127
 1861 061a F8       		.byte	-8
 1862 061b 44       		.byte	68
 1863 061c 00       		.byte	0
 1864 061d 40       		.byte	64
 1865 061e 1F       		.byte	31
 1866 061f 68       		.byte	104
 1867 0620 05       		.byte	5
 1868 0621 A0       		.byte	-96
 1869 0622 04       		.byte	4
 1870 0623 00       		.byte	0
 1871 0624 F9       		.byte	-7
 1872 0625 80       		.byte	-128
 1873 0626 24       		.byte	36
 1874 0627 00       		.byte	0
 1875 0628 49       		.byte	73
 1876 0629 00       		.byte	0
 1877 062a 75       		.byte	117
 1878 062b 08       		.byte	8
 1879 062c 04       		.byte	4
 1880 062d 2E       		.byte	46
 1881 062e 03       		.byte	3
 1882 062f 90       		.byte	-112
 1883 0630 88       		.byte	-120
 1884 0631 6D       		.byte	109
 1885 0632 50       		.byte	80
 1886 0633 0E       		.byte	14
 1887 0634 85       		.byte	-123
 1888 0635 01       		.byte	1
 1889 0636 7B       		.byte	123
ARM GAS  D:\Temp\ccni1jj7.s 			page 34


 1890 0637 B4       		.byte	-76
 1891 0638 90       		.byte	-112
 1892 0639 D0       		.byte	-48
 1893 063a 07       		.byte	7
 1894 063b 55       		.byte	85
 1895 063c A8       		.byte	-88
 1896 063d 80       		.byte	-128
 1897 063e 9C       		.byte	-100
 1898 063f 73       		.byte	115
 1899 0640 80       		.byte	-128
 1900 0641 40       		.byte	64
 1901 0642 0D       		.byte	13
 1902 0643 FE       		.byte	-2
 1903 0644 00       		.byte	0
 1904 0645 FE       		.byte	-2
 1905 0646 2F       		.byte	47
 1906 0647 F3       		.byte	-13
 1907 0648 85       		.byte	-123
 1908 0649 80       		.byte	-128
 1909 064a B0       		.byte	-80
 1910 064b 07       		.byte	7
 1911 064c EB       		.byte	-21
 1912 064d 00       		.byte	0
 1913 064e 30       		.byte	48
 1914 064f 30       		.byte	48
 1915 0650 85       		.byte	-123
 1916 0651 00       		.byte	0
 1917 0652 7C       		.byte	124
 1918 0653 2C       		.byte	44
 1919 0654 0C       		.byte	12
 1920 0655 20       		.byte	32
 1921 0656 06       		.byte	6
 1922 0657 03       		.byte	3
 1923 0658 30       		.byte	48
 1924 0659 07       		.byte	7
 1925 065a 98       		.byte	-104
 1926 065b 01       		.byte	1
 1927 065c 60       		.byte	96
 1928 065d 15       		.byte	21
 1929 065e 00       		.byte	0
 1930 065f 24       		.byte	36
 1931 0660 03       		.byte	3
 1932 0661 D2       		.byte	-46
 1933 0662 08       		.byte	8
 1934 0663 40       		.byte	64
 1935 0664 11       		.byte	17
 1936 0665 28       		.byte	40
 1937 0666 28       		.byte	40
 1938 0667 80       		.byte	-128
 1939 0668 65       		.byte	101
 1940 0669 10       		.byte	16
 1941 066a F0       		.byte	-16
 1942 066b 0E       		.byte	14
 1943 066c 90       		.byte	-112
 1944 066d 04       		.byte	4
 1945 066e 80       		.byte	-128
 1946 066f 69       		.byte	105
ARM GAS  D:\Temp\ccni1jj7.s 			page 35


 1947 0670 02       		.byte	2
 1948 0671 40       		.byte	64
 1949 0672 0E       		.byte	14
 1950 0673 32       		.byte	50
 1951 0674 06       		.byte	6
 1952 0675 00       		.byte	0
 1953 0676 8C       		.byte	-116
 1954 0677 C1       		.byte	-63
 1955 0678 60       		.byte	96
 1956 0679 1F       		.byte	31
 1957 067a 58       		.byte	88
 1958 067b 0A       		.byte	10
 1959 067c 80       		.byte	-128
 1960 067d 24       		.byte	36
 1961 067e 00       		.byte	0
 1962 067f C0       		.byte	-64
 1963 0680 1F       		.byte	31
 1964 0681 30       		.byte	48
 1965 0682 84       		.byte	-124
 1966 0683 80       		.byte	-128
 1967 0684 A8       		.byte	-88
 1968 0685 30       		.byte	48
 1969 0686 07       		.byte	7
 1970 0687 F3       		.byte	-13
 1971 0688 01       		.byte	1
 1972 0689 99       		.byte	-103
 1973 068a 80       		.byte	-128
 1974 068b 16       		.byte	22
 1975 068c 01       		.byte	1
 1976 068d FD       		.byte	-3
 1977 068e 20       		.byte	32
 1978 068f 09       		.byte	9
 1979 0690 90       		.byte	-112
 1980 0691 21       		.byte	33
 1981 0692 00       		.byte	0
 1982 0693 7F       		.byte	127
 1983 0694 0A       		.byte	10
 1984 0695 82       		.byte	-126
 1985 0696 88       		.byte	-120
 1986 0697 78       		.byte	120
 1987 0698 07       		.byte	7
 1988 0699 FD       		.byte	-3
 1989 069a 20       		.byte	32
 1990 069b 11       		.byte	17
 1991 069c 20       		.byte	32
 1992 069d 07       		.byte	7
 1993 069e FC       		.byte	-4
 1994 069f 66       		.byte	102
 1995 06a0 00       		.byte	0
 1996 06a1 58       		.byte	88
 1997 06a2 07       		.byte	7
 1998 06a3 80       		.byte	-128
 1999 06a4 AF       		.byte	-81
 2000 06a5 E0       		.byte	-32
 2001 06a6 0F       		.byte	15
 2002 06a7 D5       		.byte	-43
 2003 06a8 FC       		.byte	-4
ARM GAS  D:\Temp\ccni1jj7.s 			page 36


 2004 06a9 01       		.byte	1
 2005 06aa FA       		.byte	-6
 2006 06ab 7F       		.byte	127
 2007 06ac 78       		.byte	120
 2008 06ad 05       		.byte	5
 2009 06ae 00       		.byte	0
 2010 06af 3C       		.byte	60
 2011 06b0 2A       		.byte	42
 2012 06b1 02       		.byte	2
 2013 06b2 A0       		.byte	-96
 2014 06b3 1F       		.byte	31
 2015 06b4 38       		.byte	56
 2016 06b5 52       		.byte	82
 2017 06b6 08       		.byte	8
 2018 06b7 68       		.byte	104
 2019 06b8 07       		.byte	7
 2020 06b9 9C       		.byte	-100
 2021 06ba 02       		.byte	2
 2022 06bb E0       		.byte	-32
 2023 06bc 0F       		.byte	15
 2024 06bd 28       		.byte	40
 2025 06be 83       		.byte	-125
 2026 06bf 03       		.byte	3
 2027 06c0 03       		.byte	3
 2028 06c1 00       		.byte	0
 2029 06c2 7A       		.byte	122
 2030 06c3 80       		.byte	-128
 2031 06c4 24       		.byte	36
 2032 06c5 10       		.byte	16
 2033 06c6 0E       		.byte	14
 2034 06c7 E0       		.byte	-32
 2035 06c8 41       		.byte	65
 2036 06c9 0A       		.byte	10
 2037 06ca 00       		.byte	0
 2038 06cb 28       		.byte	40
 2039 06cc 06       		.byte	6
 2040 06cd 23       		.byte	35
 2041 06ce 0A       		.byte	10
 2042 06cf 00       		.byte	0
 2043 06d0 38       		.byte	56
 2044 06d1 06       		.byte	6
 2045 06d2 14       		.byte	20
 2046 06d3 0E       		.byte	14
 2047 06d4 00       		.byte	0
 2048 06d5 11       		.byte	17
 2049 06d6 87       		.byte	-121
 2050 06d7 00       		.byte	0
 2051 06d8 6A       		.byte	106
 2052 06d9 02       		.byte	2
 2053 06da 54       		.byte	84
 2054 06db 0A       		.byte	10
 2055 06dc 00       		.byte	0
 2056 06dd CE       		.byte	-50
 2057 06de 02       		.byte	2
 2058 06df A0       		.byte	-96
 2059 06e0 15       		.byte	21
 2060 06e1 82       		.byte	-126
ARM GAS  D:\Temp\ccni1jj7.s 			page 37


 2061 06e2 08       		.byte	8
 2062 06e3 04       		.byte	4
 2063 06e4 C1       		.byte	-63
 2064 06e5 41       		.byte	65
 2065 06e6 C0       		.byte	-64
 2066 06e7 64       		.byte	100
 2067 06e8 01       		.byte	1
 2068 06e9 50       		.byte	80
 2069 06ea 38       		.byte	56
 2070 06eb 06       		.byte	6
 2071 06ec 60       		.byte	96
 2072 06ed 03       		.byte	3
 2073 06ee 80       		.byte	-128
 2074 06ef 10       		.byte	16
 2075 06f0 41       		.byte	65
 2076 06f1 81       		.byte	-127
 2077 06f2 44       		.byte	68
 2078 06f3 28       		.byte	40
 2079 06f4 00       		.byte	0
 2080 06f5 46       		.byte	70
 2081 06f6 14       		.byte	20
 2082 06f7 01       		.byte	1
 2083 06f8 85       		.byte	-123
 2084 06f9 02       		.byte	2
 2085 06fa 80       		.byte	-128
 2086 06fb 1C       		.byte	28
 2087 06fc 08       		.byte	8
 2088 06fd 20       		.byte	32
 2089 06fe 07       		.byte	7
 2090 06ff 06       		.byte	6
 2091 0700 00       		.byte	0
 2092 0701 50       		.byte	80
 2093 0702 11       		.byte	17
 2094 0703 80       		.byte	-128
 2095 0704 77       		.byte	119
 2096 0705 01       		.byte	1
 2097 0706 90       		.byte	-112
 2098 0707 A8       		.byte	-88
 2099 0708 70       		.byte	112
 2100 0709 05       		.byte	5
 2101 070a 40       		.byte	64
 2102 070b 28       		.byte	40
 2103 070c 0C       		.byte	12
 2104 070d 14       		.byte	20
 2105 070e 01       		.byte	1
 2106 070f E5       		.byte	-27
 2107 0710 10       		.byte	16
 2108 0711 A7       		.byte	-89
 2109 0712 00       		.byte	0
 2110 0713 28       		.byte	40
 2111 0714 04       		.byte	4
 2112 0715 66       		.byte	102
 2113 0716 0D       		.byte	13
 2114 0717 41       		.byte	65
 2115 0718 06       		.byte	6
 2116 0719 00       		.byte	0
 2117 071a F9       		.byte	-7
ARM GAS  D:\Temp\ccni1jj7.s 			page 38


 2118 071b C1       		.byte	-63
 2119 071c 68       		.byte	104
 2120 071d 18       		.byte	24
 2121 071e 03       		.byte	3
 2122 071f A8       		.byte	-88
 2123 0720 1B       		.byte	27
 2124 0721 81       		.byte	-127
 2125 0722 04       		.byte	4
 2126 0723 03       		.byte	3
 2127 0724 EA       		.byte	-22
 2128 0725 02       		.byte	2
 2129 0726 30       		.byte	48
 2130 0727 A0       		.byte	-96
 2131 0728 0E       		.byte	14
 2132 0729 70       		.byte	112
 2133 072a 02       		.byte	2
 2134 072b 86       		.byte	-122
 2135 072c 80       		.byte	-128
 2136 072d 7E       		.byte	126
 2137 072e 32       		.byte	50
 2138 072f 00       		.byte	0
 2139 0730 11       		.byte	17
 2140 0731 80       		.byte	-128
 2141 0732 70       		.byte	112
 2142 0733 A8       		.byte	-88
 2143 0734 04       		.byte	4
 2144 0735 C0       		.byte	-64
 2145 0736 1F       		.byte	31
 2146 0737 D4       		.byte	-44
 2147 0738 00       		.byte	0
 2148 0739 A0       		.byte	-96
 2149 073a 0F       		.byte	15
 2150 073b B8       		.byte	-72
 2151 073c 00       		.byte	0
 2152 073d A0       		.byte	-96
 2153 073e 1C       		.byte	28
 2154 073f 1E       		.byte	30
 2155 0740 FE       		.byte	-2
 2156 0741 10       		.byte	16
 2157 0742 0F       		.byte	15
 2158 0743 4F       		.byte	79
 2159 0744 F9       		.byte	-7
 2160 0745 40       		.byte	64
 2161 0746 74       		.byte	116
 2162 0747 07       		.byte	7
 2163 0748 40       		.byte	64
 2164 0749 39       		.byte	57
 2165 074a 58       		.byte	88
 2166 074b 19       		.byte	25
 2167 074c 40       		.byte	64
 2168 074d 07       		.byte	7
 2169 074e 20       		.byte	32
 2170 074f 70       		.byte	112
 2171 0750 01       		.byte	1
 2172 0751 15       		.byte	21
 2173 0752 81       		.byte	-127
 2174 0753 C8       		.byte	-56
ARM GAS  D:\Temp\ccni1jj7.s 			page 39


 2175 0754 06       		.byte	6
 2176 0755 65       		.byte	101
 2177 0756 07       		.byte	7
 2178 0757 50       		.byte	80
 2179 0758 07       		.byte	7
 2180 0759 08       		.byte	8
 2181 075a 70       		.byte	112
 2182 075b 07       		.byte	7
 2183 075c A8       		.byte	-88
 2184 075d 82       		.byte	-126
 2185 075e CA       		.byte	-54
 2186 075f 4C       		.byte	76
 2187 0760 28       		.byte	40
 2188 0761 80       		.byte	-128
 2189 0762 3E       		.byte	62
 2190 0763 F0       		.byte	-16
 2191 0764 1C       		.byte	28
 2192 0765 60       		.byte	96
 2193 0766 75       		.byte	117
 2194 0767 00       		.byte	0
 2195 0768 FC       		.byte	-4
 2196 0769 52       		.byte	82
 2197 076a 02       		.byte	2
 2198 076b 07       		.byte	7
 2199 076c 00       		.byte	0
 2200 076d 1F       		.byte	31
 2201 076e E6       		.byte	-26
 2202 076f 10       		.byte	16
 2203 0770 04       		.byte	4
 2204 0771 80       		.byte	-128
 2205 0772 7F       		.byte	127
 2206 0773 D4       		.byte	-44
 2207 0774 20       		.byte	32
 2208 0775 0B       		.byte	11
 2209 0776 20       		.byte	32
 2210 0777 0F       		.byte	15
 2211 0778 E6       		.byte	-26
 2212 0779 50       		.byte	80
 2213 077a 50       		.byte	80
 2214 077b 1E       		.byte	30
 2215 077c 00       		.byte	0
 2216 077d FC       		.byte	-4
 2217 077e 72       		.byte	114
 2218 077f 07       		.byte	7
 2219 0780 54       		.byte	84
 2220 0781 03       		.byte	3
 2221 0782 90       		.byte	-112
 2222 0783 0F       		.byte	15
 2223 0784 0F       		.byte	15
 2224 0785 00       		.byte	0
 2225 0786 E8       		.byte	-24
 2226 0787 2B       		.byte	43
 2227 0788 03       		.byte	3
 2228 0789 28       		.byte	40
 2229 078a 07       		.byte	7
 2230 078b 51       		.byte	81
 2231 078c 05       		.byte	5
ARM GAS  D:\Temp\ccni1jj7.s 			page 40


 2232 078d 08       		.byte	8
 2233 078e 02       		.byte	2
 2234 078f 48       		.byte	72
 2235 0790 28       		.byte	40
 2236 0791 80       		.byte	-128
 2237 0792 27       		.byte	39
 2238 0793 40       		.byte	64
 2239 0794 74       		.byte	116
 2240 0795 00       		.byte	0
 2241 0796 DE       		.byte	-34
 2242 0797 00       		.byte	0
 2243 0798 F0       		.byte	-16
 2244 0799 01       		.byte	1
 2245 079a C0       		.byte	-64
 2246 079b 1C       		.byte	28
 2247 079c 00       		.byte	0
 2248 079d 71       		.byte	113
 2249 079e 50       		.byte	80
 2250 079f 15       		.byte	21
 2251 07a0 00       		.byte	0
 2252 07a1 0D       		.byte	13
 2253 07a2 FE       		.byte	-2
 2254 07a3 00       		.byte	0
 2255 07a4 FE       		.byte	-2
 2256 07a5 2F       		.byte	47
 2257 07a6 F3       		.byte	-13
 2258 07a7 85       		.byte	-123
 2259 07a8 80       		.byte	-128
 2260 07a9 B0       		.byte	-80
 2261 07aa 07       		.byte	7
 2262 07ab EB       		.byte	-21
 2263 07ac 00       		.byte	0
 2264 07ad 38       		.byte	56
 2265 07ae 30       		.byte	48
 2266 07af 85       		.byte	-123
 2267 07b0 80       		.byte	-128
 2268 07b1 7C       		.byte	124
 2269 07b2 2C       		.byte	44
 2270 07b3 0E       		.byte	14
 2271 07b4 01       		.byte	1
 2272 07b5 48       		.byte	72
 2273 07b6 12       		.byte	18
 2274 07b7 80       		.byte	-128
 2275 07b8 7A       		.byte	122
 2276 07b9 40       		.byte	64
 2277 07ba 12       		.byte	18
 2278 07bb 01       		.byte	1
 2279 07bc 30       		.byte	48
 2280 07bd 02       		.byte	2
 2281 07be 40       		.byte	64
 2282 07bf 3C       		.byte	60
 2283 07c0 C0       		.byte	-64
 2284 07c1 A2       		.byte	-94
 2285 07c2 01       		.byte	1
 2286 07c3 0B       		.byte	11
 2287 07c4 01       		.byte	1
 2288 07c5 98       		.byte	-104
ARM GAS  D:\Temp\ccni1jj7.s 			page 41


 2289 07c6 03       		.byte	3
 2290 07c7 30       		.byte	48
 2291 07c8 84       		.byte	-124
 2292 07c9 80       		.byte	-128
 2293 07ca 75       		.byte	117
 2294 07cb 80       		.byte	-128
 2295 07cc 24       		.byte	36
 2296 07cd 03       		.byte	3
 2297 07ce 58       		.byte	88
 2298 07cf 19       		.byte	25
 2299 07d0 80       		.byte	-128
 2300 07d1 38       		.byte	56
 2301 07d2 94       		.byte	-108
 2302 07d3 14       		.byte	20
 2303 07d4 40       		.byte	64
 2304 07d5 08       		.byte	8
 2305 07d6 41       		.byte	65
 2306 07d7 00       		.byte	0
 2307 07d8 1F       		.byte	31
 2308 07d9 48       		.byte	72
 2309 07da 02       		.byte	2
 2310 07db 40       		.byte	64
 2311 07dc 1E       		.byte	30
 2312 07dd 04       		.byte	4
 2313 07de 80       		.byte	-128
 2314 07df 1F       		.byte	31
 2315 07e0 19       		.byte	25
 2316 07e1 81       		.byte	-127
 2317 07e2 C0       		.byte	-64
 2318 07e3 90       		.byte	-112
 2319 07e4 2C       		.byte	44
 2320 07e5 03       		.byte	3
 2321 07e6 FA       		.byte	-6
 2322 07e7 00       		.byte	0
 2323 07e8 0F       		.byte	15
 2324 07e9 60       		.byte	96
 2325 07ea 2C       		.byte	44
 2326 07eb 01       		.byte	1
 2327 07ec FC       		.byte	-4
 2328 07ed 84       		.byte	-124
 2329 07ee 12       		.byte	18
 2330 07ef C1       		.byte	-63
 2331 07f0 20       		.byte	32
 2332 07f1 1F       		.byte	31
 2333 07f2 F5       		.byte	-11
 2334 07f3 80       		.byte	-128
 2335 07f4 80       		.byte	-128
 2336 07f5 18       		.byte	24
 2337 07f6 03       		.byte	3
 2338 07f7 FE       		.byte	-2
 2339 07f8 61       		.byte	97
 2340 07f9 00       		.byte	0
 2341 07fa 30       		.byte	48
 2342 07fb 80       		.byte	-128
 2343 07fc 7F       		.byte	127
 2344 07fd F0       		.byte	-16
 2345 07fe 1C       		.byte	28
ARM GAS  D:\Temp\ccni1jj7.s 			page 42


 2346 07ff 01       		.byte	1
 2347 0800 60       		.byte	96
 2348 0801 1F       		.byte	31
 2349 0802 FC       		.byte	-4
 2350 0803 01       		.byte	1
 2351 0804 60       		.byte	96
 2352 0805 42       		.byte	66
 2353 0806 00       		.byte	0
 2354 0807 F8       		.byte	-8
 2355 0808 40       		.byte	64
 2356 0809 34       		.byte	52
 2357 080a 00       		.byte	0
 2358 080b 20       		.byte	32
 2359 080c 03       		.byte	3
 2360 080d F7       		.byte	-9
 2361 080e DB       		.byte	-37
 2362 080f 2D       		.byte	45
 2363 0810 30       		.byte	48
 2364 0811 29       		.byte	41
 2365 0812 80       		.byte	-128
 2366 0813 7C       		.byte	124
 2367 0814 C2       		.byte	-62
 2368 0815 93       		.byte	-109
 2369 0816 4A       		.byte	74
 2370 0817 05       		.byte	5
 2371 0818 60       		.byte	96
 2372 0819 1F       		.byte	31
 2373 081a 9A       		.byte	-102
 2374 081b 4C       		.byte	76
 2375 081c 00       		.byte	0
 2376 081d 51       		.byte	81
 2377 081e A2       		.byte	-94
 2378 081f 01       		.byte	1
 2379 0820 F8       		.byte	-8
 2380 0821 BF       		.byte	-65
 2381 0822 FF       		.byte	-1
 2382 0823 F9       		.byte	-7
 2383 0824 40       		.byte	64
 2384 0825 3F       		.byte	63
 2385 0826 F8       		.byte	-8
 2386 0827 03       		.byte	3
 2387 0828 39       		.byte	57
 2388 0829 9F       		.byte	-97
 2389 082a 38       		.byte	56
 2390 082b 01       		.byte	1
 2391 082c 10       		.byte	16
 2392 082d 46       		.byte	70
 2393 082e 7E       		.byte	126
 2394 082f 17       		.byte	23
 2395 0830 02       		.byte	2
 2396 0831 A0       		.byte	-96
 2397 0832 0F       		.byte	15
 2398 0833 87       		.byte	-121
 2399 0834 C0       		.byte	-64
 2400 0835 1C       		.byte	28
 2401 0836 20       		.byte	32
 2402 0837 1F       		.byte	31
ARM GAS  D:\Temp\ccni1jj7.s 			page 43


 2403 0838 51       		.byte	81
 2404 0839 05       		.byte	5
 2405 083a 18       		.byte	24
 2406 083b 07       		.byte	7
 2407 083c D0       		.byte	-48
 2408 083d 80       		.byte	-128
 2409 083e EA       		.byte	-22
 2410 083f 01       		.byte	1
 2411 0840 F2       		.byte	-14
 2412 0841 38       		.byte	56
 2413 0842 24       		.byte	36
 2414 0843 00       		.byte	0
 2415 0844 7C       		.byte	124
 2416 0845 56       		.byte	86
 2417 0846 03       		.byte	3
 2418 0847 40       		.byte	64
 2419 0848 1F       		.byte	31
 2420 0849 BC       		.byte	-68
 2421 084a 01       		.byte	1
 2422 084b A2       		.byte	-94
 2423 084c 01       		.byte	1
 2424 084d F5       		.byte	-11
 2425 084e 10       		.byte	16
 2426 084f 49       		.byte	73
 2427 0850 80       		.byte	-128
 2428 0851 7C       		.byte	124
 2429 0852 EA       		.byte	-22
 2430 0853 0C       		.byte	12
 2431 0854 C0       		.byte	-64
 2432 0855 0F       		.byte	15
 2433 0856 92       		.byte	-110
 2434 0857 00       		.byte	0
 2435 0858 68       		.byte	104
 2436 0859 CF       		.byte	-49
 2437 085a E1       		.byte	-31
 2438 085b 90       		.byte	-112
 2439 085c 00       		.byte	0
 2440 085d E6       		.byte	-26
 2441 085e 7E       		.byte	126
 2442 085f 93       		.byte	-109
 2443 0860 00       		.byte	0
 2444 0861 FF       		.byte	-1
 2445 0862 E0       		.byte	-32
 2446 0863 00       		.byte	0
 2447              		.section	.rodata.kern_class_values,"a"
 2448              		.align	2
 2451              	kern_class_values:
 2452 0000 00       		.byte	0
 2453 0001 00       		.byte	0
 2454 0002 01       		.byte	1
 2455 0003 00       		.byte	0
 2456 0004 00       		.byte	0
 2457 0005 00       		.byte	0
 2458 0006 00       		.byte	0
 2459 0007 00       		.byte	0
 2460 0008 FC       		.byte	-4
 2461 0009 00       		.byte	0
ARM GAS  D:\Temp\ccni1jj7.s 			page 44


 2462 000a 00       		.byte	0
 2463 000b FE       		.byte	-2
 2464 000c 00       		.byte	0
 2465 000d 00       		.byte	0
 2466 000e 00       		.byte	0
 2467 000f 00       		.byte	0
 2468 0010 00       		.byte	0
 2469 0011 00       		.byte	0
 2470 0012 00       		.byte	0
 2471 0013 F9       		.byte	-7
 2472 0014 F8       		.byte	-8
 2473 0015 FC       		.byte	-4
 2474 0016 00       		.byte	0
 2475 0017 FD       		.byte	-3
 2476 0018 FC       		.byte	-4
 2477 0019 00       		.byte	0
 2478 001a 00       		.byte	0
 2479 001b 00       		.byte	0
 2480 001c 03       		.byte	3
 2481 001d 00       		.byte	0
 2482 001e FD       		.byte	-3
 2483 001f F8       		.byte	-8
 2484 0020 FD       		.byte	-3
 2485 0021 00       		.byte	0
 2486 0022 00       		.byte	0
 2487 0023 00       		.byte	0
 2488 0024 00       		.byte	0
 2489 0025 00       		.byte	0
 2490 0026 00       		.byte	0
 2491 0027 06       		.byte	6
 2492 0028 00       		.byte	0
 2493 0029 00       		.byte	0
 2494 002a 00       		.byte	0
 2495 002b 00       		.byte	0
 2496 002c F9       		.byte	-7
 2497 002d 00       		.byte	0
 2498 002e 00       		.byte	0
 2499 002f 00       		.byte	0
 2500 0030 00       		.byte	0
 2501 0031 00       		.byte	0
 2502 0032 00       		.byte	0
 2503 0033 00       		.byte	0
 2504 0034 FC       		.byte	-4
 2505 0035 F9       		.byte	-7
 2506 0036 FE       		.byte	-2
 2507 0037 FC       		.byte	-4
 2508 0038 00       		.byte	0
 2509 0039 FC       		.byte	-4
 2510 003a 24       		.byte	36
 2511 003b 13       		.byte	19
 2512 003c 00       		.byte	0
 2513 003d 00       		.byte	0
 2514 003e 00       		.byte	0
 2515 003f 04       		.byte	4
 2516 0040 00       		.byte	0
 2517 0041 00       		.byte	0
 2518 0042 FC       		.byte	-4
ARM GAS  D:\Temp\ccni1jj7.s 			page 45


 2519 0043 00       		.byte	0
 2520 0044 F6       		.byte	-10
 2521 0045 FD       		.byte	-3
 2522 0046 00       		.byte	0
 2523 0047 F8       		.byte	-8
 2524 0048 00       		.byte	0
 2525 0049 FC       		.byte	-4
 2526 004a F3       		.byte	-13
 2527 004b F7       		.byte	-9
 2528 004c FB       		.byte	-5
 2529 004d 00       		.byte	0
 2530 004e 00       		.byte	0
 2531 004f 00       		.byte	0
 2532 0050 00       		.byte	0
 2533 0051 16       		.byte	22
 2534 0052 00       		.byte	0
 2535 0053 00       		.byte	0
 2536 0054 00       		.byte	0
 2537 0055 00       		.byte	0
 2538 0056 00       		.byte	0
 2539 0057 00       		.byte	0
 2540 0058 FC       		.byte	-4
 2541 0059 FD       		.byte	-3
 2542 005a FB       		.byte	-5
 2543 005b FD       		.byte	-3
 2544 005c 00       		.byte	0
 2545 005d FF       		.byte	-1
 2546 005e 07       		.byte	7
 2547 005f 00       		.byte	0
 2548 0060 07       		.byte	7
 2549 0061 FD       		.byte	-3
 2550 0062 00       		.byte	0
 2551 0063 00       		.byte	0
 2552 0064 00       		.byte	0
 2553 0065 00       		.byte	0
 2554 0066 00       		.byte	0
 2555 0067 00       		.byte	0
 2556 0068 00       		.byte	0
 2557 0069 00       		.byte	0
 2558 006a 00       		.byte	0
 2559 006b FC       		.byte	-4
 2560 006c FC       		.byte	-4
 2561 006d 00       		.byte	0
 2562 006e 00       		.byte	0
 2563 006f 00       		.byte	0
 2564 0070 F8       		.byte	-8
 2565 0071 00       		.byte	0
 2566 0072 00       		.byte	0
 2567 0073 00       		.byte	0
 2568 0074 FA       		.byte	-6
 2569 0075 00       		.byte	0
 2570 0076 FC       		.byte	-4
 2571 0077 00       		.byte	0
 2572 0078 00       		.byte	0
 2573 0079 F8       		.byte	-8
 2574 007a 00       		.byte	0
 2575 007b F9       		.byte	-7
ARM GAS  D:\Temp\ccni1jj7.s 			page 46


 2576 007c 00       		.byte	0
 2577 007d F9       		.byte	-7
 2578 007e FD       		.byte	-3
 2579 007f 07       		.byte	7
 2580 0080 00       		.byte	0
 2581 0081 FC       		.byte	-4
 2582 0082 F3       		.byte	-13
 2583 0083 FC       		.byte	-4
 2584 0084 FC       		.byte	-4
 2585 0085 00       		.byte	0
 2586 0086 F8       		.byte	-8
 2587 0087 00       		.byte	0
 2588 0088 03       		.byte	3
 2589 0089 FC       		.byte	-4
 2590 008a 00       		.byte	0
 2591 008b FC       		.byte	-4
 2592 008c F3       		.byte	-13
 2593 008d 00       		.byte	0
 2594 008e FC       		.byte	-4
 2595 008f 00       		.byte	0
 2596 0090 00       		.byte	0
 2597 0091 FC       		.byte	-4
 2598 0092 00       		.byte	0
 2599 0093 00       		.byte	0
 2600 0094 00       		.byte	0
 2601 0095 01       		.byte	1
 2602 0096 00       		.byte	0
 2603 0097 FC       		.byte	-4
 2604 0098 FC       		.byte	-4
 2605 0099 00       		.byte	0
 2606              		.section	.rodata.kern_classes,"a"
 2607              		.align	2
 2610              	kern_classes:
 2611 0000 00000000 		.word	kern_class_values
 2612 0004 00000000 		.word	kern_left_class_mapping
 2613 0008 00000000 		.word	kern_right_class_mapping
 2614 000c 0E       		.byte	14
 2615 000d 0B       		.byte	11
 2616 000e 0000     		.space	2
 2617              		.section	.rodata.kern_left_class_mapping,"a"
 2618              		.align	2
 2621              	kern_left_class_mapping:
 2622 0000 00       		.byte	0
 2623 0001 00       		.byte	0
 2624 0002 01       		.byte	1
 2625 0003 02       		.byte	2
 2626 0004 03       		.byte	3
 2627 0005 04       		.byte	4
 2628 0006 05       		.byte	5
 2629 0007 06       		.byte	6
 2630 0008 00       		.byte	0
 2631 0009 01       		.byte	1
 2632 000a 00       		.byte	0
 2633 000b 00       		.byte	0
 2634 000c 07       		.byte	7
 2635 000d 04       		.byte	4
 2636 000e 01       		.byte	1
ARM GAS  D:\Temp\ccni1jj7.s 			page 47


 2637 000f 01       		.byte	1
 2638 0010 02       		.byte	2
 2639 0011 02       		.byte	2
 2640 0012 08       		.byte	8
 2641 0013 09       		.byte	9
 2642 0014 0A       		.byte	10
 2643 0015 0B       		.byte	11
 2644 0016 00       		.byte	0
 2645 0017 0C       		.byte	12
 2646 0018 0C       		.byte	12
 2647 0019 0D       		.byte	13
 2648 001a 0C       		.byte	12
 2649 001b 0E       		.byte	14
 2650              		.section	.rodata.kern_right_class_mapping,"a"
 2651              		.align	2
 2654              	kern_right_class_mapping:
 2655 0000 00       		.byte	0
 2656 0001 00       		.byte	0
 2657 0002 01       		.byte	1
 2658 0003 02       		.byte	2
 2659 0004 03       		.byte	3
 2660 0005 03       		.byte	3
 2661 0006 03       		.byte	3
 2662 0007 00       		.byte	0
 2663 0008 03       		.byte	3
 2664 0009 02       		.byte	2
 2665 000a 04       		.byte	4
 2666 000b 05       		.byte	5
 2667 000c 02       		.byte	2
 2668 000d 02       		.byte	2
 2669 000e 04       		.byte	4
 2670 000f 04       		.byte	4
 2671 0010 03       		.byte	3
 2672 0011 04       		.byte	4
 2673 0012 03       		.byte	3
 2674 0013 04       		.byte	4
 2675 0014 06       		.byte	6
 2676 0015 07       		.byte	7
 2677 0016 08       		.byte	8
 2678 0017 09       		.byte	9
 2679 0018 09       		.byte	9
 2680 0019 0A       		.byte	10
 2681 001a 09       		.byte	9
 2682 001b 0B       		.byte	11
 2683              		.text
 2684              	.Letext0:
 2685              		.file 1 "c:\\stm32\\gnu mcu eclipse\\arm embedded gcc\\8.2.1-1.4-20190214-0604\\arm-none-eabi\\inc
 2686              		.file 2 "c:\\stm32\\gnu mcu eclipse\\arm embedded gcc\\8.2.1-1.4-20190214-0604\\arm-none-eabi\\inc
 2687              		.file 3 "Drivers/CMSIS/Include/core_cm4.h"
 2688              		.file 4 "Drivers/CMSIS/Device/ST/STM32F4xx/Include/system_stm32f4xx.h"
 2689              		.file 5 "Drivers/STM32F4xx_HAL_Driver/Inc/stm32f4xx_hal.h"
 2690              		.file 6 "lvgl/lv_conf.h"
 2691              		.file 7 "lv_examples/assets/../../lvgl/src/lv_misc/lv_mem.h"
 2692              		.file 8 "c:\\stm32\\gnu mcu eclipse\\arm embedded gcc\\8.2.1-1.4-20190214-0604\\arm-none-eabi\\inc
 2693              		.file 9 "c:\\stm32\\gnu mcu eclipse\\arm embedded gcc\\8.2.1-1.4-20190214-0604\\arm-none-eabi\\inc
 2694              		.file 10 "c:\\stm32\\gnu mcu eclipse\\arm embedded gcc\\8.2.1-1.4-20190214-0604\\lib\\gcc\\arm-non
 2695              		.file 11 "c:\\stm32\\gnu mcu eclipse\\arm embedded gcc\\8.2.1-1.4-20190214-0604\\arm-none-eabi\\in
ARM GAS  D:\Temp\ccni1jj7.s 			page 48


 2696              		.file 12 "d:\\_project\\stm32\\f407\\hack_rf_new\\lvgl\\src\\lv_font\\lv_font.h"
 2697              		.file 13 "d:\\_project\\stm32\\f407\\hack_rf_new\\lvgl\\src\\lv_misc\\lv_anim.h"
 2698              		.file 14 "d:\\_project\\stm32\\f407\\hack_rf_new\\lvgl\\src\\lv_misc\\lv_txt.h"
 2699              		.file 15 "d:\\_project\\stm32\\f407\\hack_rf_new\\lvgl\\src\\lv_draw\\lv_draw_label.h"
 2700              		.file 16 "lv_examples/assets/../../lvgl/src/lv_core/lv_obj.h"
 2701              		.file 17 "lv_examples/assets/../../lvgl/src/lv_font/lv_font_fmt_txt.h"
 2702              		.file 18 "lv_examples/assets/../../lvgl/src/lv_widgets/lv_cont.h"
 2703              		.file 19 "lv_examples/assets/../../lvgl/src/lv_widgets/lv_btn.h"
 2704              		.file 20 "lv_examples/assets/../../lvgl/src/lv_widgets/lv_page.h"
 2705              		.file 21 "lv_examples/assets/../../lvgl/src/lv_widgets/lv_chart.h"
 2706              		.file 22 "lv_examples/assets/../../lvgl/src/lv_widgets/lv_bar.h"
 2707              		.file 23 "lv_examples/assets/../../lvgl/src/lv_widgets/lv_textarea.h"
 2708              		.file 24 "lv_examples/assets/../../lvgl/src/lv_widgets/lv_linemeter.h"
 2709              		.file 25 "lv_examples/assets/../../lvgl/src/lv_widgets/lv_arc.h"
 2710              		.file 26 "lv_examples/assets/lv_font_montserrat_28_compr_az.c"
ARM GAS  D:\Temp\ccni1jj7.s 			page 49


DEFINED SYMBOLS
                            *ABS*:0000000000000000 lv_font_montserrat_28_compr_az.c
  D:\Temp\ccni1jj7.s:36     .data.lv_font_montserrat_28_compr_az:0000000000000000 lv_font_montserrat_28_compr_az
  D:\Temp\ccni1jj7.s:19     .data.font_dsc:0000000000000000 $d
  D:\Temp\ccni1jj7.s:22     .data.font_dsc:0000000000000000 font_dsc
  D:\Temp\ccni1jj7.s:298    .rodata.gylph_bitmap:0000000000000000 gylph_bitmap
  D:\Temp\ccni1jj7.s:69     .rodata.glyph_dsc:0000000000000000 glyph_dsc
  D:\Temp\ccni1jj7.s:48     .rodata.cmaps:0000000000000000 cmaps
  D:\Temp\ccni1jj7.s:2610   .rodata.kern_classes:0000000000000000 kern_classes
  D:\Temp\ccni1jj7.s:33     .data.lv_font_montserrat_28_compr_az:0000000000000000 $d
  D:\Temp\ccni1jj7.s:45     .rodata.cmaps:0000000000000000 $d
  D:\Temp\ccni1jj7.s:66     .rodata.glyph_dsc:0000000000000000 $d
  D:\Temp\ccni1jj7.s:295    .rodata.gylph_bitmap:0000000000000000 $d
  D:\Temp\ccni1jj7.s:2448   .rodata.kern_class_values:0000000000000000 $d
  D:\Temp\ccni1jj7.s:2451   .rodata.kern_class_values:0000000000000000 kern_class_values
  D:\Temp\ccni1jj7.s:2607   .rodata.kern_classes:0000000000000000 $d
  D:\Temp\ccni1jj7.s:2621   .rodata.kern_left_class_mapping:0000000000000000 kern_left_class_mapping
  D:\Temp\ccni1jj7.s:2654   .rodata.kern_right_class_mapping:0000000000000000 kern_right_class_mapping
  D:\Temp\ccni1jj7.s:2618   .rodata.kern_left_class_mapping:0000000000000000 $d
  D:\Temp\ccni1jj7.s:2651   .rodata.kern_right_class_mapping:0000000000000000 $d

UNDEFINED SYMBOLS
lv_font_get_glyph_dsc_fmt_txt
lv_font_get_bitmap_fmt_txt
