ARM GAS  D:\Temp\ccN1NVgH.s 			page 1


   1              		.cpu cortex-m4
   2              		.eabi_attribute 27, 1
   3              		.eabi_attribute 28, 1
   4              		.eabi_attribute 20, 1
   5              		.eabi_attribute 21, 1
   6              		.eabi_attribute 23, 3
   7              		.eabi_attribute 24, 1
   8              		.eabi_attribute 25, 1
   9              		.eabi_attribute 26, 1
  10              		.eabi_attribute 30, 1
  11              		.eabi_attribute 34, 1
  12              		.eabi_attribute 18, 4
  13              		.file	"stm32f4xx_hal_msp.c"
  14              		.text
  15              	.Ltext0:
  16              		.cfi_sections	.debug_frame
  17              		.section	.text.HAL_FSMC_MspInit,"ax",%progbits
  18              		.align	1
  19              		.arch armv7e-m
  20              		.syntax unified
  21              		.thumb
  22              		.thumb_func
  23              		.fpu fpv4-sp-d16
  25              	HAL_FSMC_MspInit:
  26              	.LFB137:
  27              		.file 1 "Src/stm32f4xx_hal_msp.c"
   1:Src/stm32f4xx_hal_msp.c **** /* USER CODE BEGIN Header */
   2:Src/stm32f4xx_hal_msp.c **** /**
   3:Src/stm32f4xx_hal_msp.c ****   ******************************************************************************
   4:Src/stm32f4xx_hal_msp.c ****   * File Name          : stm32f4xx_hal_msp.c
   5:Src/stm32f4xx_hal_msp.c ****   * Description        : This file provides code for the MSP Initialization 
   6:Src/stm32f4xx_hal_msp.c ****   *                      and de-Initialization codes.
   7:Src/stm32f4xx_hal_msp.c ****   ******************************************************************************
   8:Src/stm32f4xx_hal_msp.c ****   * @attention
   9:Src/stm32f4xx_hal_msp.c ****   *
  10:Src/stm32f4xx_hal_msp.c ****   * <h2><center>&copy; Copyright (c) 2021 STMicroelectronics.
  11:Src/stm32f4xx_hal_msp.c ****   * All rights reserved.</center></h2>
  12:Src/stm32f4xx_hal_msp.c ****   *
  13:Src/stm32f4xx_hal_msp.c ****   * This software component is licensed by ST under Ultimate Liberty license
  14:Src/stm32f4xx_hal_msp.c ****   * SLA0044, the "License"; You may not use this file except in compliance with
  15:Src/stm32f4xx_hal_msp.c ****   * the License. You may obtain a copy of the License at:
  16:Src/stm32f4xx_hal_msp.c ****   *                             www.st.com/SLA0044
  17:Src/stm32f4xx_hal_msp.c ****   *
  18:Src/stm32f4xx_hal_msp.c ****   ******************************************************************************
  19:Src/stm32f4xx_hal_msp.c ****   */
  20:Src/stm32f4xx_hal_msp.c **** /* USER CODE END Header */
  21:Src/stm32f4xx_hal_msp.c **** 
  22:Src/stm32f4xx_hal_msp.c **** /* Includes ------------------------------------------------------------------*/
  23:Src/stm32f4xx_hal_msp.c **** #include "main.h"
  24:Src/stm32f4xx_hal_msp.c **** /* USER CODE BEGIN Includes */
  25:Src/stm32f4xx_hal_msp.c **** 
  26:Src/stm32f4xx_hal_msp.c **** /* USER CODE END Includes */
  27:Src/stm32f4xx_hal_msp.c **** 
  28:Src/stm32f4xx_hal_msp.c **** /* Private typedef -----------------------------------------------------------*/
  29:Src/stm32f4xx_hal_msp.c **** /* USER CODE BEGIN TD */
  30:Src/stm32f4xx_hal_msp.c **** 
  31:Src/stm32f4xx_hal_msp.c **** /* USER CODE END TD */
ARM GAS  D:\Temp\ccN1NVgH.s 			page 2


  32:Src/stm32f4xx_hal_msp.c **** 
  33:Src/stm32f4xx_hal_msp.c **** /* Private define ------------------------------------------------------------*/
  34:Src/stm32f4xx_hal_msp.c **** /* USER CODE BEGIN Define */
  35:Src/stm32f4xx_hal_msp.c ****  
  36:Src/stm32f4xx_hal_msp.c **** /* USER CODE END Define */
  37:Src/stm32f4xx_hal_msp.c **** 
  38:Src/stm32f4xx_hal_msp.c **** /* Private macro -------------------------------------------------------------*/
  39:Src/stm32f4xx_hal_msp.c **** /* USER CODE BEGIN Macro */
  40:Src/stm32f4xx_hal_msp.c **** 
  41:Src/stm32f4xx_hal_msp.c **** /* USER CODE END Macro */
  42:Src/stm32f4xx_hal_msp.c **** 
  43:Src/stm32f4xx_hal_msp.c **** /* Private variables ---------------------------------------------------------*/
  44:Src/stm32f4xx_hal_msp.c **** /* USER CODE BEGIN PV */
  45:Src/stm32f4xx_hal_msp.c **** 
  46:Src/stm32f4xx_hal_msp.c **** /* USER CODE END PV */
  47:Src/stm32f4xx_hal_msp.c **** 
  48:Src/stm32f4xx_hal_msp.c **** /* Private function prototypes -----------------------------------------------*/
  49:Src/stm32f4xx_hal_msp.c **** /* USER CODE BEGIN PFP */
  50:Src/stm32f4xx_hal_msp.c **** 
  51:Src/stm32f4xx_hal_msp.c **** /* USER CODE END PFP */
  52:Src/stm32f4xx_hal_msp.c **** 
  53:Src/stm32f4xx_hal_msp.c **** /* External functions --------------------------------------------------------*/
  54:Src/stm32f4xx_hal_msp.c **** /* USER CODE BEGIN ExternalFunctions */
  55:Src/stm32f4xx_hal_msp.c **** 
  56:Src/stm32f4xx_hal_msp.c **** /* USER CODE END ExternalFunctions */
  57:Src/stm32f4xx_hal_msp.c **** 
  58:Src/stm32f4xx_hal_msp.c **** /* USER CODE BEGIN 0 */
  59:Src/stm32f4xx_hal_msp.c **** 
  60:Src/stm32f4xx_hal_msp.c **** /* USER CODE END 0 */
  61:Src/stm32f4xx_hal_msp.c **** /**
  62:Src/stm32f4xx_hal_msp.c ****   * Initializes the Global MSP.
  63:Src/stm32f4xx_hal_msp.c ****   */
  64:Src/stm32f4xx_hal_msp.c **** void HAL_MspInit(void)
  65:Src/stm32f4xx_hal_msp.c **** {
  66:Src/stm32f4xx_hal_msp.c ****   /* USER CODE BEGIN MspInit 0 */
  67:Src/stm32f4xx_hal_msp.c **** 
  68:Src/stm32f4xx_hal_msp.c ****   /* USER CODE END MspInit 0 */
  69:Src/stm32f4xx_hal_msp.c **** 
  70:Src/stm32f4xx_hal_msp.c ****   __HAL_RCC_SYSCFG_CLK_ENABLE();
  71:Src/stm32f4xx_hal_msp.c ****   __HAL_RCC_PWR_CLK_ENABLE();
  72:Src/stm32f4xx_hal_msp.c **** 
  73:Src/stm32f4xx_hal_msp.c ****   /* System interrupt init*/
  74:Src/stm32f4xx_hal_msp.c **** 
  75:Src/stm32f4xx_hal_msp.c ****   /* USER CODE BEGIN MspInit 1 */
  76:Src/stm32f4xx_hal_msp.c **** 
  77:Src/stm32f4xx_hal_msp.c ****   /* USER CODE END MspInit 1 */
  78:Src/stm32f4xx_hal_msp.c **** }
  79:Src/stm32f4xx_hal_msp.c **** 
  80:Src/stm32f4xx_hal_msp.c **** /**
  81:Src/stm32f4xx_hal_msp.c **** * @brief RNG MSP Initialization
  82:Src/stm32f4xx_hal_msp.c **** * This function configures the hardware resources used in this example
  83:Src/stm32f4xx_hal_msp.c **** * @param hrng: RNG handle pointer
  84:Src/stm32f4xx_hal_msp.c **** * @retval None
  85:Src/stm32f4xx_hal_msp.c **** */
  86:Src/stm32f4xx_hal_msp.c **** void HAL_RNG_MspInit(RNG_HandleTypeDef* hrng)
  87:Src/stm32f4xx_hal_msp.c **** {
  88:Src/stm32f4xx_hal_msp.c ****   if(hrng->Instance==RNG)
ARM GAS  D:\Temp\ccN1NVgH.s 			page 3


  89:Src/stm32f4xx_hal_msp.c ****   {
  90:Src/stm32f4xx_hal_msp.c ****   /* USER CODE BEGIN RNG_MspInit 0 */
  91:Src/stm32f4xx_hal_msp.c **** 
  92:Src/stm32f4xx_hal_msp.c ****   /* USER CODE END RNG_MspInit 0 */
  93:Src/stm32f4xx_hal_msp.c ****     /* Peripheral clock enable */
  94:Src/stm32f4xx_hal_msp.c ****     __HAL_RCC_RNG_CLK_ENABLE();
  95:Src/stm32f4xx_hal_msp.c ****     /* RNG interrupt Init */
  96:Src/stm32f4xx_hal_msp.c ****     HAL_NVIC_SetPriority(HASH_RNG_IRQn, 0, 0);
  97:Src/stm32f4xx_hal_msp.c ****     HAL_NVIC_EnableIRQ(HASH_RNG_IRQn);
  98:Src/stm32f4xx_hal_msp.c ****   /* USER CODE BEGIN RNG_MspInit 1 */
  99:Src/stm32f4xx_hal_msp.c **** 
 100:Src/stm32f4xx_hal_msp.c ****   /* USER CODE END RNG_MspInit 1 */
 101:Src/stm32f4xx_hal_msp.c ****   }
 102:Src/stm32f4xx_hal_msp.c **** 
 103:Src/stm32f4xx_hal_msp.c **** }
 104:Src/stm32f4xx_hal_msp.c **** 
 105:Src/stm32f4xx_hal_msp.c **** /**
 106:Src/stm32f4xx_hal_msp.c **** * @brief RNG MSP De-Initialization
 107:Src/stm32f4xx_hal_msp.c **** * This function freeze the hardware resources used in this example
 108:Src/stm32f4xx_hal_msp.c **** * @param hrng: RNG handle pointer
 109:Src/stm32f4xx_hal_msp.c **** * @retval None
 110:Src/stm32f4xx_hal_msp.c **** */
 111:Src/stm32f4xx_hal_msp.c **** void HAL_RNG_MspDeInit(RNG_HandleTypeDef* hrng)
 112:Src/stm32f4xx_hal_msp.c **** {
 113:Src/stm32f4xx_hal_msp.c ****   if(hrng->Instance==RNG)
 114:Src/stm32f4xx_hal_msp.c ****   {
 115:Src/stm32f4xx_hal_msp.c ****   /* USER CODE BEGIN RNG_MspDeInit 0 */
 116:Src/stm32f4xx_hal_msp.c **** 
 117:Src/stm32f4xx_hal_msp.c ****   /* USER CODE END RNG_MspDeInit 0 */
 118:Src/stm32f4xx_hal_msp.c ****     /* Peripheral clock disable */
 119:Src/stm32f4xx_hal_msp.c ****     __HAL_RCC_RNG_CLK_DISABLE();
 120:Src/stm32f4xx_hal_msp.c **** 
 121:Src/stm32f4xx_hal_msp.c ****     /* RNG interrupt DeInit */
 122:Src/stm32f4xx_hal_msp.c ****     HAL_NVIC_DisableIRQ(HASH_RNG_IRQn);
 123:Src/stm32f4xx_hal_msp.c ****   /* USER CODE BEGIN RNG_MspDeInit 1 */
 124:Src/stm32f4xx_hal_msp.c **** 
 125:Src/stm32f4xx_hal_msp.c ****   /* USER CODE END RNG_MspDeInit 1 */
 126:Src/stm32f4xx_hal_msp.c ****   }
 127:Src/stm32f4xx_hal_msp.c **** 
 128:Src/stm32f4xx_hal_msp.c **** }
 129:Src/stm32f4xx_hal_msp.c **** 
 130:Src/stm32f4xx_hal_msp.c **** /**
 131:Src/stm32f4xx_hal_msp.c **** * @brief SD MSP Initialization
 132:Src/stm32f4xx_hal_msp.c **** * This function configures the hardware resources used in this example
 133:Src/stm32f4xx_hal_msp.c **** * @param hsd: SD handle pointer
 134:Src/stm32f4xx_hal_msp.c **** * @retval None
 135:Src/stm32f4xx_hal_msp.c **** */
 136:Src/stm32f4xx_hal_msp.c **** void HAL_SD_MspInit(SD_HandleTypeDef* hsd)
 137:Src/stm32f4xx_hal_msp.c **** {
 138:Src/stm32f4xx_hal_msp.c ****   GPIO_InitTypeDef GPIO_InitStruct = {0};
 139:Src/stm32f4xx_hal_msp.c ****   if(hsd->Instance==SDIO)
 140:Src/stm32f4xx_hal_msp.c ****   {
 141:Src/stm32f4xx_hal_msp.c ****   /* USER CODE BEGIN SDIO_MspInit 0 */
 142:Src/stm32f4xx_hal_msp.c **** 
 143:Src/stm32f4xx_hal_msp.c ****   /* USER CODE END SDIO_MspInit 0 */
 144:Src/stm32f4xx_hal_msp.c ****     /* Peripheral clock enable */
 145:Src/stm32f4xx_hal_msp.c ****     __HAL_RCC_SDIO_CLK_ENABLE();
ARM GAS  D:\Temp\ccN1NVgH.s 			page 4


 146:Src/stm32f4xx_hal_msp.c ****   
 147:Src/stm32f4xx_hal_msp.c ****     __HAL_RCC_GPIOC_CLK_ENABLE();
 148:Src/stm32f4xx_hal_msp.c ****     __HAL_RCC_GPIOD_CLK_ENABLE();
 149:Src/stm32f4xx_hal_msp.c ****     /**SDIO GPIO Configuration    
 150:Src/stm32f4xx_hal_msp.c ****     PC8     ------> SDIO_D0
 151:Src/stm32f4xx_hal_msp.c ****     PC9     ------> SDIO_D1
 152:Src/stm32f4xx_hal_msp.c ****     PC10     ------> SDIO_D2
 153:Src/stm32f4xx_hal_msp.c ****     PC11     ------> SDIO_D3
 154:Src/stm32f4xx_hal_msp.c ****     PC12     ------> SDIO_CK
 155:Src/stm32f4xx_hal_msp.c ****     PD2     ------> SDIO_CMD 
 156:Src/stm32f4xx_hal_msp.c ****     */
 157:Src/stm32f4xx_hal_msp.c ****     GPIO_InitStruct.Pin = GPIO_PIN_8|GPIO_PIN_9|GPIO_PIN_10|GPIO_PIN_11 
 158:Src/stm32f4xx_hal_msp.c ****                           |GPIO_PIN_12;
 159:Src/stm32f4xx_hal_msp.c ****     GPIO_InitStruct.Mode = GPIO_MODE_AF_PP;
 160:Src/stm32f4xx_hal_msp.c ****     GPIO_InitStruct.Pull = GPIO_NOPULL;
 161:Src/stm32f4xx_hal_msp.c ****     GPIO_InitStruct.Speed = GPIO_SPEED_FREQ_VERY_HIGH;
 162:Src/stm32f4xx_hal_msp.c ****     GPIO_InitStruct.Alternate = GPIO_AF12_SDIO;
 163:Src/stm32f4xx_hal_msp.c ****     HAL_GPIO_Init(GPIOC, &GPIO_InitStruct);
 164:Src/stm32f4xx_hal_msp.c **** 
 165:Src/stm32f4xx_hal_msp.c ****     GPIO_InitStruct.Pin = GPIO_PIN_2;
 166:Src/stm32f4xx_hal_msp.c ****     GPIO_InitStruct.Mode = GPIO_MODE_AF_PP;
 167:Src/stm32f4xx_hal_msp.c ****     GPIO_InitStruct.Pull = GPIO_NOPULL;
 168:Src/stm32f4xx_hal_msp.c ****     GPIO_InitStruct.Speed = GPIO_SPEED_FREQ_VERY_HIGH;
 169:Src/stm32f4xx_hal_msp.c ****     GPIO_InitStruct.Alternate = GPIO_AF12_SDIO;
 170:Src/stm32f4xx_hal_msp.c ****     HAL_GPIO_Init(GPIOD, &GPIO_InitStruct);
 171:Src/stm32f4xx_hal_msp.c **** 
 172:Src/stm32f4xx_hal_msp.c ****     /* SDIO interrupt Init */
 173:Src/stm32f4xx_hal_msp.c ****     HAL_NVIC_SetPriority(SDIO_IRQn, 0, 0);
 174:Src/stm32f4xx_hal_msp.c ****     HAL_NVIC_EnableIRQ(SDIO_IRQn);
 175:Src/stm32f4xx_hal_msp.c ****   /* USER CODE BEGIN SDIO_MspInit 1 */
 176:Src/stm32f4xx_hal_msp.c **** 
 177:Src/stm32f4xx_hal_msp.c ****   /* USER CODE END SDIO_MspInit 1 */
 178:Src/stm32f4xx_hal_msp.c ****   }
 179:Src/stm32f4xx_hal_msp.c **** 
 180:Src/stm32f4xx_hal_msp.c **** }
 181:Src/stm32f4xx_hal_msp.c **** 
 182:Src/stm32f4xx_hal_msp.c **** /**
 183:Src/stm32f4xx_hal_msp.c **** * @brief SD MSP De-Initialization
 184:Src/stm32f4xx_hal_msp.c **** * This function freeze the hardware resources used in this example
 185:Src/stm32f4xx_hal_msp.c **** * @param hsd: SD handle pointer
 186:Src/stm32f4xx_hal_msp.c **** * @retval None
 187:Src/stm32f4xx_hal_msp.c **** */
 188:Src/stm32f4xx_hal_msp.c **** void HAL_SD_MspDeInit(SD_HandleTypeDef* hsd)
 189:Src/stm32f4xx_hal_msp.c **** {
 190:Src/stm32f4xx_hal_msp.c ****   if(hsd->Instance==SDIO)
 191:Src/stm32f4xx_hal_msp.c ****   {
 192:Src/stm32f4xx_hal_msp.c ****   /* USER CODE BEGIN SDIO_MspDeInit 0 */
 193:Src/stm32f4xx_hal_msp.c **** 
 194:Src/stm32f4xx_hal_msp.c ****   /* USER CODE END SDIO_MspDeInit 0 */
 195:Src/stm32f4xx_hal_msp.c ****     /* Peripheral clock disable */
 196:Src/stm32f4xx_hal_msp.c ****     __HAL_RCC_SDIO_CLK_DISABLE();
 197:Src/stm32f4xx_hal_msp.c ****   
 198:Src/stm32f4xx_hal_msp.c ****     /**SDIO GPIO Configuration    
 199:Src/stm32f4xx_hal_msp.c ****     PC8     ------> SDIO_D0
 200:Src/stm32f4xx_hal_msp.c ****     PC9     ------> SDIO_D1
 201:Src/stm32f4xx_hal_msp.c ****     PC10     ------> SDIO_D2
 202:Src/stm32f4xx_hal_msp.c ****     PC11     ------> SDIO_D3
ARM GAS  D:\Temp\ccN1NVgH.s 			page 5


 203:Src/stm32f4xx_hal_msp.c ****     PC12     ------> SDIO_CK
 204:Src/stm32f4xx_hal_msp.c ****     PD2     ------> SDIO_CMD 
 205:Src/stm32f4xx_hal_msp.c ****     */
 206:Src/stm32f4xx_hal_msp.c ****     HAL_GPIO_DeInit(GPIOC, GPIO_PIN_8|GPIO_PIN_9|GPIO_PIN_10|GPIO_PIN_11 
 207:Src/stm32f4xx_hal_msp.c ****                           |GPIO_PIN_12);
 208:Src/stm32f4xx_hal_msp.c **** 
 209:Src/stm32f4xx_hal_msp.c ****     HAL_GPIO_DeInit(GPIOD, GPIO_PIN_2);
 210:Src/stm32f4xx_hal_msp.c **** 
 211:Src/stm32f4xx_hal_msp.c ****     /* SDIO interrupt DeInit */
 212:Src/stm32f4xx_hal_msp.c ****     HAL_NVIC_DisableIRQ(SDIO_IRQn);
 213:Src/stm32f4xx_hal_msp.c ****   /* USER CODE BEGIN SDIO_MspDeInit 1 */
 214:Src/stm32f4xx_hal_msp.c **** 
 215:Src/stm32f4xx_hal_msp.c ****   /* USER CODE END SDIO_MspDeInit 1 */
 216:Src/stm32f4xx_hal_msp.c ****   }
 217:Src/stm32f4xx_hal_msp.c **** 
 218:Src/stm32f4xx_hal_msp.c **** }
 219:Src/stm32f4xx_hal_msp.c **** 
 220:Src/stm32f4xx_hal_msp.c **** /**
 221:Src/stm32f4xx_hal_msp.c **** * @brief SPI MSP Initialization
 222:Src/stm32f4xx_hal_msp.c **** * This function configures the hardware resources used in this example
 223:Src/stm32f4xx_hal_msp.c **** * @param hspi: SPI handle pointer
 224:Src/stm32f4xx_hal_msp.c **** * @retval None
 225:Src/stm32f4xx_hal_msp.c **** */
 226:Src/stm32f4xx_hal_msp.c **** void HAL_SPI_MspInit(SPI_HandleTypeDef* hspi)
 227:Src/stm32f4xx_hal_msp.c **** {
 228:Src/stm32f4xx_hal_msp.c ****   GPIO_InitTypeDef GPIO_InitStruct = {0};
 229:Src/stm32f4xx_hal_msp.c ****   if(hspi->Instance==SPI2)
 230:Src/stm32f4xx_hal_msp.c ****   {
 231:Src/stm32f4xx_hal_msp.c ****   /* USER CODE BEGIN SPI2_MspInit 0 */
 232:Src/stm32f4xx_hal_msp.c **** 
 233:Src/stm32f4xx_hal_msp.c ****   /* USER CODE END SPI2_MspInit 0 */
 234:Src/stm32f4xx_hal_msp.c ****     /* Peripheral clock enable */
 235:Src/stm32f4xx_hal_msp.c ****     __HAL_RCC_SPI2_CLK_ENABLE();
 236:Src/stm32f4xx_hal_msp.c ****   
 237:Src/stm32f4xx_hal_msp.c ****     __HAL_RCC_GPIOB_CLK_ENABLE();
 238:Src/stm32f4xx_hal_msp.c ****     /**SPI2 GPIO Configuration    
 239:Src/stm32f4xx_hal_msp.c ****     PB13     ------> SPI2_SCK
 240:Src/stm32f4xx_hal_msp.c ****     PB14     ------> SPI2_MISO
 241:Src/stm32f4xx_hal_msp.c ****     PB15     ------> SPI2_MOSI 
 242:Src/stm32f4xx_hal_msp.c ****     */
 243:Src/stm32f4xx_hal_msp.c ****     GPIO_InitStruct.Pin = GPIO_PIN_13|GPIO_PIN_14|GPIO_PIN_15;
 244:Src/stm32f4xx_hal_msp.c ****     GPIO_InitStruct.Mode = GPIO_MODE_AF_PP;
 245:Src/stm32f4xx_hal_msp.c ****     GPIO_InitStruct.Pull = GPIO_NOPULL;
 246:Src/stm32f4xx_hal_msp.c ****     GPIO_InitStruct.Speed = GPIO_SPEED_FREQ_VERY_HIGH;
 247:Src/stm32f4xx_hal_msp.c ****     GPIO_InitStruct.Alternate = GPIO_AF5_SPI2;
 248:Src/stm32f4xx_hal_msp.c ****     HAL_GPIO_Init(GPIOB, &GPIO_InitStruct);
 249:Src/stm32f4xx_hal_msp.c **** 
 250:Src/stm32f4xx_hal_msp.c ****   /* USER CODE BEGIN SPI2_MspInit 1 */
 251:Src/stm32f4xx_hal_msp.c **** 
 252:Src/stm32f4xx_hal_msp.c ****   /* USER CODE END SPI2_MspInit 1 */
 253:Src/stm32f4xx_hal_msp.c ****   }
 254:Src/stm32f4xx_hal_msp.c ****   else if(hspi->Instance==SPI3)
 255:Src/stm32f4xx_hal_msp.c ****   {
 256:Src/stm32f4xx_hal_msp.c ****   /* USER CODE BEGIN SPI3_MspInit 0 */
 257:Src/stm32f4xx_hal_msp.c **** 
 258:Src/stm32f4xx_hal_msp.c ****   /* USER CODE END SPI3_MspInit 0 */
 259:Src/stm32f4xx_hal_msp.c ****     /* Peripheral clock enable */
ARM GAS  D:\Temp\ccN1NVgH.s 			page 6


 260:Src/stm32f4xx_hal_msp.c ****     __HAL_RCC_SPI3_CLK_ENABLE();
 261:Src/stm32f4xx_hal_msp.c ****   
 262:Src/stm32f4xx_hal_msp.c ****     __HAL_RCC_GPIOB_CLK_ENABLE();
 263:Src/stm32f4xx_hal_msp.c ****     /**SPI3 GPIO Configuration    
 264:Src/stm32f4xx_hal_msp.c ****     PB3     ------> SPI3_SCK
 265:Src/stm32f4xx_hal_msp.c ****     PB4     ------> SPI3_MISO
 266:Src/stm32f4xx_hal_msp.c ****     PB5     ------> SPI3_MOSI 
 267:Src/stm32f4xx_hal_msp.c ****     */
 268:Src/stm32f4xx_hal_msp.c ****     GPIO_InitStruct.Pin = GPIO_PIN_3|GPIO_PIN_4|GPIO_PIN_5;
 269:Src/stm32f4xx_hal_msp.c ****     GPIO_InitStruct.Mode = GPIO_MODE_AF_PP;
 270:Src/stm32f4xx_hal_msp.c ****     GPIO_InitStruct.Pull = GPIO_NOPULL;
 271:Src/stm32f4xx_hal_msp.c ****     GPIO_InitStruct.Speed = GPIO_SPEED_FREQ_VERY_HIGH;
 272:Src/stm32f4xx_hal_msp.c ****     GPIO_InitStruct.Alternate = GPIO_AF6_SPI3;
 273:Src/stm32f4xx_hal_msp.c ****     HAL_GPIO_Init(GPIOB, &GPIO_InitStruct);
 274:Src/stm32f4xx_hal_msp.c **** 
 275:Src/stm32f4xx_hal_msp.c ****   /* USER CODE BEGIN SPI3_MspInit 1 */
 276:Src/stm32f4xx_hal_msp.c **** 
 277:Src/stm32f4xx_hal_msp.c ****   /* USER CODE END SPI3_MspInit 1 */
 278:Src/stm32f4xx_hal_msp.c ****   }
 279:Src/stm32f4xx_hal_msp.c **** 
 280:Src/stm32f4xx_hal_msp.c **** }
 281:Src/stm32f4xx_hal_msp.c **** 
 282:Src/stm32f4xx_hal_msp.c **** /**
 283:Src/stm32f4xx_hal_msp.c **** * @brief SPI MSP De-Initialization
 284:Src/stm32f4xx_hal_msp.c **** * This function freeze the hardware resources used in this example
 285:Src/stm32f4xx_hal_msp.c **** * @param hspi: SPI handle pointer
 286:Src/stm32f4xx_hal_msp.c **** * @retval None
 287:Src/stm32f4xx_hal_msp.c **** */
 288:Src/stm32f4xx_hal_msp.c **** void HAL_SPI_MspDeInit(SPI_HandleTypeDef* hspi)
 289:Src/stm32f4xx_hal_msp.c **** {
 290:Src/stm32f4xx_hal_msp.c ****   if(hspi->Instance==SPI2)
 291:Src/stm32f4xx_hal_msp.c ****   {
 292:Src/stm32f4xx_hal_msp.c ****   /* USER CODE BEGIN SPI2_MspDeInit 0 */
 293:Src/stm32f4xx_hal_msp.c **** 
 294:Src/stm32f4xx_hal_msp.c ****   /* USER CODE END SPI2_MspDeInit 0 */
 295:Src/stm32f4xx_hal_msp.c ****     /* Peripheral clock disable */
 296:Src/stm32f4xx_hal_msp.c ****     __HAL_RCC_SPI2_CLK_DISABLE();
 297:Src/stm32f4xx_hal_msp.c ****   
 298:Src/stm32f4xx_hal_msp.c ****     /**SPI2 GPIO Configuration    
 299:Src/stm32f4xx_hal_msp.c ****     PB13     ------> SPI2_SCK
 300:Src/stm32f4xx_hal_msp.c ****     PB14     ------> SPI2_MISO
 301:Src/stm32f4xx_hal_msp.c ****     PB15     ------> SPI2_MOSI 
 302:Src/stm32f4xx_hal_msp.c ****     */
 303:Src/stm32f4xx_hal_msp.c ****     HAL_GPIO_DeInit(GPIOB, GPIO_PIN_13|GPIO_PIN_14|GPIO_PIN_15);
 304:Src/stm32f4xx_hal_msp.c **** 
 305:Src/stm32f4xx_hal_msp.c ****   /* USER CODE BEGIN SPI2_MspDeInit 1 */
 306:Src/stm32f4xx_hal_msp.c **** 
 307:Src/stm32f4xx_hal_msp.c ****   /* USER CODE END SPI2_MspDeInit 1 */
 308:Src/stm32f4xx_hal_msp.c ****   }
 309:Src/stm32f4xx_hal_msp.c ****   else if(hspi->Instance==SPI3)
 310:Src/stm32f4xx_hal_msp.c ****   {
 311:Src/stm32f4xx_hal_msp.c ****   /* USER CODE BEGIN SPI3_MspDeInit 0 */
 312:Src/stm32f4xx_hal_msp.c **** 
 313:Src/stm32f4xx_hal_msp.c ****   /* USER CODE END SPI3_MspDeInit 0 */
 314:Src/stm32f4xx_hal_msp.c ****     /* Peripheral clock disable */
 315:Src/stm32f4xx_hal_msp.c ****     __HAL_RCC_SPI3_CLK_DISABLE();
 316:Src/stm32f4xx_hal_msp.c ****   
ARM GAS  D:\Temp\ccN1NVgH.s 			page 7


 317:Src/stm32f4xx_hal_msp.c ****     /**SPI3 GPIO Configuration    
 318:Src/stm32f4xx_hal_msp.c ****     PB3     ------> SPI3_SCK
 319:Src/stm32f4xx_hal_msp.c ****     PB4     ------> SPI3_MISO
 320:Src/stm32f4xx_hal_msp.c ****     PB5     ------> SPI3_MOSI 
 321:Src/stm32f4xx_hal_msp.c ****     */
 322:Src/stm32f4xx_hal_msp.c ****     HAL_GPIO_DeInit(GPIOB, GPIO_PIN_3|GPIO_PIN_4|GPIO_PIN_5);
 323:Src/stm32f4xx_hal_msp.c **** 
 324:Src/stm32f4xx_hal_msp.c ****   /* USER CODE BEGIN SPI3_MspDeInit 1 */
 325:Src/stm32f4xx_hal_msp.c **** 
 326:Src/stm32f4xx_hal_msp.c ****   /* USER CODE END SPI3_MspDeInit 1 */
 327:Src/stm32f4xx_hal_msp.c ****   }
 328:Src/stm32f4xx_hal_msp.c **** 
 329:Src/stm32f4xx_hal_msp.c **** }
 330:Src/stm32f4xx_hal_msp.c **** 
 331:Src/stm32f4xx_hal_msp.c **** static uint32_t FSMC_Initialized = 0;
 332:Src/stm32f4xx_hal_msp.c **** 
 333:Src/stm32f4xx_hal_msp.c **** static void HAL_FSMC_MspInit(void){
  28              		.loc 1 333 35 view -0
  29              		.cfi_startproc
  30              		@ args = 0, pretend = 0, frame = 24
  31              		@ frame_needed = 0, uses_anonymous_args = 0
  32 0000 F0B5     		push	{r4, r5, r6, r7, lr}
  33              	.LCFI0:
  34              		.cfi_def_cfa_offset 20
  35              		.cfi_offset 4, -20
  36              		.cfi_offset 5, -16
  37              		.cfi_offset 6, -12
  38              		.cfi_offset 7, -8
  39              		.cfi_offset 14, -4
  40 0002 87B0     		sub	sp, sp, #28
  41              	.LCFI1:
  42              		.cfi_def_cfa_offset 48
 334:Src/stm32f4xx_hal_msp.c ****   /* USER CODE BEGIN FSMC_MspInit 0 */
 335:Src/stm32f4xx_hal_msp.c **** 
 336:Src/stm32f4xx_hal_msp.c ****   /* USER CODE END FSMC_MspInit 0 */
 337:Src/stm32f4xx_hal_msp.c ****   GPIO_InitTypeDef GPIO_InitStruct ={0};
  43              		.loc 1 337 3 view .LVU1
  44              		.loc 1 337 20 is_stmt 0 view .LVU2
  45 0004 0023     		movs	r3, #0
  46 0006 0193     		str	r3, [sp, #4]
  47 0008 0293     		str	r3, [sp, #8]
  48 000a 0393     		str	r3, [sp, #12]
  49 000c 0493     		str	r3, [sp, #16]
  50 000e 0593     		str	r3, [sp, #20]
 338:Src/stm32f4xx_hal_msp.c ****   if (FSMC_Initialized) {
  51              		.loc 1 338 3 is_stmt 1 view .LVU3
  52              		.loc 1 338 7 is_stmt 0 view .LVU4
  53 0010 164B     		ldr	r3, .L6
  54 0012 1B68     		ldr	r3, [r3]
  55              		.loc 1 338 6 view .LVU5
  56 0014 0BB1     		cbz	r3, .L5
  57              	.L1:
 339:Src/stm32f4xx_hal_msp.c ****     return;
 340:Src/stm32f4xx_hal_msp.c ****   }
 341:Src/stm32f4xx_hal_msp.c ****   FSMC_Initialized = 1;
 342:Src/stm32f4xx_hal_msp.c **** 
 343:Src/stm32f4xx_hal_msp.c ****   /* Peripheral clock enable */
ARM GAS  D:\Temp\ccN1NVgH.s 			page 8


 344:Src/stm32f4xx_hal_msp.c ****   __HAL_RCC_FSMC_CLK_ENABLE();
 345:Src/stm32f4xx_hal_msp.c ****   
 346:Src/stm32f4xx_hal_msp.c ****   /** FSMC GPIO Configuration  
 347:Src/stm32f4xx_hal_msp.c ****   PE7   ------> FSMC_D4
 348:Src/stm32f4xx_hal_msp.c ****   PE8   ------> FSMC_D5
 349:Src/stm32f4xx_hal_msp.c ****   PE9   ------> FSMC_D6
 350:Src/stm32f4xx_hal_msp.c ****   PE10   ------> FSMC_D7
 351:Src/stm32f4xx_hal_msp.c ****   PE11   ------> FSMC_D8
 352:Src/stm32f4xx_hal_msp.c ****   PE12   ------> FSMC_D9
 353:Src/stm32f4xx_hal_msp.c ****   PE13   ------> FSMC_D10
 354:Src/stm32f4xx_hal_msp.c ****   PE14   ------> FSMC_D11
 355:Src/stm32f4xx_hal_msp.c ****   PE15   ------> FSMC_D12
 356:Src/stm32f4xx_hal_msp.c ****   PD8   ------> FSMC_D13
 357:Src/stm32f4xx_hal_msp.c ****   PD9   ------> FSMC_D14
 358:Src/stm32f4xx_hal_msp.c ****   PD10   ------> FSMC_D15
 359:Src/stm32f4xx_hal_msp.c ****   PD13   ------> FSMC_A18
 360:Src/stm32f4xx_hal_msp.c ****   PD14   ------> FSMC_D0
 361:Src/stm32f4xx_hal_msp.c ****   PD15   ------> FSMC_D1
 362:Src/stm32f4xx_hal_msp.c ****   PD0   ------> FSMC_D2
 363:Src/stm32f4xx_hal_msp.c ****   PD1   ------> FSMC_D3
 364:Src/stm32f4xx_hal_msp.c ****   PD4   ------> FSMC_NOE
 365:Src/stm32f4xx_hal_msp.c ****   PD5   ------> FSMC_NWE
 366:Src/stm32f4xx_hal_msp.c ****   PD7   ------> FSMC_NE1
 367:Src/stm32f4xx_hal_msp.c ****   */
 368:Src/stm32f4xx_hal_msp.c ****   GPIO_InitStruct.Pin = GPIO_PIN_7|GPIO_PIN_8|GPIO_PIN_9|GPIO_PIN_10 
 369:Src/stm32f4xx_hal_msp.c ****                           |GPIO_PIN_11|GPIO_PIN_12|GPIO_PIN_13|GPIO_PIN_14 
 370:Src/stm32f4xx_hal_msp.c ****                           |GPIO_PIN_15;
 371:Src/stm32f4xx_hal_msp.c ****   GPIO_InitStruct.Mode = GPIO_MODE_AF_PP;
 372:Src/stm32f4xx_hal_msp.c ****   GPIO_InitStruct.Pull = GPIO_NOPULL;
 373:Src/stm32f4xx_hal_msp.c ****   GPIO_InitStruct.Speed = GPIO_SPEED_FREQ_VERY_HIGH;
 374:Src/stm32f4xx_hal_msp.c ****   GPIO_InitStruct.Alternate = GPIO_AF12_FSMC;
 375:Src/stm32f4xx_hal_msp.c ****   HAL_GPIO_Init(GPIOE, &GPIO_InitStruct);
 376:Src/stm32f4xx_hal_msp.c **** 
 377:Src/stm32f4xx_hal_msp.c ****   GPIO_InitStruct.Pin = GPIO_PIN_8|GPIO_PIN_9|GPIO_PIN_10|GPIO_PIN_13 
 378:Src/stm32f4xx_hal_msp.c ****                           |GPIO_PIN_14|GPIO_PIN_15|GPIO_PIN_0|GPIO_PIN_1 
 379:Src/stm32f4xx_hal_msp.c ****                           |GPIO_PIN_4|GPIO_PIN_5|GPIO_PIN_7;
 380:Src/stm32f4xx_hal_msp.c ****   GPIO_InitStruct.Mode = GPIO_MODE_AF_PP;
 381:Src/stm32f4xx_hal_msp.c ****   GPIO_InitStruct.Pull = GPIO_NOPULL;
 382:Src/stm32f4xx_hal_msp.c ****   GPIO_InitStruct.Speed = GPIO_SPEED_FREQ_VERY_HIGH;
 383:Src/stm32f4xx_hal_msp.c ****   GPIO_InitStruct.Alternate = GPIO_AF12_FSMC;
 384:Src/stm32f4xx_hal_msp.c ****   HAL_GPIO_Init(GPIOD, &GPIO_InitStruct);
 385:Src/stm32f4xx_hal_msp.c **** 
 386:Src/stm32f4xx_hal_msp.c ****   /* USER CODE BEGIN FSMC_MspInit 1 */
 387:Src/stm32f4xx_hal_msp.c **** 
 388:Src/stm32f4xx_hal_msp.c ****   /* USER CODE END FSMC_MspInit 1 */
 389:Src/stm32f4xx_hal_msp.c **** }
  58              		.loc 1 389 1 view .LVU6
  59 0016 07B0     		add	sp, sp, #28
  60              	.LCFI2:
  61              		.cfi_remember_state
  62              		.cfi_def_cfa_offset 20
  63              		@ sp needed
  64 0018 F0BD     		pop	{r4, r5, r6, r7, pc}
  65              	.L5:
  66              	.LCFI3:
  67              		.cfi_restore_state
 341:Src/stm32f4xx_hal_msp.c **** 
ARM GAS  D:\Temp\ccN1NVgH.s 			page 9


  68              		.loc 1 341 3 is_stmt 1 view .LVU7
 341:Src/stm32f4xx_hal_msp.c **** 
  69              		.loc 1 341 20 is_stmt 0 view .LVU8
  70 001a 144B     		ldr	r3, .L6
  71 001c 0122     		movs	r2, #1
  72 001e 1A60     		str	r2, [r3]
 344:Src/stm32f4xx_hal_msp.c ****   
  73              		.loc 1 344 3 is_stmt 1 view .LVU9
  74              	.LBB2:
 344:Src/stm32f4xx_hal_msp.c ****   
  75              		.loc 1 344 3 view .LVU10
  76 0020 0026     		movs	r6, #0
  77 0022 0096     		str	r6, [sp]
 344:Src/stm32f4xx_hal_msp.c ****   
  78              		.loc 1 344 3 view .LVU11
  79 0024 124B     		ldr	r3, .L6+4
  80 0026 9A6B     		ldr	r2, [r3, #56]
  81 0028 42F00102 		orr	r2, r2, #1
  82 002c 9A63     		str	r2, [r3, #56]
 344:Src/stm32f4xx_hal_msp.c ****   
  83              		.loc 1 344 3 view .LVU12
  84 002e 9B6B     		ldr	r3, [r3, #56]
  85 0030 03F00103 		and	r3, r3, #1
  86 0034 0093     		str	r3, [sp]
 344:Src/stm32f4xx_hal_msp.c ****   
  87              		.loc 1 344 3 view .LVU13
  88 0036 009B     		ldr	r3, [sp]
  89              	.LBE2:
 368:Src/stm32f4xx_hal_msp.c ****                           |GPIO_PIN_11|GPIO_PIN_12|GPIO_PIN_13|GPIO_PIN_14 
  90              		.loc 1 368 3 view .LVU14
 368:Src/stm32f4xx_hal_msp.c ****                           |GPIO_PIN_11|GPIO_PIN_12|GPIO_PIN_13|GPIO_PIN_14 
  91              		.loc 1 368 23 is_stmt 0 view .LVU15
  92 0038 4FF68073 		movw	r3, #65408
  93 003c 0193     		str	r3, [sp, #4]
 371:Src/stm32f4xx_hal_msp.c ****   GPIO_InitStruct.Pull = GPIO_NOPULL;
  94              		.loc 1 371 3 is_stmt 1 view .LVU16
 371:Src/stm32f4xx_hal_msp.c ****   GPIO_InitStruct.Pull = GPIO_NOPULL;
  95              		.loc 1 371 24 is_stmt 0 view .LVU17
  96 003e 0227     		movs	r7, #2
  97 0040 0297     		str	r7, [sp, #8]
 372:Src/stm32f4xx_hal_msp.c ****   GPIO_InitStruct.Speed = GPIO_SPEED_FREQ_VERY_HIGH;
  98              		.loc 1 372 3 is_stmt 1 view .LVU18
 373:Src/stm32f4xx_hal_msp.c ****   GPIO_InitStruct.Alternate = GPIO_AF12_FSMC;
  99              		.loc 1 373 3 view .LVU19
 373:Src/stm32f4xx_hal_msp.c ****   GPIO_InitStruct.Alternate = GPIO_AF12_FSMC;
 100              		.loc 1 373 25 is_stmt 0 view .LVU20
 101 0042 0325     		movs	r5, #3
 102 0044 0495     		str	r5, [sp, #16]
 374:Src/stm32f4xx_hal_msp.c ****   HAL_GPIO_Init(GPIOE, &GPIO_InitStruct);
 103              		.loc 1 374 3 is_stmt 1 view .LVU21
 374:Src/stm32f4xx_hal_msp.c ****   HAL_GPIO_Init(GPIOE, &GPIO_InitStruct);
 104              		.loc 1 374 29 is_stmt 0 view .LVU22
 105 0046 0C24     		movs	r4, #12
 106 0048 0594     		str	r4, [sp, #20]
 375:Src/stm32f4xx_hal_msp.c **** 
 107              		.loc 1 375 3 is_stmt 1 view .LVU23
 108 004a 01A9     		add	r1, sp, #4
ARM GAS  D:\Temp\ccN1NVgH.s 			page 10


 109 004c 0948     		ldr	r0, .L6+8
 110 004e FFF7FEFF 		bl	HAL_GPIO_Init
 111              	.LVL0:
 377:Src/stm32f4xx_hal_msp.c ****                           |GPIO_PIN_14|GPIO_PIN_15|GPIO_PIN_0|GPIO_PIN_1 
 112              		.loc 1 377 3 view .LVU24
 377:Src/stm32f4xx_hal_msp.c ****                           |GPIO_PIN_14|GPIO_PIN_15|GPIO_PIN_0|GPIO_PIN_1 
 113              		.loc 1 377 23 is_stmt 0 view .LVU25
 114 0052 4EF2B373 		movw	r3, #59315
 115 0056 0193     		str	r3, [sp, #4]
 380:Src/stm32f4xx_hal_msp.c ****   GPIO_InitStruct.Pull = GPIO_NOPULL;
 116              		.loc 1 380 3 is_stmt 1 view .LVU26
 380:Src/stm32f4xx_hal_msp.c ****   GPIO_InitStruct.Pull = GPIO_NOPULL;
 117              		.loc 1 380 24 is_stmt 0 view .LVU27
 118 0058 0297     		str	r7, [sp, #8]
 381:Src/stm32f4xx_hal_msp.c ****   GPIO_InitStruct.Speed = GPIO_SPEED_FREQ_VERY_HIGH;
 119              		.loc 1 381 3 is_stmt 1 view .LVU28
 381:Src/stm32f4xx_hal_msp.c ****   GPIO_InitStruct.Speed = GPIO_SPEED_FREQ_VERY_HIGH;
 120              		.loc 1 381 24 is_stmt 0 view .LVU29
 121 005a 0396     		str	r6, [sp, #12]
 382:Src/stm32f4xx_hal_msp.c ****   GPIO_InitStruct.Alternate = GPIO_AF12_FSMC;
 122              		.loc 1 382 3 is_stmt 1 view .LVU30
 382:Src/stm32f4xx_hal_msp.c ****   GPIO_InitStruct.Alternate = GPIO_AF12_FSMC;
 123              		.loc 1 382 25 is_stmt 0 view .LVU31
 124 005c 0495     		str	r5, [sp, #16]
 383:Src/stm32f4xx_hal_msp.c ****   HAL_GPIO_Init(GPIOD, &GPIO_InitStruct);
 125              		.loc 1 383 3 is_stmt 1 view .LVU32
 383:Src/stm32f4xx_hal_msp.c ****   HAL_GPIO_Init(GPIOD, &GPIO_InitStruct);
 126              		.loc 1 383 29 is_stmt 0 view .LVU33
 127 005e 0594     		str	r4, [sp, #20]
 384:Src/stm32f4xx_hal_msp.c **** 
 128              		.loc 1 384 3 is_stmt 1 view .LVU34
 129 0060 01A9     		add	r1, sp, #4
 130 0062 0548     		ldr	r0, .L6+12
 131 0064 FFF7FEFF 		bl	HAL_GPIO_Init
 132              	.LVL1:
 133 0068 D5E7     		b	.L1
 134              	.L7:
 135 006a 00BF     		.align	2
 136              	.L6:
 137 006c 00000000 		.word	.LANCHOR0
 138 0070 00380240 		.word	1073887232
 139 0074 00100240 		.word	1073876992
 140 0078 000C0240 		.word	1073875968
 141              		.cfi_endproc
 142              	.LFE137:
 144              		.section	.text.HAL_FSMC_MspDeInit,"ax",%progbits
 145              		.align	1
 146              		.syntax unified
 147              		.thumb
 148              		.thumb_func
 149              		.fpu fpv4-sp-d16
 151              	HAL_FSMC_MspDeInit:
 152              	.LFB139:
 390:Src/stm32f4xx_hal_msp.c **** 
 391:Src/stm32f4xx_hal_msp.c **** void HAL_SRAM_MspInit(SRAM_HandleTypeDef* hsram){
 392:Src/stm32f4xx_hal_msp.c ****   /* USER CODE BEGIN SRAM_MspInit 0 */
 393:Src/stm32f4xx_hal_msp.c **** 
ARM GAS  D:\Temp\ccN1NVgH.s 			page 11


 394:Src/stm32f4xx_hal_msp.c ****   /* USER CODE END SRAM_MspInit 0 */
 395:Src/stm32f4xx_hal_msp.c ****   HAL_FSMC_MspInit();
 396:Src/stm32f4xx_hal_msp.c ****   /* USER CODE BEGIN SRAM_MspInit 1 */
 397:Src/stm32f4xx_hal_msp.c **** 
 398:Src/stm32f4xx_hal_msp.c ****   /* USER CODE END SRAM_MspInit 1 */
 399:Src/stm32f4xx_hal_msp.c **** }
 400:Src/stm32f4xx_hal_msp.c **** 
 401:Src/stm32f4xx_hal_msp.c **** static uint32_t FSMC_DeInitialized = 0;
 402:Src/stm32f4xx_hal_msp.c **** 
 403:Src/stm32f4xx_hal_msp.c **** static void HAL_FSMC_MspDeInit(void){
 153              		.loc 1 403 37 view -0
 154              		.cfi_startproc
 155              		@ args = 0, pretend = 0, frame = 0
 156              		@ frame_needed = 0, uses_anonymous_args = 0
 157 0000 08B5     		push	{r3, lr}
 158              	.LCFI4:
 159              		.cfi_def_cfa_offset 8
 160              		.cfi_offset 3, -8
 161              		.cfi_offset 14, -4
 404:Src/stm32f4xx_hal_msp.c ****   /* USER CODE BEGIN FSMC_MspDeInit 0 */
 405:Src/stm32f4xx_hal_msp.c **** 
 406:Src/stm32f4xx_hal_msp.c ****   /* USER CODE END FSMC_MspDeInit 0 */
 407:Src/stm32f4xx_hal_msp.c ****   if (FSMC_DeInitialized) {
 162              		.loc 1 407 3 view .LVU36
 163              		.loc 1 407 7 is_stmt 0 view .LVU37
 164 0002 0B4B     		ldr	r3, .L12
 165 0004 1B68     		ldr	r3, [r3]
 166              		.loc 1 407 6 view .LVU38
 167 0006 03B1     		cbz	r3, .L11
 168              	.L8:
 408:Src/stm32f4xx_hal_msp.c ****     return;
 409:Src/stm32f4xx_hal_msp.c ****   }
 410:Src/stm32f4xx_hal_msp.c ****   FSMC_DeInitialized = 1;
 411:Src/stm32f4xx_hal_msp.c ****   /* Peripheral clock enable */
 412:Src/stm32f4xx_hal_msp.c ****   __HAL_RCC_FSMC_CLK_DISABLE();
 413:Src/stm32f4xx_hal_msp.c ****   
 414:Src/stm32f4xx_hal_msp.c ****   /** FSMC GPIO Configuration  
 415:Src/stm32f4xx_hal_msp.c ****   PE7   ------> FSMC_D4
 416:Src/stm32f4xx_hal_msp.c ****   PE8   ------> FSMC_D5
 417:Src/stm32f4xx_hal_msp.c ****   PE9   ------> FSMC_D6
 418:Src/stm32f4xx_hal_msp.c ****   PE10   ------> FSMC_D7
 419:Src/stm32f4xx_hal_msp.c ****   PE11   ------> FSMC_D8
 420:Src/stm32f4xx_hal_msp.c ****   PE12   ------> FSMC_D9
 421:Src/stm32f4xx_hal_msp.c ****   PE13   ------> FSMC_D10
 422:Src/stm32f4xx_hal_msp.c ****   PE14   ------> FSMC_D11
 423:Src/stm32f4xx_hal_msp.c ****   PE15   ------> FSMC_D12
 424:Src/stm32f4xx_hal_msp.c ****   PD8   ------> FSMC_D13
 425:Src/stm32f4xx_hal_msp.c ****   PD9   ------> FSMC_D14
 426:Src/stm32f4xx_hal_msp.c ****   PD10   ------> FSMC_D15
 427:Src/stm32f4xx_hal_msp.c ****   PD13   ------> FSMC_A18
 428:Src/stm32f4xx_hal_msp.c ****   PD14   ------> FSMC_D0
 429:Src/stm32f4xx_hal_msp.c ****   PD15   ------> FSMC_D1
 430:Src/stm32f4xx_hal_msp.c ****   PD0   ------> FSMC_D2
 431:Src/stm32f4xx_hal_msp.c ****   PD1   ------> FSMC_D3
 432:Src/stm32f4xx_hal_msp.c ****   PD4   ------> FSMC_NOE
 433:Src/stm32f4xx_hal_msp.c ****   PD5   ------> FSMC_NWE
 434:Src/stm32f4xx_hal_msp.c ****   PD7   ------> FSMC_NE1
ARM GAS  D:\Temp\ccN1NVgH.s 			page 12


 435:Src/stm32f4xx_hal_msp.c ****   */
 436:Src/stm32f4xx_hal_msp.c ****   HAL_GPIO_DeInit(GPIOE, GPIO_PIN_7|GPIO_PIN_8|GPIO_PIN_9|GPIO_PIN_10 
 437:Src/stm32f4xx_hal_msp.c ****                           |GPIO_PIN_11|GPIO_PIN_12|GPIO_PIN_13|GPIO_PIN_14 
 438:Src/stm32f4xx_hal_msp.c ****                           |GPIO_PIN_15);
 439:Src/stm32f4xx_hal_msp.c **** 
 440:Src/stm32f4xx_hal_msp.c ****   HAL_GPIO_DeInit(GPIOD, GPIO_PIN_8|GPIO_PIN_9|GPIO_PIN_10|GPIO_PIN_13 
 441:Src/stm32f4xx_hal_msp.c ****                           |GPIO_PIN_14|GPIO_PIN_15|GPIO_PIN_0|GPIO_PIN_1 
 442:Src/stm32f4xx_hal_msp.c ****                           |GPIO_PIN_4|GPIO_PIN_5|GPIO_PIN_7);
 443:Src/stm32f4xx_hal_msp.c **** 
 444:Src/stm32f4xx_hal_msp.c ****   /* USER CODE BEGIN FSMC_MspDeInit 1 */
 445:Src/stm32f4xx_hal_msp.c **** 
 446:Src/stm32f4xx_hal_msp.c ****   /* USER CODE END FSMC_MspDeInit 1 */
 447:Src/stm32f4xx_hal_msp.c **** }
 169              		.loc 1 447 1 view .LVU39
 170 0008 08BD     		pop	{r3, pc}
 171              	.L11:
 410:Src/stm32f4xx_hal_msp.c ****   /* Peripheral clock enable */
 172              		.loc 1 410 3 is_stmt 1 view .LVU40
 410:Src/stm32f4xx_hal_msp.c ****   /* Peripheral clock enable */
 173              		.loc 1 410 22 is_stmt 0 view .LVU41
 174 000a 094B     		ldr	r3, .L12
 175 000c 0122     		movs	r2, #1
 176 000e 1A60     		str	r2, [r3]
 412:Src/stm32f4xx_hal_msp.c ****   
 177              		.loc 1 412 3 is_stmt 1 view .LVU42
 178 0010 084A     		ldr	r2, .L12+4
 179 0012 936B     		ldr	r3, [r2, #56]
 180 0014 23F00103 		bic	r3, r3, #1
 181 0018 9363     		str	r3, [r2, #56]
 436:Src/stm32f4xx_hal_msp.c ****                           |GPIO_PIN_11|GPIO_PIN_12|GPIO_PIN_13|GPIO_PIN_14 
 182              		.loc 1 436 3 view .LVU43
 183 001a 4FF68071 		movw	r1, #65408
 184 001e 0648     		ldr	r0, .L12+8
 185 0020 FFF7FEFF 		bl	HAL_GPIO_DeInit
 186              	.LVL2:
 440:Src/stm32f4xx_hal_msp.c ****                           |GPIO_PIN_14|GPIO_PIN_15|GPIO_PIN_0|GPIO_PIN_1 
 187              		.loc 1 440 3 view .LVU44
 188 0024 4EF2B371 		movw	r1, #59315
 189 0028 0448     		ldr	r0, .L12+12
 190 002a FFF7FEFF 		bl	HAL_GPIO_DeInit
 191              	.LVL3:
 192 002e EBE7     		b	.L8
 193              	.L13:
 194              		.align	2
 195              	.L12:
 196 0030 00000000 		.word	.LANCHOR1
 197 0034 00380240 		.word	1073887232
 198 0038 00100240 		.word	1073876992
 199 003c 000C0240 		.word	1073875968
 200              		.cfi_endproc
 201              	.LFE139:
 203              		.section	.text.HAL_MspInit,"ax",%progbits
 204              		.align	1
 205              		.global	HAL_MspInit
 206              		.syntax unified
 207              		.thumb
 208              		.thumb_func
ARM GAS  D:\Temp\ccN1NVgH.s 			page 13


 209              		.fpu fpv4-sp-d16
 211              	HAL_MspInit:
 212              	.LFB130:
  65:Src/stm32f4xx_hal_msp.c ****   /* USER CODE BEGIN MspInit 0 */
 213              		.loc 1 65 1 view -0
 214              		.cfi_startproc
 215              		@ args = 0, pretend = 0, frame = 8
 216              		@ frame_needed = 0, uses_anonymous_args = 0
 217              		@ link register save eliminated.
 218 0000 82B0     		sub	sp, sp, #8
 219              	.LCFI5:
 220              		.cfi_def_cfa_offset 8
  70:Src/stm32f4xx_hal_msp.c ****   __HAL_RCC_PWR_CLK_ENABLE();
 221              		.loc 1 70 3 view .LVU46
 222              	.LBB3:
  70:Src/stm32f4xx_hal_msp.c ****   __HAL_RCC_PWR_CLK_ENABLE();
 223              		.loc 1 70 3 view .LVU47
 224 0002 0021     		movs	r1, #0
 225 0004 0091     		str	r1, [sp]
  70:Src/stm32f4xx_hal_msp.c ****   __HAL_RCC_PWR_CLK_ENABLE();
 226              		.loc 1 70 3 view .LVU48
 227 0006 0B4B     		ldr	r3, .L16
 228 0008 5A6C     		ldr	r2, [r3, #68]
 229 000a 42F48042 		orr	r2, r2, #16384
 230 000e 5A64     		str	r2, [r3, #68]
  70:Src/stm32f4xx_hal_msp.c ****   __HAL_RCC_PWR_CLK_ENABLE();
 231              		.loc 1 70 3 view .LVU49
 232 0010 5A6C     		ldr	r2, [r3, #68]
 233 0012 02F48042 		and	r2, r2, #16384
 234 0016 0092     		str	r2, [sp]
  70:Src/stm32f4xx_hal_msp.c ****   __HAL_RCC_PWR_CLK_ENABLE();
 235              		.loc 1 70 3 view .LVU50
 236 0018 009A     		ldr	r2, [sp]
 237              	.LBE3:
  71:Src/stm32f4xx_hal_msp.c **** 
 238              		.loc 1 71 3 view .LVU51
 239              	.LBB4:
  71:Src/stm32f4xx_hal_msp.c **** 
 240              		.loc 1 71 3 view .LVU52
 241 001a 0191     		str	r1, [sp, #4]
  71:Src/stm32f4xx_hal_msp.c **** 
 242              		.loc 1 71 3 view .LVU53
 243 001c 1A6C     		ldr	r2, [r3, #64]
 244 001e 42F08052 		orr	r2, r2, #268435456
 245 0022 1A64     		str	r2, [r3, #64]
  71:Src/stm32f4xx_hal_msp.c **** 
 246              		.loc 1 71 3 view .LVU54
 247 0024 1B6C     		ldr	r3, [r3, #64]
 248 0026 03F08053 		and	r3, r3, #268435456
 249 002a 0193     		str	r3, [sp, #4]
  71:Src/stm32f4xx_hal_msp.c **** 
 250              		.loc 1 71 3 view .LVU55
 251 002c 019B     		ldr	r3, [sp, #4]
 252              	.LBE4:
  78:Src/stm32f4xx_hal_msp.c **** 
 253              		.loc 1 78 1 is_stmt 0 view .LVU56
 254 002e 02B0     		add	sp, sp, #8
ARM GAS  D:\Temp\ccN1NVgH.s 			page 14


 255              	.LCFI6:
 256              		.cfi_def_cfa_offset 0
 257              		@ sp needed
 258 0030 7047     		bx	lr
 259              	.L17:
 260 0032 00BF     		.align	2
 261              	.L16:
 262 0034 00380240 		.word	1073887232
 263              		.cfi_endproc
 264              	.LFE130:
 266              		.section	.text.HAL_RNG_MspInit,"ax",%progbits
 267              		.align	1
 268              		.global	HAL_RNG_MspInit
 269              		.syntax unified
 270              		.thumb
 271              		.thumb_func
 272              		.fpu fpv4-sp-d16
 274              	HAL_RNG_MspInit:
 275              	.LVL4:
 276              	.LFB131:
  87:Src/stm32f4xx_hal_msp.c ****   if(hrng->Instance==RNG)
 277              		.loc 1 87 1 is_stmt 1 view -0
 278              		.cfi_startproc
 279              		@ args = 0, pretend = 0, frame = 8
 280              		@ frame_needed = 0, uses_anonymous_args = 0
  88:Src/stm32f4xx_hal_msp.c ****   {
 281              		.loc 1 88 3 view .LVU58
  88:Src/stm32f4xx_hal_msp.c ****   {
 282              		.loc 1 88 10 is_stmt 0 view .LVU59
 283 0000 0268     		ldr	r2, [r0]
  88:Src/stm32f4xx_hal_msp.c ****   {
 284              		.loc 1 88 5 view .LVU60
 285 0002 0E4B     		ldr	r3, .L25
 286 0004 9A42     		cmp	r2, r3
 287 0006 00D0     		beq	.L24
 288 0008 7047     		bx	lr
 289              	.L24:
  87:Src/stm32f4xx_hal_msp.c ****   if(hrng->Instance==RNG)
 290              		.loc 1 87 1 view .LVU61
 291 000a 00B5     		push	{lr}
 292              	.LCFI7:
 293              		.cfi_def_cfa_offset 4
 294              		.cfi_offset 14, -4
 295 000c 83B0     		sub	sp, sp, #12
 296              	.LCFI8:
 297              		.cfi_def_cfa_offset 16
  94:Src/stm32f4xx_hal_msp.c ****     /* RNG interrupt Init */
 298              		.loc 1 94 5 is_stmt 1 view .LVU62
 299              	.LBB5:
  94:Src/stm32f4xx_hal_msp.c ****     /* RNG interrupt Init */
 300              		.loc 1 94 5 view .LVU63
 301 000e 0021     		movs	r1, #0
 302 0010 0191     		str	r1, [sp, #4]
  94:Src/stm32f4xx_hal_msp.c ****     /* RNG interrupt Init */
 303              		.loc 1 94 5 view .LVU64
 304 0012 0B4B     		ldr	r3, .L25+4
 305 0014 5A6B     		ldr	r2, [r3, #52]
ARM GAS  D:\Temp\ccN1NVgH.s 			page 15


 306 0016 42F04002 		orr	r2, r2, #64
 307 001a 5A63     		str	r2, [r3, #52]
  94:Src/stm32f4xx_hal_msp.c ****     /* RNG interrupt Init */
 308              		.loc 1 94 5 view .LVU65
 309 001c 5B6B     		ldr	r3, [r3, #52]
 310 001e 03F04003 		and	r3, r3, #64
 311 0022 0193     		str	r3, [sp, #4]
  94:Src/stm32f4xx_hal_msp.c ****     /* RNG interrupt Init */
 312              		.loc 1 94 5 view .LVU66
 313 0024 019B     		ldr	r3, [sp, #4]
 314              	.LBE5:
  96:Src/stm32f4xx_hal_msp.c ****     HAL_NVIC_EnableIRQ(HASH_RNG_IRQn);
 315              		.loc 1 96 5 view .LVU67
 316 0026 0A46     		mov	r2, r1
 317 0028 5020     		movs	r0, #80
 318              	.LVL5:
  96:Src/stm32f4xx_hal_msp.c ****     HAL_NVIC_EnableIRQ(HASH_RNG_IRQn);
 319              		.loc 1 96 5 is_stmt 0 view .LVU68
 320 002a FFF7FEFF 		bl	HAL_NVIC_SetPriority
 321              	.LVL6:
  97:Src/stm32f4xx_hal_msp.c ****   /* USER CODE BEGIN RNG_MspInit 1 */
 322              		.loc 1 97 5 is_stmt 1 view .LVU69
 323 002e 5020     		movs	r0, #80
 324 0030 FFF7FEFF 		bl	HAL_NVIC_EnableIRQ
 325              	.LVL7:
 103:Src/stm32f4xx_hal_msp.c **** 
 326              		.loc 1 103 1 is_stmt 0 view .LVU70
 327 0034 03B0     		add	sp, sp, #12
 328              	.LCFI9:
 329              		.cfi_def_cfa_offset 4
 330              		@ sp needed
 331 0036 5DF804FB 		ldr	pc, [sp], #4
 332              	.L26:
 333 003a 00BF     		.align	2
 334              	.L25:
 335 003c 00080650 		.word	1342572544
 336 0040 00380240 		.word	1073887232
 337              		.cfi_endproc
 338              	.LFE131:
 340              		.section	.text.HAL_RNG_MspDeInit,"ax",%progbits
 341              		.align	1
 342              		.global	HAL_RNG_MspDeInit
 343              		.syntax unified
 344              		.thumb
 345              		.thumb_func
 346              		.fpu fpv4-sp-d16
 348              	HAL_RNG_MspDeInit:
 349              	.LVL8:
 350              	.LFB132:
 112:Src/stm32f4xx_hal_msp.c ****   if(hrng->Instance==RNG)
 351              		.loc 1 112 1 is_stmt 1 view -0
 352              		.cfi_startproc
 353              		@ args = 0, pretend = 0, frame = 0
 354              		@ frame_needed = 0, uses_anonymous_args = 0
 112:Src/stm32f4xx_hal_msp.c ****   if(hrng->Instance==RNG)
 355              		.loc 1 112 1 is_stmt 0 view .LVU72
 356 0000 08B5     		push	{r3, lr}
ARM GAS  D:\Temp\ccN1NVgH.s 			page 16


 357              	.LCFI10:
 358              		.cfi_def_cfa_offset 8
 359              		.cfi_offset 3, -8
 360              		.cfi_offset 14, -4
 113:Src/stm32f4xx_hal_msp.c ****   {
 361              		.loc 1 113 3 is_stmt 1 view .LVU73
 113:Src/stm32f4xx_hal_msp.c ****   {
 362              		.loc 1 113 10 is_stmt 0 view .LVU74
 363 0002 0268     		ldr	r2, [r0]
 113:Src/stm32f4xx_hal_msp.c ****   {
 364              		.loc 1 113 5 view .LVU75
 365 0004 064B     		ldr	r3, .L31
 366 0006 9A42     		cmp	r2, r3
 367 0008 00D0     		beq	.L30
 368              	.LVL9:
 369              	.L27:
 128:Src/stm32f4xx_hal_msp.c **** 
 370              		.loc 1 128 1 view .LVU76
 371 000a 08BD     		pop	{r3, pc}
 372              	.LVL10:
 373              	.L30:
 119:Src/stm32f4xx_hal_msp.c **** 
 374              		.loc 1 119 5 is_stmt 1 view .LVU77
 375 000c 054A     		ldr	r2, .L31+4
 376 000e 536B     		ldr	r3, [r2, #52]
 377 0010 23F04003 		bic	r3, r3, #64
 378 0014 5363     		str	r3, [r2, #52]
 122:Src/stm32f4xx_hal_msp.c ****   /* USER CODE BEGIN RNG_MspDeInit 1 */
 379              		.loc 1 122 5 view .LVU78
 380 0016 5020     		movs	r0, #80
 381              	.LVL11:
 122:Src/stm32f4xx_hal_msp.c ****   /* USER CODE BEGIN RNG_MspDeInit 1 */
 382              		.loc 1 122 5 is_stmt 0 view .LVU79
 383 0018 FFF7FEFF 		bl	HAL_NVIC_DisableIRQ
 384              	.LVL12:
 128:Src/stm32f4xx_hal_msp.c **** 
 385              		.loc 1 128 1 view .LVU80
 386 001c F5E7     		b	.L27
 387              	.L32:
 388 001e 00BF     		.align	2
 389              	.L31:
 390 0020 00080650 		.word	1342572544
 391 0024 00380240 		.word	1073887232
 392              		.cfi_endproc
 393              	.LFE132:
 395              		.section	.text.HAL_SD_MspInit,"ax",%progbits
 396              		.align	1
 397              		.global	HAL_SD_MspInit
 398              		.syntax unified
 399              		.thumb
 400              		.thumb_func
 401              		.fpu fpv4-sp-d16
 403              	HAL_SD_MspInit:
 404              	.LVL13:
 405              	.LFB133:
 137:Src/stm32f4xx_hal_msp.c ****   GPIO_InitTypeDef GPIO_InitStruct = {0};
 406              		.loc 1 137 1 is_stmt 1 view -0
ARM GAS  D:\Temp\ccN1NVgH.s 			page 17


 407              		.cfi_startproc
 408              		@ args = 0, pretend = 0, frame = 32
 409              		@ frame_needed = 0, uses_anonymous_args = 0
 137:Src/stm32f4xx_hal_msp.c ****   GPIO_InitTypeDef GPIO_InitStruct = {0};
 410              		.loc 1 137 1 is_stmt 0 view .LVU82
 411 0000 F0B5     		push	{r4, r5, r6, r7, lr}
 412              	.LCFI11:
 413              		.cfi_def_cfa_offset 20
 414              		.cfi_offset 4, -20
 415              		.cfi_offset 5, -16
 416              		.cfi_offset 6, -12
 417              		.cfi_offset 7, -8
 418              		.cfi_offset 14, -4
 419 0002 89B0     		sub	sp, sp, #36
 420              	.LCFI12:
 421              		.cfi_def_cfa_offset 56
 138:Src/stm32f4xx_hal_msp.c ****   if(hsd->Instance==SDIO)
 422              		.loc 1 138 3 is_stmt 1 view .LVU83
 138:Src/stm32f4xx_hal_msp.c ****   if(hsd->Instance==SDIO)
 423              		.loc 1 138 20 is_stmt 0 view .LVU84
 424 0004 0023     		movs	r3, #0
 425 0006 0393     		str	r3, [sp, #12]
 426 0008 0493     		str	r3, [sp, #16]
 427 000a 0593     		str	r3, [sp, #20]
 428 000c 0693     		str	r3, [sp, #24]
 429 000e 0793     		str	r3, [sp, #28]
 139:Src/stm32f4xx_hal_msp.c ****   {
 430              		.loc 1 139 3 is_stmt 1 view .LVU85
 139:Src/stm32f4xx_hal_msp.c ****   {
 431              		.loc 1 139 9 is_stmt 0 view .LVU86
 432 0010 0268     		ldr	r2, [r0]
 139:Src/stm32f4xx_hal_msp.c ****   {
 433              		.loc 1 139 5 view .LVU87
 434 0012 244B     		ldr	r3, .L37
 435 0014 9A42     		cmp	r2, r3
 436 0016 01D0     		beq	.L36
 437              	.LVL14:
 438              	.L33:
 180:Src/stm32f4xx_hal_msp.c **** 
 439              		.loc 1 180 1 view .LVU88
 440 0018 09B0     		add	sp, sp, #36
 441              	.LCFI13:
 442              		.cfi_remember_state
 443              		.cfi_def_cfa_offset 20
 444              		@ sp needed
 445 001a F0BD     		pop	{r4, r5, r6, r7, pc}
 446              	.LVL15:
 447              	.L36:
 448              	.LCFI14:
 449              		.cfi_restore_state
 145:Src/stm32f4xx_hal_msp.c ****   
 450              		.loc 1 145 5 is_stmt 1 view .LVU89
 451              	.LBB6:
 145:Src/stm32f4xx_hal_msp.c ****   
 452              		.loc 1 145 5 view .LVU90
 453 001c 0024     		movs	r4, #0
 454 001e 0094     		str	r4, [sp]
ARM GAS  D:\Temp\ccN1NVgH.s 			page 18


 145:Src/stm32f4xx_hal_msp.c ****   
 455              		.loc 1 145 5 view .LVU91
 456 0020 03F58633 		add	r3, r3, #68608
 457 0024 5A6C     		ldr	r2, [r3, #68]
 458 0026 42F40062 		orr	r2, r2, #2048
 459 002a 5A64     		str	r2, [r3, #68]
 145:Src/stm32f4xx_hal_msp.c ****   
 460              		.loc 1 145 5 view .LVU92
 461 002c 5A6C     		ldr	r2, [r3, #68]
 462 002e 02F40062 		and	r2, r2, #2048
 463 0032 0092     		str	r2, [sp]
 145:Src/stm32f4xx_hal_msp.c ****   
 464              		.loc 1 145 5 view .LVU93
 465 0034 009A     		ldr	r2, [sp]
 466              	.LBE6:
 147:Src/stm32f4xx_hal_msp.c ****     __HAL_RCC_GPIOD_CLK_ENABLE();
 467              		.loc 1 147 5 view .LVU94
 468              	.LBB7:
 147:Src/stm32f4xx_hal_msp.c ****     __HAL_RCC_GPIOD_CLK_ENABLE();
 469              		.loc 1 147 5 view .LVU95
 470 0036 0194     		str	r4, [sp, #4]
 147:Src/stm32f4xx_hal_msp.c ****     __HAL_RCC_GPIOD_CLK_ENABLE();
 471              		.loc 1 147 5 view .LVU96
 472 0038 1A6B     		ldr	r2, [r3, #48]
 473 003a 42F00402 		orr	r2, r2, #4
 474 003e 1A63     		str	r2, [r3, #48]
 147:Src/stm32f4xx_hal_msp.c ****     __HAL_RCC_GPIOD_CLK_ENABLE();
 475              		.loc 1 147 5 view .LVU97
 476 0040 1A6B     		ldr	r2, [r3, #48]
 477 0042 02F00402 		and	r2, r2, #4
 478 0046 0192     		str	r2, [sp, #4]
 147:Src/stm32f4xx_hal_msp.c ****     __HAL_RCC_GPIOD_CLK_ENABLE();
 479              		.loc 1 147 5 view .LVU98
 480 0048 019A     		ldr	r2, [sp, #4]
 481              	.LBE7:
 148:Src/stm32f4xx_hal_msp.c ****     /**SDIO GPIO Configuration    
 482              		.loc 1 148 5 view .LVU99
 483              	.LBB8:
 148:Src/stm32f4xx_hal_msp.c ****     /**SDIO GPIO Configuration    
 484              		.loc 1 148 5 view .LVU100
 485 004a 0294     		str	r4, [sp, #8]
 148:Src/stm32f4xx_hal_msp.c ****     /**SDIO GPIO Configuration    
 486              		.loc 1 148 5 view .LVU101
 487 004c 1A6B     		ldr	r2, [r3, #48]
 488 004e 42F00802 		orr	r2, r2, #8
 489 0052 1A63     		str	r2, [r3, #48]
 148:Src/stm32f4xx_hal_msp.c ****     /**SDIO GPIO Configuration    
 490              		.loc 1 148 5 view .LVU102
 491 0054 1B6B     		ldr	r3, [r3, #48]
 492 0056 03F00803 		and	r3, r3, #8
 493 005a 0293     		str	r3, [sp, #8]
 148:Src/stm32f4xx_hal_msp.c ****     /**SDIO GPIO Configuration    
 494              		.loc 1 148 5 view .LVU103
 495 005c 029B     		ldr	r3, [sp, #8]
 496              	.LBE8:
 157:Src/stm32f4xx_hal_msp.c ****                           |GPIO_PIN_12;
 497              		.loc 1 157 5 view .LVU104
ARM GAS  D:\Temp\ccN1NVgH.s 			page 19


 157:Src/stm32f4xx_hal_msp.c ****                           |GPIO_PIN_12;
 498              		.loc 1 157 25 is_stmt 0 view .LVU105
 499 005e 4FF4F853 		mov	r3, #7936
 500 0062 0393     		str	r3, [sp, #12]
 159:Src/stm32f4xx_hal_msp.c ****     GPIO_InitStruct.Pull = GPIO_NOPULL;
 501              		.loc 1 159 5 is_stmt 1 view .LVU106
 159:Src/stm32f4xx_hal_msp.c ****     GPIO_InitStruct.Pull = GPIO_NOPULL;
 502              		.loc 1 159 26 is_stmt 0 view .LVU107
 503 0064 0227     		movs	r7, #2
 504 0066 0497     		str	r7, [sp, #16]
 160:Src/stm32f4xx_hal_msp.c ****     GPIO_InitStruct.Speed = GPIO_SPEED_FREQ_VERY_HIGH;
 505              		.loc 1 160 5 is_stmt 1 view .LVU108
 161:Src/stm32f4xx_hal_msp.c ****     GPIO_InitStruct.Alternate = GPIO_AF12_SDIO;
 506              		.loc 1 161 5 view .LVU109
 161:Src/stm32f4xx_hal_msp.c ****     GPIO_InitStruct.Alternate = GPIO_AF12_SDIO;
 507              		.loc 1 161 27 is_stmt 0 view .LVU110
 508 0068 0326     		movs	r6, #3
 509 006a 0696     		str	r6, [sp, #24]
 162:Src/stm32f4xx_hal_msp.c ****     HAL_GPIO_Init(GPIOC, &GPIO_InitStruct);
 510              		.loc 1 162 5 is_stmt 1 view .LVU111
 162:Src/stm32f4xx_hal_msp.c ****     HAL_GPIO_Init(GPIOC, &GPIO_InitStruct);
 511              		.loc 1 162 31 is_stmt 0 view .LVU112
 512 006c 0C25     		movs	r5, #12
 513 006e 0795     		str	r5, [sp, #28]
 163:Src/stm32f4xx_hal_msp.c **** 
 514              		.loc 1 163 5 is_stmt 1 view .LVU113
 515 0070 0DEB0501 		add	r1, sp, r5
 516 0074 0C48     		ldr	r0, .L37+4
 517              	.LVL16:
 163:Src/stm32f4xx_hal_msp.c **** 
 518              		.loc 1 163 5 is_stmt 0 view .LVU114
 519 0076 FFF7FEFF 		bl	HAL_GPIO_Init
 520              	.LVL17:
 165:Src/stm32f4xx_hal_msp.c ****     GPIO_InitStruct.Mode = GPIO_MODE_AF_PP;
 521              		.loc 1 165 5 is_stmt 1 view .LVU115
 165:Src/stm32f4xx_hal_msp.c ****     GPIO_InitStruct.Mode = GPIO_MODE_AF_PP;
 522              		.loc 1 165 25 is_stmt 0 view .LVU116
 523 007a 0423     		movs	r3, #4
 524 007c 0393     		str	r3, [sp, #12]
 166:Src/stm32f4xx_hal_msp.c ****     GPIO_InitStruct.Pull = GPIO_NOPULL;
 525              		.loc 1 166 5 is_stmt 1 view .LVU117
 166:Src/stm32f4xx_hal_msp.c ****     GPIO_InitStruct.Pull = GPIO_NOPULL;
 526              		.loc 1 166 26 is_stmt 0 view .LVU118
 527 007e 0497     		str	r7, [sp, #16]
 167:Src/stm32f4xx_hal_msp.c ****     GPIO_InitStruct.Speed = GPIO_SPEED_FREQ_VERY_HIGH;
 528              		.loc 1 167 5 is_stmt 1 view .LVU119
 167:Src/stm32f4xx_hal_msp.c ****     GPIO_InitStruct.Speed = GPIO_SPEED_FREQ_VERY_HIGH;
 529              		.loc 1 167 26 is_stmt 0 view .LVU120
 530 0080 0594     		str	r4, [sp, #20]
 168:Src/stm32f4xx_hal_msp.c ****     GPIO_InitStruct.Alternate = GPIO_AF12_SDIO;
 531              		.loc 1 168 5 is_stmt 1 view .LVU121
 168:Src/stm32f4xx_hal_msp.c ****     GPIO_InitStruct.Alternate = GPIO_AF12_SDIO;
 532              		.loc 1 168 27 is_stmt 0 view .LVU122
 533 0082 0696     		str	r6, [sp, #24]
 169:Src/stm32f4xx_hal_msp.c ****     HAL_GPIO_Init(GPIOD, &GPIO_InitStruct);
 534              		.loc 1 169 5 is_stmt 1 view .LVU123
 169:Src/stm32f4xx_hal_msp.c ****     HAL_GPIO_Init(GPIOD, &GPIO_InitStruct);
ARM GAS  D:\Temp\ccN1NVgH.s 			page 20


 535              		.loc 1 169 31 is_stmt 0 view .LVU124
 536 0084 0795     		str	r5, [sp, #28]
 170:Src/stm32f4xx_hal_msp.c **** 
 537              		.loc 1 170 5 is_stmt 1 view .LVU125
 538 0086 0DEB0501 		add	r1, sp, r5
 539 008a 0848     		ldr	r0, .L37+8
 540 008c FFF7FEFF 		bl	HAL_GPIO_Init
 541              	.LVL18:
 173:Src/stm32f4xx_hal_msp.c ****     HAL_NVIC_EnableIRQ(SDIO_IRQn);
 542              		.loc 1 173 5 view .LVU126
 543 0090 2246     		mov	r2, r4
 544 0092 2146     		mov	r1, r4
 545 0094 3120     		movs	r0, #49
 546 0096 FFF7FEFF 		bl	HAL_NVIC_SetPriority
 547              	.LVL19:
 174:Src/stm32f4xx_hal_msp.c ****   /* USER CODE BEGIN SDIO_MspInit 1 */
 548              		.loc 1 174 5 view .LVU127
 549 009a 3120     		movs	r0, #49
 550 009c FFF7FEFF 		bl	HAL_NVIC_EnableIRQ
 551              	.LVL20:
 180:Src/stm32f4xx_hal_msp.c **** 
 552              		.loc 1 180 1 is_stmt 0 view .LVU128
 553 00a0 BAE7     		b	.L33
 554              	.L38:
 555 00a2 00BF     		.align	2
 556              	.L37:
 557 00a4 002C0140 		.word	1073818624
 558 00a8 00080240 		.word	1073874944
 559 00ac 000C0240 		.word	1073875968
 560              		.cfi_endproc
 561              	.LFE133:
 563              		.section	.text.HAL_SD_MspDeInit,"ax",%progbits
 564              		.align	1
 565              		.global	HAL_SD_MspDeInit
 566              		.syntax unified
 567              		.thumb
 568              		.thumb_func
 569              		.fpu fpv4-sp-d16
 571              	HAL_SD_MspDeInit:
 572              	.LVL21:
 573              	.LFB134:
 189:Src/stm32f4xx_hal_msp.c ****   if(hsd->Instance==SDIO)
 574              		.loc 1 189 1 is_stmt 1 view -0
 575              		.cfi_startproc
 576              		@ args = 0, pretend = 0, frame = 0
 577              		@ frame_needed = 0, uses_anonymous_args = 0
 189:Src/stm32f4xx_hal_msp.c ****   if(hsd->Instance==SDIO)
 578              		.loc 1 189 1 is_stmt 0 view .LVU130
 579 0000 08B5     		push	{r3, lr}
 580              	.LCFI15:
 581              		.cfi_def_cfa_offset 8
 582              		.cfi_offset 3, -8
 583              		.cfi_offset 14, -4
 190:Src/stm32f4xx_hal_msp.c ****   {
 584              		.loc 1 190 3 is_stmt 1 view .LVU131
 190:Src/stm32f4xx_hal_msp.c ****   {
 585              		.loc 1 190 9 is_stmt 0 view .LVU132
ARM GAS  D:\Temp\ccN1NVgH.s 			page 21


 586 0002 0268     		ldr	r2, [r0]
 190:Src/stm32f4xx_hal_msp.c ****   {
 587              		.loc 1 190 5 view .LVU133
 588 0004 0A4B     		ldr	r3, .L43
 589 0006 9A42     		cmp	r2, r3
 590 0008 00D0     		beq	.L42
 591              	.LVL22:
 592              	.L39:
 218:Src/stm32f4xx_hal_msp.c **** 
 593              		.loc 1 218 1 view .LVU134
 594 000a 08BD     		pop	{r3, pc}
 595              	.LVL23:
 596              	.L42:
 196:Src/stm32f4xx_hal_msp.c ****   
 597              		.loc 1 196 5 is_stmt 1 view .LVU135
 598 000c 094A     		ldr	r2, .L43+4
 599 000e 536C     		ldr	r3, [r2, #68]
 600 0010 23F40063 		bic	r3, r3, #2048
 601 0014 5364     		str	r3, [r2, #68]
 206:Src/stm32f4xx_hal_msp.c ****                           |GPIO_PIN_12);
 602              		.loc 1 206 5 view .LVU136
 603 0016 4FF4F851 		mov	r1, #7936
 604 001a 0748     		ldr	r0, .L43+8
 605              	.LVL24:
 206:Src/stm32f4xx_hal_msp.c ****                           |GPIO_PIN_12);
 606              		.loc 1 206 5 is_stmt 0 view .LVU137
 607 001c FFF7FEFF 		bl	HAL_GPIO_DeInit
 608              	.LVL25:
 209:Src/stm32f4xx_hal_msp.c **** 
 609              		.loc 1 209 5 is_stmt 1 view .LVU138
 610 0020 0421     		movs	r1, #4
 611 0022 0648     		ldr	r0, .L43+12
 612 0024 FFF7FEFF 		bl	HAL_GPIO_DeInit
 613              	.LVL26:
 212:Src/stm32f4xx_hal_msp.c ****   /* USER CODE BEGIN SDIO_MspDeInit 1 */
 614              		.loc 1 212 5 view .LVU139
 615 0028 3120     		movs	r0, #49
 616 002a FFF7FEFF 		bl	HAL_NVIC_DisableIRQ
 617              	.LVL27:
 218:Src/stm32f4xx_hal_msp.c **** 
 618              		.loc 1 218 1 is_stmt 0 view .LVU140
 619 002e ECE7     		b	.L39
 620              	.L44:
 621              		.align	2
 622              	.L43:
 623 0030 002C0140 		.word	1073818624
 624 0034 00380240 		.word	1073887232
 625 0038 00080240 		.word	1073874944
 626 003c 000C0240 		.word	1073875968
 627              		.cfi_endproc
 628              	.LFE134:
 630              		.section	.text.HAL_SPI_MspInit,"ax",%progbits
 631              		.align	1
 632              		.global	HAL_SPI_MspInit
 633              		.syntax unified
 634              		.thumb
 635              		.thumb_func
ARM GAS  D:\Temp\ccN1NVgH.s 			page 22


 636              		.fpu fpv4-sp-d16
 638              	HAL_SPI_MspInit:
 639              	.LVL28:
 640              	.LFB135:
 227:Src/stm32f4xx_hal_msp.c ****   GPIO_InitTypeDef GPIO_InitStruct = {0};
 641              		.loc 1 227 1 is_stmt 1 view -0
 642              		.cfi_startproc
 643              		@ args = 0, pretend = 0, frame = 40
 644              		@ frame_needed = 0, uses_anonymous_args = 0
 227:Src/stm32f4xx_hal_msp.c ****   GPIO_InitTypeDef GPIO_InitStruct = {0};
 645              		.loc 1 227 1 is_stmt 0 view .LVU142
 646 0000 00B5     		push	{lr}
 647              	.LCFI16:
 648              		.cfi_def_cfa_offset 4
 649              		.cfi_offset 14, -4
 650 0002 8BB0     		sub	sp, sp, #44
 651              	.LCFI17:
 652              		.cfi_def_cfa_offset 48
 228:Src/stm32f4xx_hal_msp.c ****   if(hspi->Instance==SPI2)
 653              		.loc 1 228 3 is_stmt 1 view .LVU143
 228:Src/stm32f4xx_hal_msp.c ****   if(hspi->Instance==SPI2)
 654              		.loc 1 228 20 is_stmt 0 view .LVU144
 655 0004 0023     		movs	r3, #0
 656 0006 0593     		str	r3, [sp, #20]
 657 0008 0693     		str	r3, [sp, #24]
 658 000a 0793     		str	r3, [sp, #28]
 659 000c 0893     		str	r3, [sp, #32]
 660 000e 0993     		str	r3, [sp, #36]
 229:Src/stm32f4xx_hal_msp.c ****   {
 661              		.loc 1 229 3 is_stmt 1 view .LVU145
 229:Src/stm32f4xx_hal_msp.c ****   {
 662              		.loc 1 229 10 is_stmt 0 view .LVU146
 663 0010 0368     		ldr	r3, [r0]
 229:Src/stm32f4xx_hal_msp.c ****   {
 664              		.loc 1 229 5 view .LVU147
 665 0012 284A     		ldr	r2, .L51
 666 0014 9342     		cmp	r3, r2
 667 0016 05D0     		beq	.L49
 254:Src/stm32f4xx_hal_msp.c ****   {
 668              		.loc 1 254 8 is_stmt 1 view .LVU148
 254:Src/stm32f4xx_hal_msp.c ****   {
 669              		.loc 1 254 10 is_stmt 0 view .LVU149
 670 0018 274A     		ldr	r2, .L51+4
 671 001a 9342     		cmp	r3, r2
 672 001c 26D0     		beq	.L50
 673              	.LVL29:
 674              	.L45:
 280:Src/stm32f4xx_hal_msp.c **** 
 675              		.loc 1 280 1 view .LVU150
 676 001e 0BB0     		add	sp, sp, #44
 677              	.LCFI18:
 678              		.cfi_remember_state
 679              		.cfi_def_cfa_offset 4
 680              		@ sp needed
 681 0020 5DF804FB 		ldr	pc, [sp], #4
 682              	.LVL30:
 683              	.L49:
ARM GAS  D:\Temp\ccN1NVgH.s 			page 23


 684              	.LCFI19:
 685              		.cfi_restore_state
 235:Src/stm32f4xx_hal_msp.c ****   
 686              		.loc 1 235 5 is_stmt 1 view .LVU151
 687              	.LBB9:
 235:Src/stm32f4xx_hal_msp.c ****   
 688              		.loc 1 235 5 view .LVU152
 689 0024 0021     		movs	r1, #0
 690 0026 0191     		str	r1, [sp, #4]
 235:Src/stm32f4xx_hal_msp.c ****   
 691              		.loc 1 235 5 view .LVU153
 692 0028 244B     		ldr	r3, .L51+8
 693 002a 1A6C     		ldr	r2, [r3, #64]
 694 002c 42F48042 		orr	r2, r2, #16384
 695 0030 1A64     		str	r2, [r3, #64]
 235:Src/stm32f4xx_hal_msp.c ****   
 696              		.loc 1 235 5 view .LVU154
 697 0032 1A6C     		ldr	r2, [r3, #64]
 698 0034 02F48042 		and	r2, r2, #16384
 699 0038 0192     		str	r2, [sp, #4]
 235:Src/stm32f4xx_hal_msp.c ****   
 700              		.loc 1 235 5 view .LVU155
 701 003a 019A     		ldr	r2, [sp, #4]
 702              	.LBE9:
 237:Src/stm32f4xx_hal_msp.c ****     /**SPI2 GPIO Configuration    
 703              		.loc 1 237 5 view .LVU156
 704              	.LBB10:
 237:Src/stm32f4xx_hal_msp.c ****     /**SPI2 GPIO Configuration    
 705              		.loc 1 237 5 view .LVU157
 706 003c 0291     		str	r1, [sp, #8]
 237:Src/stm32f4xx_hal_msp.c ****     /**SPI2 GPIO Configuration    
 707              		.loc 1 237 5 view .LVU158
 708 003e 1A6B     		ldr	r2, [r3, #48]
 709 0040 42F00202 		orr	r2, r2, #2
 710 0044 1A63     		str	r2, [r3, #48]
 237:Src/stm32f4xx_hal_msp.c ****     /**SPI2 GPIO Configuration    
 711              		.loc 1 237 5 view .LVU159
 712 0046 1B6B     		ldr	r3, [r3, #48]
 713 0048 03F00203 		and	r3, r3, #2
 714 004c 0293     		str	r3, [sp, #8]
 237:Src/stm32f4xx_hal_msp.c ****     /**SPI2 GPIO Configuration    
 715              		.loc 1 237 5 view .LVU160
 716 004e 029B     		ldr	r3, [sp, #8]
 717              	.LBE10:
 243:Src/stm32f4xx_hal_msp.c ****     GPIO_InitStruct.Mode = GPIO_MODE_AF_PP;
 718              		.loc 1 243 5 view .LVU161
 243:Src/stm32f4xx_hal_msp.c ****     GPIO_InitStruct.Mode = GPIO_MODE_AF_PP;
 719              		.loc 1 243 25 is_stmt 0 view .LVU162
 720 0050 4FF46043 		mov	r3, #57344
 721 0054 0593     		str	r3, [sp, #20]
 244:Src/stm32f4xx_hal_msp.c ****     GPIO_InitStruct.Pull = GPIO_NOPULL;
 722              		.loc 1 244 5 is_stmt 1 view .LVU163
 244:Src/stm32f4xx_hal_msp.c ****     GPIO_InitStruct.Pull = GPIO_NOPULL;
 723              		.loc 1 244 26 is_stmt 0 view .LVU164
 724 0056 0223     		movs	r3, #2
 725 0058 0693     		str	r3, [sp, #24]
 245:Src/stm32f4xx_hal_msp.c ****     GPIO_InitStruct.Speed = GPIO_SPEED_FREQ_VERY_HIGH;
ARM GAS  D:\Temp\ccN1NVgH.s 			page 24


 726              		.loc 1 245 5 is_stmt 1 view .LVU165
 246:Src/stm32f4xx_hal_msp.c ****     GPIO_InitStruct.Alternate = GPIO_AF5_SPI2;
 727              		.loc 1 246 5 view .LVU166
 246:Src/stm32f4xx_hal_msp.c ****     GPIO_InitStruct.Alternate = GPIO_AF5_SPI2;
 728              		.loc 1 246 27 is_stmt 0 view .LVU167
 729 005a 0323     		movs	r3, #3
 730 005c 0893     		str	r3, [sp, #32]
 247:Src/stm32f4xx_hal_msp.c ****     HAL_GPIO_Init(GPIOB, &GPIO_InitStruct);
 731              		.loc 1 247 5 is_stmt 1 view .LVU168
 247:Src/stm32f4xx_hal_msp.c ****     HAL_GPIO_Init(GPIOB, &GPIO_InitStruct);
 732              		.loc 1 247 31 is_stmt 0 view .LVU169
 733 005e 0523     		movs	r3, #5
 734 0060 0993     		str	r3, [sp, #36]
 248:Src/stm32f4xx_hal_msp.c **** 
 735              		.loc 1 248 5 is_stmt 1 view .LVU170
 736 0062 05A9     		add	r1, sp, #20
 737 0064 1648     		ldr	r0, .L51+12
 738              	.LVL31:
 248:Src/stm32f4xx_hal_msp.c **** 
 739              		.loc 1 248 5 is_stmt 0 view .LVU171
 740 0066 FFF7FEFF 		bl	HAL_GPIO_Init
 741              	.LVL32:
 742 006a D8E7     		b	.L45
 743              	.LVL33:
 744              	.L50:
 260:Src/stm32f4xx_hal_msp.c ****   
 745              		.loc 1 260 5 is_stmt 1 view .LVU172
 746              	.LBB11:
 260:Src/stm32f4xx_hal_msp.c ****   
 747              		.loc 1 260 5 view .LVU173
 748 006c 0021     		movs	r1, #0
 749 006e 0391     		str	r1, [sp, #12]
 260:Src/stm32f4xx_hal_msp.c ****   
 750              		.loc 1 260 5 view .LVU174
 751 0070 124B     		ldr	r3, .L51+8
 752 0072 1A6C     		ldr	r2, [r3, #64]
 753 0074 42F40042 		orr	r2, r2, #32768
 754 0078 1A64     		str	r2, [r3, #64]
 260:Src/stm32f4xx_hal_msp.c ****   
 755              		.loc 1 260 5 view .LVU175
 756 007a 1A6C     		ldr	r2, [r3, #64]
 757 007c 02F40042 		and	r2, r2, #32768
 758 0080 0392     		str	r2, [sp, #12]
 260:Src/stm32f4xx_hal_msp.c ****   
 759              		.loc 1 260 5 view .LVU176
 760 0082 039A     		ldr	r2, [sp, #12]
 761              	.LBE11:
 262:Src/stm32f4xx_hal_msp.c ****     /**SPI3 GPIO Configuration    
 762              		.loc 1 262 5 view .LVU177
 763              	.LBB12:
 262:Src/stm32f4xx_hal_msp.c ****     /**SPI3 GPIO Configuration    
 764              		.loc 1 262 5 view .LVU178
 765 0084 0491     		str	r1, [sp, #16]
 262:Src/stm32f4xx_hal_msp.c ****     /**SPI3 GPIO Configuration    
 766              		.loc 1 262 5 view .LVU179
 767 0086 1A6B     		ldr	r2, [r3, #48]
 768 0088 42F00202 		orr	r2, r2, #2
ARM GAS  D:\Temp\ccN1NVgH.s 			page 25


 769 008c 1A63     		str	r2, [r3, #48]
 262:Src/stm32f4xx_hal_msp.c ****     /**SPI3 GPIO Configuration    
 770              		.loc 1 262 5 view .LVU180
 771 008e 1B6B     		ldr	r3, [r3, #48]
 772 0090 03F00203 		and	r3, r3, #2
 773 0094 0493     		str	r3, [sp, #16]
 262:Src/stm32f4xx_hal_msp.c ****     /**SPI3 GPIO Configuration    
 774              		.loc 1 262 5 view .LVU181
 775 0096 049B     		ldr	r3, [sp, #16]
 776              	.LBE12:
 268:Src/stm32f4xx_hal_msp.c ****     GPIO_InitStruct.Mode = GPIO_MODE_AF_PP;
 777              		.loc 1 268 5 view .LVU182
 268:Src/stm32f4xx_hal_msp.c ****     GPIO_InitStruct.Mode = GPIO_MODE_AF_PP;
 778              		.loc 1 268 25 is_stmt 0 view .LVU183
 779 0098 3823     		movs	r3, #56
 780 009a 0593     		str	r3, [sp, #20]
 269:Src/stm32f4xx_hal_msp.c ****     GPIO_InitStruct.Pull = GPIO_NOPULL;
 781              		.loc 1 269 5 is_stmt 1 view .LVU184
 269:Src/stm32f4xx_hal_msp.c ****     GPIO_InitStruct.Pull = GPIO_NOPULL;
 782              		.loc 1 269 26 is_stmt 0 view .LVU185
 783 009c 0223     		movs	r3, #2
 784 009e 0693     		str	r3, [sp, #24]
 270:Src/stm32f4xx_hal_msp.c ****     GPIO_InitStruct.Speed = GPIO_SPEED_FREQ_VERY_HIGH;
 785              		.loc 1 270 5 is_stmt 1 view .LVU186
 271:Src/stm32f4xx_hal_msp.c ****     GPIO_InitStruct.Alternate = GPIO_AF6_SPI3;
 786              		.loc 1 271 5 view .LVU187
 271:Src/stm32f4xx_hal_msp.c ****     GPIO_InitStruct.Alternate = GPIO_AF6_SPI3;
 787              		.loc 1 271 27 is_stmt 0 view .LVU188
 788 00a0 0323     		movs	r3, #3
 789 00a2 0893     		str	r3, [sp, #32]
 272:Src/stm32f4xx_hal_msp.c ****     HAL_GPIO_Init(GPIOB, &GPIO_InitStruct);
 790              		.loc 1 272 5 is_stmt 1 view .LVU189
 272:Src/stm32f4xx_hal_msp.c ****     HAL_GPIO_Init(GPIOB, &GPIO_InitStruct);
 791              		.loc 1 272 31 is_stmt 0 view .LVU190
 792 00a4 0623     		movs	r3, #6
 793 00a6 0993     		str	r3, [sp, #36]
 273:Src/stm32f4xx_hal_msp.c **** 
 794              		.loc 1 273 5 is_stmt 1 view .LVU191
 795 00a8 05A9     		add	r1, sp, #20
 796 00aa 0548     		ldr	r0, .L51+12
 797              	.LVL34:
 273:Src/stm32f4xx_hal_msp.c **** 
 798              		.loc 1 273 5 is_stmt 0 view .LVU192
 799 00ac FFF7FEFF 		bl	HAL_GPIO_Init
 800              	.LVL35:
 280:Src/stm32f4xx_hal_msp.c **** 
 801              		.loc 1 280 1 view .LVU193
 802 00b0 B5E7     		b	.L45
 803              	.L52:
 804 00b2 00BF     		.align	2
 805              	.L51:
 806 00b4 00380040 		.word	1073756160
 807 00b8 003C0040 		.word	1073757184
 808 00bc 00380240 		.word	1073887232
 809 00c0 00040240 		.word	1073873920
 810              		.cfi_endproc
 811              	.LFE135:
ARM GAS  D:\Temp\ccN1NVgH.s 			page 26


 813              		.section	.text.HAL_SPI_MspDeInit,"ax",%progbits
 814              		.align	1
 815              		.global	HAL_SPI_MspDeInit
 816              		.syntax unified
 817              		.thumb
 818              		.thumb_func
 819              		.fpu fpv4-sp-d16
 821              	HAL_SPI_MspDeInit:
 822              	.LVL36:
 823              	.LFB136:
 289:Src/stm32f4xx_hal_msp.c ****   if(hspi->Instance==SPI2)
 824              		.loc 1 289 1 is_stmt 1 view -0
 825              		.cfi_startproc
 826              		@ args = 0, pretend = 0, frame = 0
 827              		@ frame_needed = 0, uses_anonymous_args = 0
 289:Src/stm32f4xx_hal_msp.c ****   if(hspi->Instance==SPI2)
 828              		.loc 1 289 1 is_stmt 0 view .LVU195
 829 0000 08B5     		push	{r3, lr}
 830              	.LCFI20:
 831              		.cfi_def_cfa_offset 8
 832              		.cfi_offset 3, -8
 833              		.cfi_offset 14, -4
 290:Src/stm32f4xx_hal_msp.c ****   {
 834              		.loc 1 290 3 is_stmt 1 view .LVU196
 290:Src/stm32f4xx_hal_msp.c ****   {
 835              		.loc 1 290 10 is_stmt 0 view .LVU197
 836 0002 0368     		ldr	r3, [r0]
 290:Src/stm32f4xx_hal_msp.c ****   {
 837              		.loc 1 290 5 view .LVU198
 838 0004 0E4A     		ldr	r2, .L59
 839 0006 9342     		cmp	r3, r2
 840 0008 03D0     		beq	.L57
 309:Src/stm32f4xx_hal_msp.c ****   {
 841              		.loc 1 309 8 is_stmt 1 view .LVU199
 309:Src/stm32f4xx_hal_msp.c ****   {
 842              		.loc 1 309 10 is_stmt 0 view .LVU200
 843 000a 0E4A     		ldr	r2, .L59+4
 844 000c 9342     		cmp	r3, r2
 845 000e 0CD0     		beq	.L58
 846              	.LVL37:
 847              	.L53:
 329:Src/stm32f4xx_hal_msp.c **** 
 848              		.loc 1 329 1 view .LVU201
 849 0010 08BD     		pop	{r3, pc}
 850              	.LVL38:
 851              	.L57:
 296:Src/stm32f4xx_hal_msp.c ****   
 852              		.loc 1 296 5 is_stmt 1 view .LVU202
 853 0012 02F50032 		add	r2, r2, #131072
 854 0016 136C     		ldr	r3, [r2, #64]
 855 0018 23F48043 		bic	r3, r3, #16384
 856 001c 1364     		str	r3, [r2, #64]
 303:Src/stm32f4xx_hal_msp.c **** 
 857              		.loc 1 303 5 view .LVU203
 858 001e 4FF46041 		mov	r1, #57344
 859 0022 0948     		ldr	r0, .L59+8
 860              	.LVL39:
ARM GAS  D:\Temp\ccN1NVgH.s 			page 27


 303:Src/stm32f4xx_hal_msp.c **** 
 861              		.loc 1 303 5 is_stmt 0 view .LVU204
 862 0024 FFF7FEFF 		bl	HAL_GPIO_DeInit
 863              	.LVL40:
 864 0028 F2E7     		b	.L53
 865              	.LVL41:
 866              	.L58:
 315:Src/stm32f4xx_hal_msp.c ****   
 867              		.loc 1 315 5 is_stmt 1 view .LVU205
 868 002a 02F5FE32 		add	r2, r2, #130048
 869 002e 136C     		ldr	r3, [r2, #64]
 870 0030 23F40043 		bic	r3, r3, #32768
 871 0034 1364     		str	r3, [r2, #64]
 322:Src/stm32f4xx_hal_msp.c **** 
 872              		.loc 1 322 5 view .LVU206
 873 0036 3821     		movs	r1, #56
 874 0038 0348     		ldr	r0, .L59+8
 875              	.LVL42:
 322:Src/stm32f4xx_hal_msp.c **** 
 876              		.loc 1 322 5 is_stmt 0 view .LVU207
 877 003a FFF7FEFF 		bl	HAL_GPIO_DeInit
 878              	.LVL43:
 329:Src/stm32f4xx_hal_msp.c **** 
 879              		.loc 1 329 1 view .LVU208
 880 003e E7E7     		b	.L53
 881              	.L60:
 882              		.align	2
 883              	.L59:
 884 0040 00380040 		.word	1073756160
 885 0044 003C0040 		.word	1073757184
 886 0048 00040240 		.word	1073873920
 887              		.cfi_endproc
 888              	.LFE136:
 890              		.section	.text.HAL_SRAM_MspInit,"ax",%progbits
 891              		.align	1
 892              		.global	HAL_SRAM_MspInit
 893              		.syntax unified
 894              		.thumb
 895              		.thumb_func
 896              		.fpu fpv4-sp-d16
 898              	HAL_SRAM_MspInit:
 899              	.LVL44:
 900              	.LFB138:
 391:Src/stm32f4xx_hal_msp.c ****   /* USER CODE BEGIN SRAM_MspInit 0 */
 901              		.loc 1 391 49 is_stmt 1 view -0
 902              		.cfi_startproc
 903              		@ args = 0, pretend = 0, frame = 0
 904              		@ frame_needed = 0, uses_anonymous_args = 0
 391:Src/stm32f4xx_hal_msp.c ****   /* USER CODE BEGIN SRAM_MspInit 0 */
 905              		.loc 1 391 49 is_stmt 0 view .LVU210
 906 0000 08B5     		push	{r3, lr}
 907              	.LCFI21:
 908              		.cfi_def_cfa_offset 8
 909              		.cfi_offset 3, -8
 910              		.cfi_offset 14, -4
 395:Src/stm32f4xx_hal_msp.c ****   /* USER CODE BEGIN SRAM_MspInit 1 */
 911              		.loc 1 395 3 is_stmt 1 view .LVU211
ARM GAS  D:\Temp\ccN1NVgH.s 			page 28


 912 0002 FFF7FEFF 		bl	HAL_FSMC_MspInit
 913              	.LVL45:
 399:Src/stm32f4xx_hal_msp.c **** 
 914              		.loc 1 399 1 is_stmt 0 view .LVU212
 915 0006 08BD     		pop	{r3, pc}
 916              		.cfi_endproc
 917              	.LFE138:
 919              		.section	.text.HAL_SRAM_MspDeInit,"ax",%progbits
 920              		.align	1
 921              		.global	HAL_SRAM_MspDeInit
 922              		.syntax unified
 923              		.thumb
 924              		.thumb_func
 925              		.fpu fpv4-sp-d16
 927              	HAL_SRAM_MspDeInit:
 928              	.LVL46:
 929              	.LFB140:
 448:Src/stm32f4xx_hal_msp.c **** 
 449:Src/stm32f4xx_hal_msp.c **** void HAL_SRAM_MspDeInit(SRAM_HandleTypeDef* hsram){
 930              		.loc 1 449 51 is_stmt 1 view -0
 931              		.cfi_startproc
 932              		@ args = 0, pretend = 0, frame = 0
 933              		@ frame_needed = 0, uses_anonymous_args = 0
 934              		.loc 1 449 51 is_stmt 0 view .LVU214
 935 0000 08B5     		push	{r3, lr}
 936              	.LCFI22:
 937              		.cfi_def_cfa_offset 8
 938              		.cfi_offset 3, -8
 939              		.cfi_offset 14, -4
 450:Src/stm32f4xx_hal_msp.c ****   /* USER CODE BEGIN SRAM_MspDeInit 0 */
 451:Src/stm32f4xx_hal_msp.c **** 
 452:Src/stm32f4xx_hal_msp.c ****   /* USER CODE END SRAM_MspDeInit 0 */
 453:Src/stm32f4xx_hal_msp.c ****   HAL_FSMC_MspDeInit();
 940              		.loc 1 453 3 is_stmt 1 view .LVU215
 941 0002 FFF7FEFF 		bl	HAL_FSMC_MspDeInit
 942              	.LVL47:
 454:Src/stm32f4xx_hal_msp.c ****   /* USER CODE BEGIN SRAM_MspDeInit 1 */
 455:Src/stm32f4xx_hal_msp.c **** 
 456:Src/stm32f4xx_hal_msp.c ****   /* USER CODE END SRAM_MspDeInit 1 */
 457:Src/stm32f4xx_hal_msp.c **** }
 943              		.loc 1 457 1 is_stmt 0 view .LVU216
 944 0006 08BD     		pop	{r3, pc}
 945              		.cfi_endproc
 946              	.LFE140:
 948              		.section	.bss.FSMC_DeInitialized,"aw",%nobits
 949              		.align	2
 950              		.set	.LANCHOR1,. + 0
 953              	FSMC_DeInitialized:
 954 0000 00000000 		.space	4
 955              		.section	.bss.FSMC_Initialized,"aw",%nobits
 956              		.align	2
 957              		.set	.LANCHOR0,. + 0
 960              	FSMC_Initialized:
 961 0000 00000000 		.space	4
 962              		.text
 963              	.Letext0:
 964              		.file 2 "c:\\stm32\\gnu mcu eclipse\\arm embedded gcc\\8.2.1-1.4-20190214-0604\\arm-none-eabi\\inc
ARM GAS  D:\Temp\ccN1NVgH.s 			page 29


 965              		.file 3 "c:\\stm32\\gnu mcu eclipse\\arm embedded gcc\\8.2.1-1.4-20190214-0604\\arm-none-eabi\\inc
 966              		.file 4 "Drivers/CMSIS/Include/core_cm4.h"
 967              		.file 5 "Drivers/CMSIS/Device/ST/STM32F4xx/Include/system_stm32f4xx.h"
 968              		.file 6 "Drivers/CMSIS/Device/ST/STM32F4xx/Include/stm32f407xx.h"
 969              		.file 7 "Drivers/STM32F4xx_HAL_Driver/Inc/stm32f4xx_hal_def.h"
 970              		.file 8 "Drivers/STM32F4xx_HAL_Driver/Inc/stm32f4xx_hal_gpio.h"
 971              		.file 9 "Drivers/STM32F4xx_HAL_Driver/Inc/stm32f4xx_hal_dma.h"
 972              		.file 10 "Drivers/STM32F4xx_HAL_Driver/Inc/stm32f4xx_ll_fsmc.h"
 973              		.file 11 "Drivers/STM32F4xx_HAL_Driver/Inc/stm32f4xx_hal_sram.h"
 974              		.file 12 "Drivers/STM32F4xx_HAL_Driver/Inc/stm32f4xx_hal_rng.h"
 975              		.file 13 "Drivers/STM32F4xx_HAL_Driver/Inc/stm32f4xx_ll_sdmmc.h"
 976              		.file 14 "Drivers/STM32F4xx_HAL_Driver/Inc/stm32f4xx_hal_sd.h"
 977              		.file 15 "Drivers/STM32F4xx_HAL_Driver/Inc/stm32f4xx_hal_spi.h"
 978              		.file 16 "Drivers/STM32F4xx_HAL_Driver/Inc/stm32f4xx_hal.h"
 979              		.file 17 "Drivers/STM32F4xx_HAL_Driver/Inc/stm32f4xx_hal_cortex.h"
ARM GAS  D:\Temp\ccN1NVgH.s 			page 30


DEFINED SYMBOLS
                            *ABS*:0000000000000000 stm32f4xx_hal_msp.c
  D:\Temp\ccN1NVgH.s:18     .text.HAL_FSMC_MspInit:0000000000000000 $t
  D:\Temp\ccN1NVgH.s:25     .text.HAL_FSMC_MspInit:0000000000000000 HAL_FSMC_MspInit
  D:\Temp\ccN1NVgH.s:137    .text.HAL_FSMC_MspInit:000000000000006c $d
  D:\Temp\ccN1NVgH.s:145    .text.HAL_FSMC_MspDeInit:0000000000000000 $t
  D:\Temp\ccN1NVgH.s:151    .text.HAL_FSMC_MspDeInit:0000000000000000 HAL_FSMC_MspDeInit
  D:\Temp\ccN1NVgH.s:196    .text.HAL_FSMC_MspDeInit:0000000000000030 $d
  D:\Temp\ccN1NVgH.s:204    .text.HAL_MspInit:0000000000000000 $t
  D:\Temp\ccN1NVgH.s:211    .text.HAL_MspInit:0000000000000000 HAL_MspInit
  D:\Temp\ccN1NVgH.s:262    .text.HAL_MspInit:0000000000000034 $d
  D:\Temp\ccN1NVgH.s:267    .text.HAL_RNG_MspInit:0000000000000000 $t
  D:\Temp\ccN1NVgH.s:274    .text.HAL_RNG_MspInit:0000000000000000 HAL_RNG_MspInit
  D:\Temp\ccN1NVgH.s:335    .text.HAL_RNG_MspInit:000000000000003c $d
  D:\Temp\ccN1NVgH.s:341    .text.HAL_RNG_MspDeInit:0000000000000000 $t
  D:\Temp\ccN1NVgH.s:348    .text.HAL_RNG_MspDeInit:0000000000000000 HAL_RNG_MspDeInit
  D:\Temp\ccN1NVgH.s:390    .text.HAL_RNG_MspDeInit:0000000000000020 $d
  D:\Temp\ccN1NVgH.s:396    .text.HAL_SD_MspInit:0000000000000000 $t
  D:\Temp\ccN1NVgH.s:403    .text.HAL_SD_MspInit:0000000000000000 HAL_SD_MspInit
  D:\Temp\ccN1NVgH.s:557    .text.HAL_SD_MspInit:00000000000000a4 $d
  D:\Temp\ccN1NVgH.s:564    .text.HAL_SD_MspDeInit:0000000000000000 $t
  D:\Temp\ccN1NVgH.s:571    .text.HAL_SD_MspDeInit:0000000000000000 HAL_SD_MspDeInit
  D:\Temp\ccN1NVgH.s:623    .text.HAL_SD_MspDeInit:0000000000000030 $d
  D:\Temp\ccN1NVgH.s:631    .text.HAL_SPI_MspInit:0000000000000000 $t
  D:\Temp\ccN1NVgH.s:638    .text.HAL_SPI_MspInit:0000000000000000 HAL_SPI_MspInit
  D:\Temp\ccN1NVgH.s:806    .text.HAL_SPI_MspInit:00000000000000b4 $d
  D:\Temp\ccN1NVgH.s:814    .text.HAL_SPI_MspDeInit:0000000000000000 $t
  D:\Temp\ccN1NVgH.s:821    .text.HAL_SPI_MspDeInit:0000000000000000 HAL_SPI_MspDeInit
  D:\Temp\ccN1NVgH.s:884    .text.HAL_SPI_MspDeInit:0000000000000040 $d
  D:\Temp\ccN1NVgH.s:891    .text.HAL_SRAM_MspInit:0000000000000000 $t
  D:\Temp\ccN1NVgH.s:898    .text.HAL_SRAM_MspInit:0000000000000000 HAL_SRAM_MspInit
  D:\Temp\ccN1NVgH.s:920    .text.HAL_SRAM_MspDeInit:0000000000000000 $t
  D:\Temp\ccN1NVgH.s:927    .text.HAL_SRAM_MspDeInit:0000000000000000 HAL_SRAM_MspDeInit
  D:\Temp\ccN1NVgH.s:949    .bss.FSMC_DeInitialized:0000000000000000 $d
  D:\Temp\ccN1NVgH.s:953    .bss.FSMC_DeInitialized:0000000000000000 FSMC_DeInitialized
  D:\Temp\ccN1NVgH.s:956    .bss.FSMC_Initialized:0000000000000000 $d
  D:\Temp\ccN1NVgH.s:960    .bss.FSMC_Initialized:0000000000000000 FSMC_Initialized

UNDEFINED SYMBOLS
HAL_GPIO_Init
HAL_GPIO_DeInit
HAL_NVIC_SetPriority
HAL_NVIC_EnableIRQ
HAL_NVIC_DisableIRQ
